[35m[1mConsolidate compiler generated dependencies of target fibonacci_server[0m
[35m[1mConsolidate compiler generated dependencies of target fibonacci_client[0m
[ 50%] Built target fibonacci_server
[100%] Built target fibonacci_client
-- Install configuration: ""
-- Up-to-date: /home/thien/Documents/IE_ROS/Project_6/install/fun_numbers/lib/fun_numbers/fibonacci_server
-- Up-to-date: /home/thien/Documents/IE_ROS/Project_6/install/fun_numbers/lib/fun_numbers/fibonacci_client
-- Up-to-date: /home/thien/Documents/IE_ROS/Project_6/install/fun_numbers/share/fun_numbers//launch
-- Installing: /home/thien/Documents/IE_ROS/Project_6/install/fun_numbers/share/fun_numbers//launch/action_test.py
-- Up-to-date: /home/thien/Documents/IE_ROS/Project_6/install/fun_numbers/share/ament_index/resource_index/package_run_dependencies/fun_numbers
-- Up-to-date: /home/thien/Documents/IE_ROS/Project_6/install/fun_numbers/share/ament_index/resource_index/parent_prefix_path/fun_numbers
-- Up-to-date: /home/thien/Documents/IE_ROS/Project_6/install/fun_numbers/share/fun_numbers/environment/ament_prefix_path.sh
-- Up-to-date: /home/thien/Documents/IE_ROS/Project_6/install/fun_numbers/share/fun_numbers/environment/ament_prefix_path.dsv
-- Up-to-date: /home/thien/Documents/IE_ROS/Project_6/install/fun_numbers/share/fun_numbers/environment/path.sh
-- Up-to-date: /home/thien/Documents/IE_ROS/Project_6/install/fun_numbers/share/fun_numbers/environment/path.dsv
-- Up-to-date: /home/thien/Documents/IE_ROS/Project_6/install/fun_numbers/share/fun_numbers/local_setup.bash
-- Up-to-date: /home/thien/Documents/IE_ROS/Project_6/install/fun_numbers/share/fun_numbers/local_setup.sh
-- Up-to-date: /home/thien/Documents/IE_ROS/Project_6/install/fun_numbers/share/fun_numbers/local_setup.zsh
-- Up-to-date: /home/thien/Documents/IE_ROS/Project_6/install/fun_numbers/share/fun_numbers/local_setup.dsv
-- Installing: /home/thien/Documents/IE_ROS/Project_6/install/fun_numbers/share/fun_numbers/package.dsv
-- Up-to-date: /home/thien/Documents/IE_ROS/Project_6/install/fun_numbers/share/ament_index/resource_index/packages/fun_numbers
-- Up-to-date: /home/thien/Documents/IE_ROS/Project_6/install/fun_numbers/share/fun_numbers/cmake/fun_numbersConfig.cmake
-- Up-to-date: /home/thien/Documents/IE_ROS/Project_6/install/fun_numbers/share/fun_numbers/cmake/fun_numbersConfig-version.cmake
-- Up-to-date: /home/thien/Documents/IE_ROS/Project_6/install/fun_numbers/share/fun_numbers/package.xml
