[0.225s] DEBUG:colcon:Command line arguments: ['/usr/bin/colcon', 'build', '--packages-select', 'fun_numbers', 'number_actions']
[0.225s] DEBUG:colcon:Parsed command line arguments: Namespace(log_base=None, log_level=None, verb_name='build', build_base='build', install_base='install', merge_install=False, symlink_install=False, test_result_base=None, continue_on_error=False, executor='parallel', parallel_workers=8, event_handlers=None, ignore_user_meta=False, metas=['./colcon.meta'], base_paths=['.'], packages_ignore=None, packages_ignore_regex=None, paths=None, packages_up_to=None, packages_up_to_regex=None, packages_above=None, packages_above_and_dependencies=None, packages_above_depth=None, packages_select_by_dep=None, packages_skip_by_dep=None, packages_skip_up_to=None, packages_select_build_failed=False, packages_skip_build_finished=False, packages_select_test_failures=False, packages_skip_test_passed=False, packages_select=['fun_numbers', 'number_actions'], packages_skip=None, packages_select_regex=None, packages_skip_regex=None, packages_start=None, packages_end=None, allow_overriding=[], cmake_args=None, cmake_target=None, cmake_target_skip_unavailable=False, cmake_clean_cache=False, cmake_clean_first=False, cmake_force_configure=False, ament_cmake_args=None, catkin_cmake_args=None, catkin_skip_building_tests=False, mixin_files=None, mixin=None, verb_parser=<colcon_mixin.mixin.mixin_argument.MixinArgumentDecorator object at 0x749f19030460>, verb_extension=<colcon_core.verb.build.BuildVerb object at 0x749f19003a00>, main=<bound method BuildVerb.main of <colcon_core.verb.build.BuildVerb object at 0x749f19003a00>>, mixin_verb=('build',))
[0.669s] Level 1:colcon.colcon_core.package_discovery:discover_packages(colcon_meta) check parameters
[0.669s] Level 1:colcon.colcon_core.package_discovery:discover_packages(recursive) check parameters
[0.670s] Level 1:colcon.colcon_core.package_discovery:discover_packages(ignore) check parameters
[0.670s] Level 1:colcon.colcon_core.package_discovery:discover_packages(path) check parameters
[0.670s] Level 1:colcon.colcon_core.package_discovery:discover_packages(colcon_meta) discover
[0.670s] Level 1:colcon.colcon_core.package_discovery:discover_packages(recursive) discover
[0.670s] INFO:colcon.colcon_core.package_discovery:Crawling recursively for packages in '/home/thien/Documents/IE_ROS/Project_6'
[0.670s] Level 1:colcon.colcon_core.package_identification:_identify(.) by extensions ['ignore', 'ignore_ament_install']
[0.670s] Level 1:colcon.colcon_core.package_identification:_identify(.) by extension 'ignore'
[0.671s] Level 1:colcon.colcon_core.package_identification:_identify(.) by extension 'ignore_ament_install'
[0.671s] Level 1:colcon.colcon_core.package_identification:_identify(.) by extensions ['colcon_pkg']
[0.671s] Level 1:colcon.colcon_core.package_identification:_identify(.) by extension 'colcon_pkg'
[0.671s] Level 1:colcon.colcon_core.package_identification:_identify(.) by extensions ['colcon_meta']
[0.671s] Level 1:colcon.colcon_core.package_identification:_identify(.) by extension 'colcon_meta'
[0.671s] Level 1:colcon.colcon_core.package_identification:_identify(.) by extensions ['ros']
[0.671s] Level 1:colcon.colcon_core.package_identification:_identify(.) by extension 'ros'
[0.738s] Level 1:colcon.colcon_core.package_identification:_identify(.) by extensions ['cmake', 'python']
[0.738s] Level 1:colcon.colcon_core.package_identification:_identify(.) by extension 'cmake'
[0.738s] Level 1:colcon.colcon_core.package_identification:_identify(.) by extension 'python'
[0.738s] Level 1:colcon.colcon_core.package_identification:_identify(.) by extensions ['python_setup_py']
[0.738s] Level 1:colcon.colcon_core.package_identification:_identify(.) by extension 'python_setup_py'
[0.739s] Level 1:colcon.colcon_core.package_identification:_identify(build) by extensions ['ignore', 'ignore_ament_install']
[0.739s] Level 1:colcon.colcon_core.package_identification:_identify(build) by extension 'ignore'
[0.739s] Level 1:colcon.colcon_core.package_identification:_identify(build) ignored
[0.739s] Level 1:colcon.colcon_core.package_identification:_identify(install) by extensions ['ignore', 'ignore_ament_install']
[0.739s] Level 1:colcon.colcon_core.package_identification:_identify(install) by extension 'ignore'
[0.739s] Level 1:colcon.colcon_core.package_identification:_identify(install) ignored
[0.740s] Level 1:colcon.colcon_core.package_identification:_identify(log) by extensions ['ignore', 'ignore_ament_install']
[0.740s] Level 1:colcon.colcon_core.package_identification:_identify(log) by extension 'ignore'
[0.740s] Level 1:colcon.colcon_core.package_identification:_identify(log) ignored
[0.740s] Level 1:colcon.colcon_core.package_identification:_identify(src) by extensions ['ignore', 'ignore_ament_install']
[0.740s] Level 1:colcon.colcon_core.package_identification:_identify(src) by extension 'ignore'
[0.740s] Level 1:colcon.colcon_core.package_identification:_identify(src) by extension 'ignore_ament_install'
[0.740s] Level 1:colcon.colcon_core.package_identification:_identify(src) by extensions ['colcon_pkg']
[0.740s] Level 1:colcon.colcon_core.package_identification:_identify(src) by extension 'colcon_pkg'
[0.740s] Level 1:colcon.colcon_core.package_identification:_identify(src) by extensions ['colcon_meta']
[0.741s] Level 1:colcon.colcon_core.package_identification:_identify(src) by extension 'colcon_meta'
[0.741s] Level 1:colcon.colcon_core.package_identification:_identify(src) by extensions ['ros']
[0.741s] Level 1:colcon.colcon_core.package_identification:_identify(src) by extension 'ros'
[0.741s] Level 1:colcon.colcon_core.package_identification:_identify(src) by extensions ['cmake', 'python']
[0.741s] Level 1:colcon.colcon_core.package_identification:_identify(src) by extension 'cmake'
[0.741s] Level 1:colcon.colcon_core.package_identification:_identify(src) by extension 'python'
[0.741s] Level 1:colcon.colcon_core.package_identification:_identify(src) by extensions ['python_setup_py']
[0.741s] Level 1:colcon.colcon_core.package_identification:_identify(src) by extension 'python_setup_py'
[0.741s] Level 1:colcon.colcon_core.package_identification:_identify(src/fun_numbers) by extensions ['ignore', 'ignore_ament_install']
[0.741s] Level 1:colcon.colcon_core.package_identification:_identify(src/fun_numbers) by extension 'ignore'
[0.741s] Level 1:colcon.colcon_core.package_identification:_identify(src/fun_numbers) by extension 'ignore_ament_install'
[0.742s] Level 1:colcon.colcon_core.package_identification:_identify(src/fun_numbers) by extensions ['colcon_pkg']
[0.742s] Level 1:colcon.colcon_core.package_identification:_identify(src/fun_numbers) by extension 'colcon_pkg'
[0.742s] Level 1:colcon.colcon_core.package_identification:_identify(src/fun_numbers) by extensions ['colcon_meta']
[0.742s] Level 1:colcon.colcon_core.package_identification:_identify(src/fun_numbers) by extension 'colcon_meta'
[0.742s] Level 1:colcon.colcon_core.package_identification:_identify(src/fun_numbers) by extensions ['ros']
[0.742s] Level 1:colcon.colcon_core.package_identification:_identify(src/fun_numbers) by extension 'ros'
[0.748s] DEBUG:colcon.colcon_core.package_identification:Package 'src/fun_numbers' with type 'ros.ament_cmake' and name 'fun_numbers'
[0.748s] Level 1:colcon.colcon_core.package_identification:_identify(src/number_actions) by extensions ['ignore', 'ignore_ament_install']
[0.748s] Level 1:colcon.colcon_core.package_identification:_identify(src/number_actions) by extension 'ignore'
[0.748s] Level 1:colcon.colcon_core.package_identification:_identify(src/number_actions) by extension 'ignore_ament_install'
[0.748s] Level 1:colcon.colcon_core.package_identification:_identify(src/number_actions) by extensions ['colcon_pkg']
[0.749s] Level 1:colcon.colcon_core.package_identification:_identify(src/number_actions) by extension 'colcon_pkg'
[0.749s] Level 1:colcon.colcon_core.package_identification:_identify(src/number_actions) by extensions ['colcon_meta']
[0.749s] Level 1:colcon.colcon_core.package_identification:_identify(src/number_actions) by extension 'colcon_meta'
[0.749s] Level 1:colcon.colcon_core.package_identification:_identify(src/number_actions) by extensions ['ros']
[0.749s] Level 1:colcon.colcon_core.package_identification:_identify(src/number_actions) by extension 'ros'
[0.751s] DEBUG:colcon.colcon_core.package_identification:Package 'src/number_actions' with type 'ros.ament_cmake' and name 'number_actions'
[0.751s] Level 1:colcon.colcon_core.package_discovery:discover_packages(recursive) using defaults
[0.751s] Level 1:colcon.colcon_core.package_discovery:discover_packages(ignore) discover
[0.751s] Level 1:colcon.colcon_core.package_discovery:discover_packages(ignore) using defaults
[0.751s] Level 1:colcon.colcon_core.package_discovery:discover_packages(path) discover
[0.751s] Level 1:colcon.colcon_core.package_discovery:discover_packages(path) using defaults
[0.792s] Level 1:colcon.colcon_core.package_discovery:discover_packages(prefix_path) check parameters
[0.792s] Level 1:colcon.colcon_core.package_discovery:discover_packages(prefix_path) discover
[0.797s] DEBUG:colcon.colcon_installed_package_information.package_discovery:Found 2 installed packages in /home/thien/Documents/IE_ROS/Project_6/install
[0.800s] DEBUG:colcon.colcon_installed_package_information.package_discovery:Found 363 installed packages in /opt/ros/humble
[0.806s] Level 1:colcon.colcon_core.package_discovery:discover_packages(prefix_path) using defaults
[0.906s] Level 5:colcon.colcon_core.verb:set package 'number_actions' build argument 'cmake_args' from command line to 'None'
[0.906s] Level 5:colcon.colcon_core.verb:set package 'number_actions' build argument 'cmake_target' from command line to 'None'
[0.906s] Level 5:colcon.colcon_core.verb:set package 'number_actions' build argument 'cmake_target_skip_unavailable' from command line to 'False'
[0.906s] Level 5:colcon.colcon_core.verb:set package 'number_actions' build argument 'cmake_clean_cache' from command line to 'False'
[0.906s] Level 5:colcon.colcon_core.verb:set package 'number_actions' build argument 'cmake_clean_first' from command line to 'False'
[0.906s] Level 5:colcon.colcon_core.verb:set package 'number_actions' build argument 'cmake_force_configure' from command line to 'False'
[0.906s] Level 5:colcon.colcon_core.verb:set package 'number_actions' build argument 'ament_cmake_args' from command line to 'None'
[0.906s] Level 5:colcon.colcon_core.verb:set package 'number_actions' build argument 'catkin_cmake_args' from command line to 'None'
[0.906s] Level 5:colcon.colcon_core.verb:set package 'number_actions' build argument 'catkin_skip_building_tests' from command line to 'False'
[0.906s] DEBUG:colcon.colcon_core.verb:Building package 'number_actions' with the following arguments: {'ament_cmake_args': None, 'build_base': '/home/thien/Documents/IE_ROS/Project_6/build/number_actions', 'catkin_cmake_args': None, 'catkin_skip_building_tests': False, 'cmake_args': None, 'cmake_clean_cache': False, 'cmake_clean_first': False, 'cmake_force_configure': False, 'cmake_target': None, 'cmake_target_skip_unavailable': False, 'install_base': '/home/thien/Documents/IE_ROS/Project_6/install/number_actions', 'merge_install': False, 'path': '/home/thien/Documents/IE_ROS/Project_6/src/number_actions', 'symlink_install': False, 'test_result_base': None}
[0.908s] Level 5:colcon.colcon_core.verb:set package 'fun_numbers' build argument 'cmake_args' from command line to 'None'
[0.908s] Level 5:colcon.colcon_core.verb:set package 'fun_numbers' build argument 'cmake_target' from command line to 'None'
[0.908s] Level 5:colcon.colcon_core.verb:set package 'fun_numbers' build argument 'cmake_target_skip_unavailable' from command line to 'False'
[0.908s] Level 5:colcon.colcon_core.verb:set package 'fun_numbers' build argument 'cmake_clean_cache' from command line to 'False'
[0.908s] Level 5:colcon.colcon_core.verb:set package 'fun_numbers' build argument 'cmake_clean_first' from command line to 'False'
[0.908s] Level 5:colcon.colcon_core.verb:set package 'fun_numbers' build argument 'cmake_force_configure' from command line to 'False'
[0.908s] Level 5:colcon.colcon_core.verb:set package 'fun_numbers' build argument 'ament_cmake_args' from command line to 'None'
[0.908s] Level 5:colcon.colcon_core.verb:set package 'fun_numbers' build argument 'catkin_cmake_args' from command line to 'None'
[0.908s] Level 5:colcon.colcon_core.verb:set package 'fun_numbers' build argument 'catkin_skip_building_tests' from command line to 'False'
[0.908s] DEBUG:colcon.colcon_core.verb:Building package 'fun_numbers' with the following arguments: {'ament_cmake_args': None, 'build_base': '/home/thien/Documents/IE_ROS/Project_6/build/fun_numbers', 'catkin_cmake_args': None, 'catkin_skip_building_tests': False, 'cmake_args': None, 'cmake_clean_cache': False, 'cmake_clean_first': False, 'cmake_force_configure': False, 'cmake_target': None, 'cmake_target_skip_unavailable': False, 'install_base': '/home/thien/Documents/IE_ROS/Project_6/install/fun_numbers', 'merge_install': False, 'path': '/home/thien/Documents/IE_ROS/Project_6/src/fun_numbers', 'symlink_install': False, 'test_result_base': None}
[0.909s] INFO:colcon.colcon_core.executor:Executing jobs using 'parallel' executor
[0.912s] DEBUG:colcon.colcon_parallel_executor.executor.parallel:run_until_complete
[0.913s] INFO:colcon.colcon_ros.task.ament_cmake.build:Building ROS package in '/home/thien/Documents/IE_ROS/Project_6/src/number_actions' with build type 'ament_cmake'
[0.914s] INFO:colcon.colcon_cmake.task.cmake.build:Building CMake package in '/home/thien/Documents/IE_ROS/Project_6/src/number_actions'
[0.920s] INFO:colcon.colcon_core.plugin_system:Skipping extension 'colcon_core.shell.bat': Not used on non-Windows systems
[0.921s] INFO:colcon.colcon_core.shell:Skip shell extension 'powershell' for command environment: Not usable outside of PowerShell
[0.921s] DEBUG:colcon.colcon_core.shell:Skip shell extension 'dsv' for command environment
[0.949s] DEBUG:colcon.colcon_core.event_handler.log_command:Invoking command in '/home/thien/Documents/IE_ROS/Project_6/build/number_actions': CMAKE_PREFIX_PATH=${CMAKE_PREFIX_PATH}:/opt/ros/humble /usr/bin/cmake --build /home/thien/Documents/IE_ROS/Project_6/build/number_actions -- -j8 -l8
[1.276s] DEBUG:colcon.colcon_core.event_handler.log_command:Invoked command in '/home/thien/Documents/IE_ROS/Project_6/build/number_actions' returned '0': CMAKE_PREFIX_PATH=${CMAKE_PREFIX_PATH}:/opt/ros/humble /usr/bin/cmake --build /home/thien/Documents/IE_ROS/Project_6/build/number_actions -- -j8 -l8
[1.432s] DEBUG:colcon.colcon_core.event_handler.log_command:Invoking command in '/home/thien/Documents/IE_ROS/Project_6/build/number_actions': CMAKE_PREFIX_PATH=${CMAKE_PREFIX_PATH}:/opt/ros/humble /usr/bin/cmake --install /home/thien/Documents/IE_ROS/Project_6/build/number_actions
[1.472s] Level 1:colcon.colcon_core.environment:create_environment_scripts_only(number_actions)
[1.476s] DEBUG:colcon.colcon_core.event_handler.log_command:Invoked command in '/home/thien/Documents/IE_ROS/Project_6/build/number_actions' returned '0': CMAKE_PREFIX_PATH=${CMAKE_PREFIX_PATH}:/opt/ros/humble /usr/bin/cmake --install /home/thien/Documents/IE_ROS/Project_6/build/number_actions
[1.479s] Level 1:colcon.colcon_core.environment:checking '/home/thien/Documents/IE_ROS/Project_6/install/number_actions' for CMake module files
[1.480s] Level 1:colcon.colcon_core.environment:checking '/home/thien/Documents/IE_ROS/Project_6/install/number_actions' for CMake config files
[1.480s] Level 1:colcon.colcon_core.shell:create_environment_hook('number_actions', 'cmake_prefix_path')
[1.481s] INFO:colcon.colcon_core.shell:Creating environment hook '/home/thien/Documents/IE_ROS/Project_6/install/number_actions/share/number_actions/hook/cmake_prefix_path.ps1'
[1.482s] INFO:colcon.colcon_core.shell:Creating environment descriptor '/home/thien/Documents/IE_ROS/Project_6/install/number_actions/share/number_actions/hook/cmake_prefix_path.dsv'
[1.484s] INFO:colcon.colcon_core.shell:Creating environment hook '/home/thien/Documents/IE_ROS/Project_6/install/number_actions/share/number_actions/hook/cmake_prefix_path.sh'
[1.486s] Level 1:colcon.colcon_core.environment:checking '/home/thien/Documents/IE_ROS/Project_6/install/number_actions/lib'
[1.486s] Level 1:colcon.colcon_core.shell:create_environment_hook('number_actions', 'ld_library_path_lib')
[1.487s] INFO:colcon.colcon_core.shell:Creating environment hook '/home/thien/Documents/IE_ROS/Project_6/install/number_actions/share/number_actions/hook/ld_library_path_lib.ps1'
[1.488s] INFO:colcon.colcon_core.shell:Creating environment descriptor '/home/thien/Documents/IE_ROS/Project_6/install/number_actions/share/number_actions/hook/ld_library_path_lib.dsv'
[1.488s] INFO:colcon.colcon_core.shell:Creating environment hook '/home/thien/Documents/IE_ROS/Project_6/install/number_actions/share/number_actions/hook/ld_library_path_lib.sh'
[1.489s] Level 1:colcon.colcon_core.environment:checking '/home/thien/Documents/IE_ROS/Project_6/install/number_actions/bin'
[1.489s] Level 1:colcon.colcon_core.environment:checking '/home/thien/Documents/IE_ROS/Project_6/install/number_actions/lib/pkgconfig/number_actions.pc'
[1.489s] Level 1:colcon.colcon_core.environment:checking '/home/thien/Documents/IE_ROS/Project_6/install/number_actions/lib/python3.10/site-packages'
[1.490s] Level 1:colcon.colcon_core.environment:checking '/home/thien/Documents/IE_ROS/Project_6/install/number_actions/bin'
[1.490s] INFO:colcon.colcon_core.shell:Creating package script '/home/thien/Documents/IE_ROS/Project_6/install/number_actions/share/number_actions/package.ps1'
[1.492s] INFO:colcon.colcon_core.shell:Creating package descriptor '/home/thien/Documents/IE_ROS/Project_6/install/number_actions/share/number_actions/package.dsv'
[1.493s] INFO:colcon.colcon_core.shell:Creating package script '/home/thien/Documents/IE_ROS/Project_6/install/number_actions/share/number_actions/package.sh'
[1.494s] INFO:colcon.colcon_core.shell:Creating package script '/home/thien/Documents/IE_ROS/Project_6/install/number_actions/share/number_actions/package.bash'
[1.496s] INFO:colcon.colcon_core.shell:Creating package script '/home/thien/Documents/IE_ROS/Project_6/install/number_actions/share/number_actions/package.zsh'
[1.497s] Level 1:colcon.colcon_core.environment:create_file_with_runtime_dependencies(/home/thien/Documents/IE_ROS/Project_6/install/number_actions/share/colcon-core/packages/number_actions)
[1.617s] Level 1:colcon.colcon_core.environment:create_environment_scripts_only(number_actions)
[1.618s] Level 1:colcon.colcon_core.environment:checking '/home/thien/Documents/IE_ROS/Project_6/install/number_actions' for CMake module files
[1.619s] Level 1:colcon.colcon_core.environment:checking '/home/thien/Documents/IE_ROS/Project_6/install/number_actions' for CMake config files
[1.620s] Level 1:colcon.colcon_core.shell:create_environment_hook('number_actions', 'cmake_prefix_path')
[1.620s] INFO:colcon.colcon_core.shell:Creating environment hook '/home/thien/Documents/IE_ROS/Project_6/install/number_actions/share/number_actions/hook/cmake_prefix_path.ps1'
[1.621s] INFO:colcon.colcon_core.shell:Creating environment descriptor '/home/thien/Documents/IE_ROS/Project_6/install/number_actions/share/number_actions/hook/cmake_prefix_path.dsv'
[1.622s] INFO:colcon.colcon_core.shell:Creating environment hook '/home/thien/Documents/IE_ROS/Project_6/install/number_actions/share/number_actions/hook/cmake_prefix_path.sh'
[1.623s] Level 1:colcon.colcon_core.environment:checking '/home/thien/Documents/IE_ROS/Project_6/install/number_actions/lib'
[1.623s] Level 1:colcon.colcon_core.shell:create_environment_hook('number_actions', 'ld_library_path_lib')
[1.624s] INFO:colcon.colcon_core.shell:Creating environment hook '/home/thien/Documents/IE_ROS/Project_6/install/number_actions/share/number_actions/hook/ld_library_path_lib.ps1'
[1.625s] INFO:colcon.colcon_core.shell:Creating environment descriptor '/home/thien/Documents/IE_ROS/Project_6/install/number_actions/share/number_actions/hook/ld_library_path_lib.dsv'
[1.626s] INFO:colcon.colcon_core.shell:Creating environment hook '/home/thien/Documents/IE_ROS/Project_6/install/number_actions/share/number_actions/hook/ld_library_path_lib.sh'
[1.626s] Level 1:colcon.colcon_core.environment:checking '/home/thien/Documents/IE_ROS/Project_6/install/number_actions/bin'
[1.627s] Level 1:colcon.colcon_core.environment:checking '/home/thien/Documents/IE_ROS/Project_6/install/number_actions/lib/pkgconfig/number_actions.pc'
[1.627s] Level 1:colcon.colcon_core.environment:checking '/home/thien/Documents/IE_ROS/Project_6/install/number_actions/lib/python3.10/site-packages'
[1.627s] Level 1:colcon.colcon_core.environment:checking '/home/thien/Documents/IE_ROS/Project_6/install/number_actions/bin'
[1.628s] INFO:colcon.colcon_core.shell:Creating package script '/home/thien/Documents/IE_ROS/Project_6/install/number_actions/share/number_actions/package.ps1'
[1.629s] INFO:colcon.colcon_core.shell:Creating package descriptor '/home/thien/Documents/IE_ROS/Project_6/install/number_actions/share/number_actions/package.dsv'
[1.631s] INFO:colcon.colcon_core.shell:Creating package script '/home/thien/Documents/IE_ROS/Project_6/install/number_actions/share/number_actions/package.sh'
[1.633s] INFO:colcon.colcon_core.shell:Creating package script '/home/thien/Documents/IE_ROS/Project_6/install/number_actions/share/number_actions/package.bash'
[1.634s] INFO:colcon.colcon_core.shell:Creating package script '/home/thien/Documents/IE_ROS/Project_6/install/number_actions/share/number_actions/package.zsh'
[1.636s] Level 1:colcon.colcon_core.environment:create_file_with_runtime_dependencies(/home/thien/Documents/IE_ROS/Project_6/install/number_actions/share/colcon-core/packages/number_actions)
[1.637s] INFO:colcon.colcon_ros.task.ament_cmake.build:Building ROS package in '/home/thien/Documents/IE_ROS/Project_6/src/fun_numbers' with build type 'ament_cmake'
[1.637s] INFO:colcon.colcon_cmake.task.cmake.build:Building CMake package in '/home/thien/Documents/IE_ROS/Project_6/src/fun_numbers'
[1.638s] INFO:colcon.colcon_core.shell:Skip shell extension 'powershell' for command environment: Not usable outside of PowerShell
[1.638s] DEBUG:colcon.colcon_core.shell:Skip shell extension 'dsv' for command environment
[1.666s] DEBUG:colcon.colcon_core.event_handler.log_command:Invoking command in '/home/thien/Documents/IE_ROS/Project_6/build/fun_numbers': CMAKE_PREFIX_PATH=/home/thien/Documents/IE_ROS/Project_6/install/number_actions:/home/thien/Documents/IE_ROS/Project_6/install/fun_numbers:/opt/ros/humble /usr/bin/cmake --build /home/thien/Documents/IE_ROS/Project_6/build/fun_numbers -- -j8 -l8
[2.765s] DEBUG:colcon.colcon_core.event_handler.log_command:Invoked command in '/home/thien/Documents/IE_ROS/Project_6/build/fun_numbers' returned '2': CMAKE_PREFIX_PATH=/home/thien/Documents/IE_ROS/Project_6/install/number_actions:/home/thien/Documents/IE_ROS/Project_6/install/fun_numbers:/opt/ros/humble /usr/bin/cmake --build /home/thien/Documents/IE_ROS/Project_6/build/fun_numbers -- -j8 -l8
[2.830s] Level 1:colcon.colcon_core.environment:create_environment_scripts_only(fun_numbers)
[2.830s] Level 1:colcon.colcon_core.environment:checking '/home/thien/Documents/IE_ROS/Project_6/install/fun_numbers' for CMake module files
[2.832s] Level 1:colcon.colcon_core.environment:checking '/home/thien/Documents/IE_ROS/Project_6/install/fun_numbers' for CMake config files
[2.832s] Level 1:colcon.colcon_core.shell:create_environment_hook('fun_numbers', 'cmake_prefix_path')
[2.833s] INFO:colcon.colcon_core.shell:Creating environment hook '/home/thien/Documents/IE_ROS/Project_6/install/fun_numbers/share/fun_numbers/hook/cmake_prefix_path.ps1'
[2.834s] INFO:colcon.colcon_core.shell:Creating environment descriptor '/home/thien/Documents/IE_ROS/Project_6/install/fun_numbers/share/fun_numbers/hook/cmake_prefix_path.dsv'
[2.835s] INFO:colcon.colcon_core.shell:Creating environment hook '/home/thien/Documents/IE_ROS/Project_6/install/fun_numbers/share/fun_numbers/hook/cmake_prefix_path.sh'
[2.837s] Level 1:colcon.colcon_core.environment:checking '/home/thien/Documents/IE_ROS/Project_6/install/fun_numbers/lib'
[2.838s] Level 1:colcon.colcon_core.environment:checking '/home/thien/Documents/IE_ROS/Project_6/install/fun_numbers/bin'
[2.838s] Level 1:colcon.colcon_core.environment:checking '/home/thien/Documents/IE_ROS/Project_6/install/fun_numbers/lib/pkgconfig/fun_numbers.pc'
[2.838s] Level 1:colcon.colcon_core.environment:checking '/home/thien/Documents/IE_ROS/Project_6/install/fun_numbers/lib/python3.10/site-packages'
[2.839s] Level 1:colcon.colcon_core.environment:checking '/home/thien/Documents/IE_ROS/Project_6/install/fun_numbers/bin'
[2.840s] INFO:colcon.colcon_core.shell:Creating package script '/home/thien/Documents/IE_ROS/Project_6/install/fun_numbers/share/fun_numbers/package.ps1'
[2.841s] INFO:colcon.colcon_core.shell:Creating package descriptor '/home/thien/Documents/IE_ROS/Project_6/install/fun_numbers/share/fun_numbers/package.dsv'
[2.842s] INFO:colcon.colcon_core.shell:Creating package script '/home/thien/Documents/IE_ROS/Project_6/install/fun_numbers/share/fun_numbers/package.sh'
[2.842s] INFO:colcon.colcon_core.shell:Creating package script '/home/thien/Documents/IE_ROS/Project_6/install/fun_numbers/share/fun_numbers/package.bash'
[2.843s] INFO:colcon.colcon_core.shell:Creating package script '/home/thien/Documents/IE_ROS/Project_6/install/fun_numbers/share/fun_numbers/package.zsh'
[2.844s] Level 1:colcon.colcon_core.environment:create_file_with_runtime_dependencies(/home/thien/Documents/IE_ROS/Project_6/install/fun_numbers/share/colcon-core/packages/fun_numbers)
[2.855s] DEBUG:colcon.colcon_parallel_executor.executor.parallel:closing loop
[2.856s] DEBUG:colcon.colcon_parallel_executor.executor.parallel:loop closed
[2.856s] DEBUG:colcon.colcon_parallel_executor.executor.parallel:run_until_complete finished with '2'
[2.856s] DEBUG:colcon.colcon_core.event_reactor:joining thread
[2.868s] INFO:colcon.colcon_core.plugin_system:Skipping extension 'colcon_notification.desktop_notification.terminal_notifier': Not used on non-Darwin systems
[2.868s] INFO:colcon.colcon_core.plugin_system:Skipping extension 'colcon_notification.desktop_notification.win32': Not used on non-Windows systems
[2.868s] INFO:colcon.colcon_notification.desktop_notification:Sending desktop notification using 'notify2'
[2.896s] DEBUG:colcon.colcon_core.event_reactor:joined thread
[2.897s] INFO:colcon.colcon_core.shell:Creating prefix script '/home/thien/Documents/IE_ROS/Project_6/install/local_setup.ps1'
[2.899s] INFO:colcon.colcon_core.shell:Creating prefix util module '/home/thien/Documents/IE_ROS/Project_6/install/_local_setup_util_ps1.py'
[2.902s] INFO:colcon.colcon_core.shell:Creating prefix chain script '/home/thien/Documents/IE_ROS/Project_6/install/setup.ps1'
[2.905s] INFO:colcon.colcon_core.shell:Creating prefix script '/home/thien/Documents/IE_ROS/Project_6/install/local_setup.sh'
[2.908s] INFO:colcon.colcon_core.shell:Creating prefix util module '/home/thien/Documents/IE_ROS/Project_6/install/_local_setup_util_sh.py'
[2.909s] INFO:colcon.colcon_core.shell:Creating prefix chain script '/home/thien/Documents/IE_ROS/Project_6/install/setup.sh'
[2.911s] INFO:colcon.colcon_core.shell:Creating prefix script '/home/thien/Documents/IE_ROS/Project_6/install/local_setup.bash'
[2.913s] INFO:colcon.colcon_core.shell:Creating prefix chain script '/home/thien/Documents/IE_ROS/Project_6/install/setup.bash'
[2.916s] INFO:colcon.colcon_core.shell:Creating prefix script '/home/thien/Documents/IE_ROS/Project_6/install/local_setup.zsh'
[2.917s] INFO:colcon.colcon_core.shell:Creating prefix chain script '/home/thien/Documents/IE_ROS/Project_6/install/setup.zsh'
