[01m[K/home/thien/Documents/IE_ROS/Project_6/src/fun_numbers/src/fibonacci_server.cpp:[m[K In lambda function:
[01m[K/home/thien/Documents/IE_ROS/Project_6/src/fun_numbers/src/fibonacci_server.cpp:18:103:[m[K [01;35m[Kwarning: [m[Kno return statement in function returning non-void [[01;35m[K]8;;https://gcc.gnu.org/onlinedocs/gcc/Warning-Options.html#index-Wreturn-type-Wreturn-type]8;;[m[K]
   18 |         [this](const auto goal_handle) -> rclcpp_action::GoalResponse { handle_accepted(goal_handle); [01;35m[K}[m[K
      |                                                                                                       [01;35m[K^[m[K
[01m[K/home/thien/Documents/IE_ROS/Project_6/src/fun_numbers/src/fibonacci_server.cpp:[m[K In constructor ‘[01m[KFibonacciServer::FibonacciServer(const rclcpp::NodeOptions&)[m[K’:
[01m[K/home/thien/Documents/IE_ROS/Project_6/src/fun_numbers/src/fibonacci_server.cpp:19:9:[m[K [01;31m[Kerror: [m[Kno match for ‘[01m[Koperator[][m[K’ (operand types are ‘[01m[KFibonacciServer::FibonacciServer(const rclcpp::NodeOptions&)::<lambda(auto:40)>[m[K’ and ‘[01m[KFibonacciServer*[m[K’)
   19 |         [01;31m[K[[m[Kthis](const auto uuid, const auto goal) -> rclcpp_action::GoalResponse { return handle_goal(uuid, goal); }
      |         [01;31m[K^[m[K
[01m[K/home/thien/Documents/IE_ROS/Project_6/src/fun_numbers/src/fibonacci_server.cpp:19:16:[m[K [01;31m[Kerror: [m[Kexpected primary-expression before ‘[01m[Kconst[m[K’
   19 |         [this]([01;31m[Kconst[m[K auto uuid, const auto goal) -> rclcpp_action::GoalResponse { return handle_goal(uuid, goal); }
      |                [01;31m[K^~~~~[m[K
[01m[K/home/thien/Documents/IE_ROS/Project_6/src/fun_numbers/src/fibonacci_server.cpp:19:33:[m[K [01;31m[Kerror: [m[Kexpected primary-expression before ‘[01m[Kconst[m[K’
   19 |         [this](const auto uuid, [01;31m[Kconst[m[K auto goal) -> rclcpp_action::GoalResponse { return handle_goal(uuid, goal); }
      |                                 [01;31m[K^~~~~[m[K
[01m[K/home/thien/Documents/IE_ROS/Project_6/src/fun_numbers/src/fibonacci_server.cpp:19:53:[m[K [01;31m[Kerror: [m[K‘[01m[Krclcpp_action::GoalResponse[m[K’ is not a class member
   19 |         [this](const auto uuid, const auto goal) -> [01;31m[Krclcpp_action[m[K::GoalResponse { return handle_goal(uuid, goal); }
      |                                                     [01;31m[K^~~~~~~~~~~~~[m[K
gmake[2]: *** [CMakeFiles/fibonacci_server.dir/build.make:76: CMakeFiles/fibonacci_server.dir/src/fibonacci_server.cpp.o] Error 1
gmake[1]: *** [CMakeFiles/Makefile2:165: CMakeFiles/fibonacci_server.dir/all] Error 2
gmake: *** [Makefile:146: all] Error 2
