[0.025s] Invoking command in '/home/thien/Documents/IE_ROS/Project_6/build/fun_numbers': AMENT_PREFIX_PATH=/home/thien/Documents/IE_ROS/Project_6/install/number_actions:${AMENT_PREFIX_PATH} CMAKE_PREFIX_PATH=/home/thien/Documents/IE_ROS/Project_6/install/number_actions:/opt/ros/humble LD_LIBRARY_PATH=/home/thien/Documents/IE_ROS/Project_6/install/number_actions/lib:${LD_LIBRARY_PATH} /usr/bin/cmake --build /home/thien/Documents/IE_ROS/Project_6/build/fun_numbers -- -j8 -l8
[0.142s] [35m[1mConsolidate compiler generated dependencies of target fibonacci_client[0m
[0.142s] [35m[1mConsolidate compiler generated dependencies of target fibonacci_server[0m
[0.207s] [ 50%] [32mBuilding CXX object CMakeFiles/fibonacci_server.dir/src/fibonacci_server.cpp.o[0m
[0.208s] [ 50%] [32mBuilding CXX object CMakeFiles/fibonacci_client.dir/src/fibonacci_client.cpp.o[0m
[9.404s] [ 75%] [32m[1mLinking CXX executable fibonacci_client[0m
[9.619s] [100%] [32m[1mLinking CXX executable fibonacci_server[0m
[9.990s] [100%] Built target fibonacci_client
[10.159s] [100%] Built target fibonacci_server
[10.191s] Invoked command in '/home/thien/Documents/IE_ROS/Project_6/build/fun_numbers' returned '0': AMENT_PREFIX_PATH=/home/thien/Documents/IE_ROS/Project_6/install/number_actions:${AMENT_PREFIX_PATH} CMAKE_PREFIX_PATH=/home/thien/Documents/IE_ROS/Project_6/install/number_actions:/opt/ros/humble LD_LIBRARY_PATH=/home/thien/Documents/IE_ROS/Project_6/install/number_actions/lib:${LD_LIBRARY_PATH} /usr/bin/cmake --build /home/thien/Documents/IE_ROS/Project_6/build/fun_numbers -- -j8 -l8
[10.267s] Invoking command in '/home/thien/Documents/IE_ROS/Project_6/build/fun_numbers': AMENT_PREFIX_PATH=/home/thien/Documents/IE_ROS/Project_6/install/number_actions:${AMENT_PREFIX_PATH} CMAKE_PREFIX_PATH=/home/thien/Documents/IE_ROS/Project_6/install/number_actions:/opt/ros/humble LD_LIBRARY_PATH=/home/thien/Documents/IE_ROS/Project_6/install/number_actions/lib:${LD_LIBRARY_PATH} /usr/bin/cmake --install /home/thien/Documents/IE_ROS/Project_6/build/fun_numbers
[10.286s] -- Install configuration: ""
[10.286s] -- Installing: /home/thien/Documents/IE_ROS/Project_6/install/fun_numbers/lib/fun_numbers/fibonacci_server
[10.289s] -- Set runtime path of "/home/thien/Documents/IE_ROS/Project_6/install/fun_numbers/lib/fun_numbers/fibonacci_server" to ""
[10.289s] -- Installing: /home/thien/Documents/IE_ROS/Project_6/install/fun_numbers/lib/fun_numbers/fibonacci_client
[10.293s] -- Set runtime path of "/home/thien/Documents/IE_ROS/Project_6/install/fun_numbers/lib/fun_numbers/fibonacci_client" to ""
[10.293s] -- Installing: /home/thien/Documents/IE_ROS/Project_6/install/fun_numbers/share/fun_numbers//launch
[10.293s] -- Installing: /home/thien/Documents/IE_ROS/Project_6/install/fun_numbers/share/fun_numbers//launch/action_test.py
[10.294s] -- Installing: /home/thien/Documents/IE_ROS/Project_6/install/fun_numbers/share/ament_index/resource_index/package_run_dependencies/fun_numbers
[10.294s] -- Installing: /home/thien/Documents/IE_ROS/Project_6/install/fun_numbers/share/ament_index/resource_index/parent_prefix_path/fun_numbers
[10.295s] -- Installing: /home/thien/Documents/IE_ROS/Project_6/install/fun_numbers/share/fun_numbers/environment/ament_prefix_path.sh
[10.296s] -- Installing: /home/thien/Documents/IE_ROS/Project_6/install/fun_numbers/share/fun_numbers/environment/ament_prefix_path.dsv
[10.296s] -- Installing: /home/thien/Documents/IE_ROS/Project_6/install/fun_numbers/share/fun_numbers/environment/path.sh
[10.296s] -- Installing: /home/thien/Documents/IE_ROS/Project_6/install/fun_numbers/share/fun_numbers/environment/path.dsv
[10.297s] -- Installing: /home/thien/Documents/IE_ROS/Project_6/install/fun_numbers/share/fun_numbers/local_setup.bash
[10.298s] -- Installing: /home/thien/Documents/IE_ROS/Project_6/install/fun_numbers/share/fun_numbers/local_setup.sh
[10.298s] -- Installing: /home/thien/Documents/IE_ROS/Project_6/install/fun_numbers/share/fun_numbers/local_setup.zsh
[10.299s] -- Installing: /home/thien/Documents/IE_ROS/Project_6/install/fun_numbers/share/fun_numbers/local_setup.dsv
[10.299s] -- Installing: /home/thien/Documents/IE_ROS/Project_6/install/fun_numbers/share/fun_numbers/package.dsv
[10.300s] -- Installing: /home/thien/Documents/IE_ROS/Project_6/install/fun_numbers/share/ament_index/resource_index/packages/fun_numbers
[10.300s] -- Installing: /home/thien/Documents/IE_ROS/Project_6/install/fun_numbers/share/fun_numbers/cmake/fun_numbersConfig.cmake
[10.301s] -- Installing: /home/thien/Documents/IE_ROS/Project_6/install/fun_numbers/share/fun_numbers/cmake/fun_numbersConfig-version.cmake
[10.301s] -- Installing: /home/thien/Documents/IE_ROS/Project_6/install/fun_numbers/share/fun_numbers/package.xml
[10.308s] Invoked command in '/home/thien/Documents/IE_ROS/Project_6/build/fun_numbers' returned '0': AMENT_PREFIX_PATH=/home/thien/Documents/IE_ROS/Project_6/install/number_actions:${AMENT_PREFIX_PATH} CMAKE_PREFIX_PATH=/home/thien/Documents/IE_ROS/Project_6/install/number_actions:/opt/ros/humble LD_LIBRARY_PATH=/home/thien/Documents/IE_ROS/Project_6/install/number_actions/lib:${LD_LIBRARY_PATH} /usr/bin/cmake --install /home/thien/Documents/IE_ROS/Project_6/build/fun_numbers
