[0.027s] Invoking command in '/home/thien/Documents/IE_ROS/Project_6/build/number_actions': CMAKE_PREFIX_PATH=/opt/ros/humble /usr/bin/cmake --build /home/thien/Documents/IE_ROS/Project_6/build/number_actions -- -j8 -l8
[0.173s] [ 13%] Built target number_actions__cpp
[0.173s] [ 18%] Built target number_actions__rosidl_generator_c
[0.240s] [ 31%] Built target number_actions__rosidl_typesupport_c
[0.241s] [ 45%] Built target number_actions__rosidl_typesupport_introspection_c
[0.241s] [ 72%] Built target number_actions__rosidl_typesupport_introspection_cpp
[0.241s] [ 72%] Built target number_actions__rosidl_typesupport_cpp
[0.241s] [ 86%] Built target number_actions__rosidl_typesupport_fastrtps_cpp
[0.289s] [100%] Built target number_actions__rosidl_typesupport_fastrtps_c
[0.350s] [100%] Built target number_actions
[0.381s] Invoked command in '/home/thien/Documents/IE_ROS/Project_6/build/number_actions' returned '0': CMAKE_PREFIX_PATH=/opt/ros/humble /usr/bin/cmake --build /home/thien/Documents/IE_ROS/Project_6/build/number_actions -- -j8 -l8
[0.530s] Invoking command in '/home/thien/Documents/IE_ROS/Project_6/build/number_actions': CMAKE_PREFIX_PATH=/opt/ros/humble /usr/bin/cmake --install /home/thien/Documents/IE_ROS/Project_6/build/number_actions
[0.552s] -- Install configuration: ""
[0.552s] -- Up-to-date: /home/thien/Documents/IE_ROS/Project_6/install/number_actions/share/ament_index/resource_index/rosidl_interfaces/number_actions
[0.553s] -- Up-to-date: /home/thien/Documents/IE_ROS/Project_6/install/number_actions/include/number_actions/number_actions
[0.553s] -- Up-to-date: /home/thien/Documents/IE_ROS/Project_6/install/number_actions/include/number_actions/number_actions/msg
[0.553s] -- Up-to-date: /home/thien/Documents/IE_ROS/Project_6/install/number_actions/include/number_actions/number_actions/msg/rosidl_generator_c__visibility_control.h
[0.553s] -- Up-to-date: /home/thien/Documents/IE_ROS/Project_6/install/number_actions/include/number_actions/number_actions/action
[0.554s] -- Up-to-date: /home/thien/Documents/IE_ROS/Project_6/install/number_actions/include/number_actions/number_actions/action/fibonacci.h
[0.554s] -- Up-to-date: /home/thien/Documents/IE_ROS/Project_6/install/number_actions/include/number_actions/number_actions/action/detail
[0.555s] -- Up-to-date: /home/thien/Documents/IE_ROS/Project_6/install/number_actions/include/number_actions/number_actions/action/detail/fibonacci__type_support.h
[0.555s] -- Up-to-date: /home/thien/Documents/IE_ROS/Project_6/install/number_actions/include/number_actions/number_actions/action/detail/fibonacci__functions.c
[0.555s] -- Up-to-date: /home/thien/Documents/IE_ROS/Project_6/install/number_actions/include/number_actions/number_actions/action/detail/fibonacci__struct.h
[0.555s] -- Up-to-date: /home/thien/Documents/IE_ROS/Project_6/install/number_actions/include/number_actions/number_actions/action/detail/fibonacci__functions.h
[0.555s] -- Up-to-date: /home/thien/Documents/IE_ROS/Project_6/install/number_actions/share/number_actions/environment/library_path.sh
[0.556s] -- Up-to-date: /home/thien/Documents/IE_ROS/Project_6/install/number_actions/share/number_actions/environment/library_path.dsv
[0.556s] -- Up-to-date: /home/thien/Documents/IE_ROS/Project_6/install/number_actions/lib/libnumber_actions__rosidl_generator_c.so
[0.556s] -- Up-to-date: /home/thien/Documents/IE_ROS/Project_6/install/number_actions/include/number_actions/number_actions
[0.556s] -- Up-to-date: /home/thien/Documents/IE_ROS/Project_6/install/number_actions/include/number_actions/number_actions/msg
[0.557s] -- Up-to-date: /home/thien/Documents/IE_ROS/Project_6/install/number_actions/include/number_actions/number_actions/msg/rosidl_typesupport_fastrtps_c__visibility_control.h
[0.557s] -- Up-to-date: /home/thien/Documents/IE_ROS/Project_6/install/number_actions/include/number_actions/number_actions/action
[0.557s] -- Up-to-date: /home/thien/Documents/IE_ROS/Project_6/install/number_actions/include/number_actions/number_actions/action/detail
[0.558s] -- Up-to-date: /home/thien/Documents/IE_ROS/Project_6/install/number_actions/include/number_actions/number_actions/action/detail/fibonacci__rosidl_typesupport_fastrtps_c.h
[0.558s] -- Up-to-date: /home/thien/Documents/IE_ROS/Project_6/install/number_actions/lib/libnumber_actions__rosidl_typesupport_fastrtps_c.so
[0.558s] -- Up-to-date: /home/thien/Documents/IE_ROS/Project_6/install/number_actions/include/number_actions/number_actions
[0.558s] -- Up-to-date: /home/thien/Documents/IE_ROS/Project_6/install/number_actions/include/number_actions/number_actions/action
[0.558s] -- Up-to-date: /home/thien/Documents/IE_ROS/Project_6/install/number_actions/include/number_actions/number_actions/action/fibonacci.hpp
[0.559s] -- Up-to-date: /home/thien/Documents/IE_ROS/Project_6/install/number_actions/include/number_actions/number_actions/action/detail
[0.559s] -- Up-to-date: /home/thien/Documents/IE_ROS/Project_6/install/number_actions/include/number_actions/number_actions/action/detail/fibonacci__traits.hpp
[0.559s] -- Up-to-date: /home/thien/Documents/IE_ROS/Project_6/install/number_actions/include/number_actions/number_actions/action/detail/fibonacci__struct.hpp
[0.560s] -- Up-to-date: /home/thien/Documents/IE_ROS/Project_6/install/number_actions/include/number_actions/number_actions/action/detail/fibonacci__builder.hpp
[0.560s] -- Up-to-date: /home/thien/Documents/IE_ROS/Project_6/install/number_actions/include/number_actions/number_actions
[0.560s] -- Up-to-date: /home/thien/Documents/IE_ROS/Project_6/install/number_actions/include/number_actions/number_actions/msg
[0.560s] -- Up-to-date: /home/thien/Documents/IE_ROS/Project_6/install/number_actions/include/number_actions/number_actions/msg/rosidl_typesupport_fastrtps_cpp__visibility_control.h
[0.560s] -- Up-to-date: /home/thien/Documents/IE_ROS/Project_6/install/number_actions/include/number_actions/number_actions/action
[0.561s] -- Up-to-date: /home/thien/Documents/IE_ROS/Project_6/install/number_actions/include/number_actions/number_actions/action/detail
[0.561s] -- Up-to-date: /home/thien/Documents/IE_ROS/Project_6/install/number_actions/include/number_actions/number_actions/action/detail/dds_fastrtps
[0.561s] -- Up-to-date: /home/thien/Documents/IE_ROS/Project_6/install/number_actions/include/number_actions/number_actions/action/detail/fibonacci__rosidl_typesupport_fastrtps_cpp.hpp
[0.561s] -- Up-to-date: /home/thien/Documents/IE_ROS/Project_6/install/number_actions/lib/libnumber_actions__rosidl_typesupport_fastrtps_cpp.so
[0.562s] -- Up-to-date: /home/thien/Documents/IE_ROS/Project_6/install/number_actions/include/number_actions/number_actions
[0.562s] -- Up-to-date: /home/thien/Documents/IE_ROS/Project_6/install/number_actions/include/number_actions/number_actions/msg
[0.562s] -- Up-to-date: /home/thien/Documents/IE_ROS/Project_6/install/number_actions/include/number_actions/number_actions/msg/rosidl_typesupport_introspection_c__visibility_control.h
[0.562s] -- Up-to-date: /home/thien/Documents/IE_ROS/Project_6/install/number_actions/include/number_actions/number_actions/action
[0.563s] -- Up-to-date: /home/thien/Documents/IE_ROS/Project_6/install/number_actions/include/number_actions/number_actions/action/detail
[0.563s] -- Up-to-date: /home/thien/Documents/IE_ROS/Project_6/install/number_actions/include/number_actions/number_actions/action/detail/fibonacci__type_support.c
[0.563s] -- Up-to-date: /home/thien/Documents/IE_ROS/Project_6/install/number_actions/include/number_actions/number_actions/action/detail/fibonacci__rosidl_typesupport_introspection_c.h
[0.563s] -- Up-to-date: /home/thien/Documents/IE_ROS/Project_6/install/number_actions/lib/libnumber_actions__rosidl_typesupport_introspection_c.so
[0.564s] -- Up-to-date: /home/thien/Documents/IE_ROS/Project_6/install/number_actions/lib/libnumber_actions__rosidl_typesupport_c.so
[0.564s] -- Up-to-date: /home/thien/Documents/IE_ROS/Project_6/install/number_actions/include/number_actions/number_actions
[0.564s] -- Up-to-date: /home/thien/Documents/IE_ROS/Project_6/install/number_actions/include/number_actions/number_actions/action
[0.565s] -- Up-to-date: /home/thien/Documents/IE_ROS/Project_6/install/number_actions/include/number_actions/number_actions/action/detail
[0.565s] -- Up-to-date: /home/thien/Documents/IE_ROS/Project_6/install/number_actions/include/number_actions/number_actions/action/detail/fibonacci__rosidl_typesupport_introspection_cpp.hpp
[0.565s] -- Up-to-date: /home/thien/Documents/IE_ROS/Project_6/install/number_actions/include/number_actions/number_actions/action/detail/fibonacci__type_support.cpp
[0.565s] -- Up-to-date: /home/thien/Documents/IE_ROS/Project_6/install/number_actions/lib/libnumber_actions__rosidl_typesupport_introspection_cpp.so
[0.565s] -- Up-to-date: /home/thien/Documents/IE_ROS/Project_6/install/number_actions/lib/libnumber_actions__rosidl_typesupport_cpp.so
[0.566s] -- Up-to-date: /home/thien/Documents/IE_ROS/Project_6/install/number_actions/share/number_actions/action/Fibonacci.idl
[0.566s] -- Up-to-date: /home/thien/Documents/IE_ROS/Project_6/install/number_actions/share/number_actions/action/Fibonacci.action
[0.566s] -- Up-to-date: /home/thien/Documents/IE_ROS/Project_6/install/number_actions/share/ament_index/resource_index/package_run_dependencies/number_actions
[0.567s] -- Up-to-date: /home/thien/Documents/IE_ROS/Project_6/install/number_actions/share/ament_index/resource_index/parent_prefix_path/number_actions
[0.567s] -- Up-to-date: /home/thien/Documents/IE_ROS/Project_6/install/number_actions/share/number_actions/environment/ament_prefix_path.sh
[0.567s] -- Up-to-date: /home/thien/Documents/IE_ROS/Project_6/install/number_actions/share/number_actions/environment/ament_prefix_path.dsv
[0.567s] -- Up-to-date: /home/thien/Documents/IE_ROS/Project_6/install/number_actions/share/number_actions/environment/path.sh
[0.568s] -- Up-to-date: /home/thien/Documents/IE_ROS/Project_6/install/number_actions/share/number_actions/environment/path.dsv
[0.568s] -- Up-to-date: /home/thien/Documents/IE_ROS/Project_6/install/number_actions/share/number_actions/local_setup.bash
[0.568s] -- Up-to-date: /home/thien/Documents/IE_ROS/Project_6/install/number_actions/share/number_actions/local_setup.sh
[0.568s] -- Up-to-date: /home/thien/Documents/IE_ROS/Project_6/install/number_actions/share/number_actions/local_setup.zsh
[0.569s] -- Up-to-date: /home/thien/Documents/IE_ROS/Project_6/install/number_actions/share/number_actions/local_setup.dsv
[0.569s] -- Installing: /home/thien/Documents/IE_ROS/Project_6/install/number_actions/share/number_actions/package.dsv
[0.570s] -- Up-to-date: /home/thien/Documents/IE_ROS/Project_6/install/number_actions/share/ament_index/resource_index/packages/number_actions
[0.570s] -- Up-to-date: /home/thien/Documents/IE_ROS/Project_6/install/number_actions/share/number_actions/cmake/export_number_actions__rosidl_generator_cExport.cmake
[0.570s] -- Up-to-date: /home/thien/Documents/IE_ROS/Project_6/install/number_actions/share/number_actions/cmake/export_number_actions__rosidl_generator_cExport-noconfig.cmake
[0.570s] -- Up-to-date: /home/thien/Documents/IE_ROS/Project_6/install/number_actions/share/number_actions/cmake/export_number_actions__rosidl_typesupport_fastrtps_cExport.cmake
[0.571s] -- Up-to-date: /home/thien/Documents/IE_ROS/Project_6/install/number_actions/share/number_actions/cmake/export_number_actions__rosidl_typesupport_fastrtps_cExport-noconfig.cmake
[0.571s] -- Up-to-date: /home/thien/Documents/IE_ROS/Project_6/install/number_actions/share/number_actions/cmake/export_number_actions__rosidl_generator_cppExport.cmake
[0.571s] -- Up-to-date: /home/thien/Documents/IE_ROS/Project_6/install/number_actions/share/number_actions/cmake/export_number_actions__rosidl_typesupport_fastrtps_cppExport.cmake
[0.571s] -- Up-to-date: /home/thien/Documents/IE_ROS/Project_6/install/number_actions/share/number_actions/cmake/export_number_actions__rosidl_typesupport_fastrtps_cppExport-noconfig.cmake
[0.571s] -- Up-to-date: /home/thien/Documents/IE_ROS/Project_6/install/number_actions/share/number_actions/cmake/number_actions__rosidl_typesupport_introspection_cExport.cmake
[0.572s] -- Up-to-date: /home/thien/Documents/IE_ROS/Project_6/install/number_actions/share/number_actions/cmake/number_actions__rosidl_typesupport_introspection_cExport-noconfig.cmake
[0.572s] -- Up-to-date: /home/thien/Documents/IE_ROS/Project_6/install/number_actions/share/number_actions/cmake/number_actions__rosidl_typesupport_cExport.cmake
[0.572s] -- Up-to-date: /home/thien/Documents/IE_ROS/Project_6/install/number_actions/share/number_actions/cmake/number_actions__rosidl_typesupport_cExport-noconfig.cmake
[0.572s] -- Up-to-date: /home/thien/Documents/IE_ROS/Project_6/install/number_actions/share/number_actions/cmake/number_actions__rosidl_typesupport_introspection_cppExport.cmake
[0.572s] -- Up-to-date: /home/thien/Documents/IE_ROS/Project_6/install/number_actions/share/number_actions/cmake/number_actions__rosidl_typesupport_introspection_cppExport-noconfig.cmake
[0.573s] -- Up-to-date: /home/thien/Documents/IE_ROS/Project_6/install/number_actions/share/number_actions/cmake/number_actions__rosidl_typesupport_cppExport.cmake
[0.573s] -- Up-to-date: /home/thien/Documents/IE_ROS/Project_6/install/number_actions/share/number_actions/cmake/number_actions__rosidl_typesupport_cppExport-noconfig.cmake
[0.573s] -- Up-to-date: /home/thien/Documents/IE_ROS/Project_6/install/number_actions/share/number_actions/cmake/rosidl_cmake-extras.cmake
[0.573s] -- Up-to-date: /home/thien/Documents/IE_ROS/Project_6/install/number_actions/share/number_actions/cmake/ament_cmake_export_dependencies-extras.cmake
[0.573s] -- Up-to-date: /home/thien/Documents/IE_ROS/Project_6/install/number_actions/share/number_actions/cmake/ament_cmake_export_include_directories-extras.cmake
[0.574s] -- Up-to-date: /home/thien/Documents/IE_ROS/Project_6/install/number_actions/share/number_actions/cmake/ament_cmake_export_libraries-extras.cmake
[0.575s] -- Up-to-date: /home/thien/Documents/IE_ROS/Project_6/install/number_actions/share/number_actions/cmake/ament_cmake_export_targets-extras.cmake
[0.577s] -- Up-to-date: /home/thien/Documents/IE_ROS/Project_6/install/number_actions/share/number_actions/cmake/rosidl_cmake_export_typesupport_targets-extras.cmake
[0.578s] -- Up-to-date: /home/thien/Documents/IE_ROS/Project_6/install/number_actions/share/number_actions/cmake/rosidl_cmake_export_typesupport_libraries-extras.cmake
[0.578s] -- Up-to-date: /home/thien/Documents/IE_ROS/Project_6/install/number_actions/share/number_actions/cmake/number_actionsConfig.cmake
[0.579s] -- Up-to-date: /home/thien/Documents/IE_ROS/Project_6/install/number_actions/share/number_actions/cmake/number_actionsConfig-version.cmake
[0.580s] -- Up-to-date: /home/thien/Documents/IE_ROS/Project_6/install/number_actions/share/number_actions/package.xml
[0.581s] Invoked command in '/home/thien/Documents/IE_ROS/Project_6/build/number_actions' returned '0': CMAKE_PREFIX_PATH=/opt/ros/humble /usr/bin/cmake --install /home/thien/Documents/IE_ROS/Project_6/build/number_actions
