[0.225s] DEBUG:colcon:Command line arguments: ['/usr/bin/colcon', 'build']
[0.225s] DEBUG:colcon:Parsed command line arguments: Namespace(log_base=None, log_level=None, verb_name='build', build_base='build', install_base='install', merge_install=False, symlink_install=False, test_result_base=None, continue_on_error=False, executor='parallel', parallel_workers=8, event_handlers=None, ignore_user_meta=False, metas=['./colcon.meta'], base_paths=['.'], packages_ignore=None, packages_ignore_regex=None, paths=None, packages_up_to=None, packages_up_to_regex=None, packages_above=None, packages_above_and_dependencies=None, packages_above_depth=None, packages_select_by_dep=None, packages_skip_by_dep=None, packages_skip_up_to=None, packages_select_build_failed=False, packages_skip_build_finished=False, packages_select_test_failures=False, packages_skip_test_passed=False, packages_select=None, packages_skip=None, packages_select_regex=None, packages_skip_regex=None, packages_start=None, packages_end=None, allow_overriding=[], cmake_args=None, cmake_target=None, cmake_target_skip_unavailable=False, cmake_clean_cache=False, cmake_clean_first=False, cmake_force_configure=False, ament_cmake_args=None, catkin_cmake_args=None, catkin_skip_building_tests=False, mixin_files=None, mixin=None, verb_parser=<colcon_mixin.mixin.mixin_argument.MixinArgumentDecorator object at 0x7b2a85ae4400>, verb_extension=<colcon_core.verb.build.BuildVerb object at 0x7b2a85ab79a0>, main=<bound method BuildVerb.main of <colcon_core.verb.build.BuildVerb object at 0x7b2a85ab79a0>>, mixin_verb=('build',))
[0.612s] Level 1:colcon.colcon_core.package_discovery:discover_packages(colcon_meta) check parameters
[0.612s] Level 1:colcon.colcon_core.package_discovery:discover_packages(recursive) check parameters
[0.612s] Level 1:colcon.colcon_core.package_discovery:discover_packages(ignore) check parameters
[0.612s] Level 1:colcon.colcon_core.package_discovery:discover_packages(path) check parameters
[0.612s] Level 1:colcon.colcon_core.package_discovery:discover_packages(colcon_meta) discover
[0.613s] Level 1:colcon.colcon_core.package_discovery:discover_packages(recursive) discover
[0.613s] INFO:colcon.colcon_core.package_discovery:Crawling recursively for packages in '/home/thien/Documents/IE_ROS/Project_6'
[0.613s] Level 1:colcon.colcon_core.package_identification:_identify(.) by extensions ['ignore', 'ignore_ament_install']
[0.613s] Level 1:colcon.colcon_core.package_identification:_identify(.) by extension 'ignore'
[0.613s] Level 1:colcon.colcon_core.package_identification:_identify(.) by extension 'ignore_ament_install'
[0.613s] Level 1:colcon.colcon_core.package_identification:_identify(.) by extensions ['colcon_pkg']
[0.613s] Level 1:colcon.colcon_core.package_identification:_identify(.) by extension 'colcon_pkg'
[0.614s] Level 1:colcon.colcon_core.package_identification:_identify(.) by extensions ['colcon_meta']
[0.614s] Level 1:colcon.colcon_core.package_identification:_identify(.) by extension 'colcon_meta'
[0.614s] Level 1:colcon.colcon_core.package_identification:_identify(.) by extensions ['ros']
[0.614s] Level 1:colcon.colcon_core.package_identification:_identify(.) by extension 'ros'
[0.671s] Level 1:colcon.colcon_core.package_identification:_identify(.) by extensions ['cmake', 'python']
[0.671s] Level 1:colcon.colcon_core.package_identification:_identify(.) by extension 'cmake'
[0.671s] Level 1:colcon.colcon_core.package_identification:_identify(.) by extension 'python'
[0.671s] Level 1:colcon.colcon_core.package_identification:_identify(.) by extensions ['python_setup_py']
[0.671s] Level 1:colcon.colcon_core.package_identification:_identify(.) by extension 'python_setup_py'
[0.671s] Level 1:colcon.colcon_core.package_identification:_identify(build) by extensions ['ignore', 'ignore_ament_install']
[0.672s] Level 1:colcon.colcon_core.package_identification:_identify(build) by extension 'ignore'
[0.672s] Level 1:colcon.colcon_core.package_identification:_identify(build) ignored
[0.672s] Level 1:colcon.colcon_core.package_identification:_identify(install) by extensions ['ignore', 'ignore_ament_install']
[0.672s] Level 1:colcon.colcon_core.package_identification:_identify(install) by extension 'ignore'
[0.672s] Level 1:colcon.colcon_core.package_identification:_identify(install) ignored
[0.672s] Level 1:colcon.colcon_core.package_identification:_identify(log) by extensions ['ignore', 'ignore_ament_install']
[0.672s] Level 1:colcon.colcon_core.package_identification:_identify(log) by extension 'ignore'
[0.672s] Level 1:colcon.colcon_core.package_identification:_identify(log) ignored
[0.673s] Level 1:colcon.colcon_core.package_identification:_identify(src) by extensions ['ignore', 'ignore_ament_install']
[0.673s] Level 1:colcon.colcon_core.package_identification:_identify(src) by extension 'ignore'
[0.673s] Level 1:colcon.colcon_core.package_identification:_identify(src) by extension 'ignore_ament_install'
[0.673s] Level 1:colcon.colcon_core.package_identification:_identify(src) by extensions ['colcon_pkg']
[0.673s] Level 1:colcon.colcon_core.package_identification:_identify(src) by extension 'colcon_pkg'
[0.673s] Level 1:colcon.colcon_core.package_identification:_identify(src) by extensions ['colcon_meta']
[0.673s] Level 1:colcon.colcon_core.package_identification:_identify(src) by extension 'colcon_meta'
[0.674s] Level 1:colcon.colcon_core.package_identification:_identify(src) by extensions ['ros']
[0.674s] Level 1:colcon.colcon_core.package_identification:_identify(src) by extension 'ros'
[0.674s] Level 1:colcon.colcon_core.package_identification:_identify(src) by extensions ['cmake', 'python']
[0.674s] Level 1:colcon.colcon_core.package_identification:_identify(src) by extension 'cmake'
[0.674s] Level 1:colcon.colcon_core.package_identification:_identify(src) by extension 'python'
[0.674s] Level 1:colcon.colcon_core.package_identification:_identify(src) by extensions ['python_setup_py']
[0.674s] Level 1:colcon.colcon_core.package_identification:_identify(src) by extension 'python_setup_py'
[0.674s] Level 1:colcon.colcon_core.package_identification:_identify(src/fun_numbers) by extensions ['ignore', 'ignore_ament_install']
[0.675s] Level 1:colcon.colcon_core.package_identification:_identify(src/fun_numbers) by extension 'ignore'
[0.675s] Level 1:colcon.colcon_core.package_identification:_identify(src/fun_numbers) by extension 'ignore_ament_install'
[0.675s] Level 1:colcon.colcon_core.package_identification:_identify(src/fun_numbers) by extensions ['colcon_pkg']
[0.675s] Level 1:colcon.colcon_core.package_identification:_identify(src/fun_numbers) by extension 'colcon_pkg'
[0.675s] Level 1:colcon.colcon_core.package_identification:_identify(src/fun_numbers) by extensions ['colcon_meta']
[0.675s] Level 1:colcon.colcon_core.package_identification:_identify(src/fun_numbers) by extension 'colcon_meta'
[0.675s] Level 1:colcon.colcon_core.package_identification:_identify(src/fun_numbers) by extensions ['ros']
[0.675s] Level 1:colcon.colcon_core.package_identification:_identify(src/fun_numbers) by extension 'ros'
[0.681s] DEBUG:colcon.colcon_core.package_identification:Package 'src/fun_numbers' with type 'ros.ament_cmake' and name 'fun_numbers'
[0.681s] Level 1:colcon.colcon_core.package_identification:_identify(src/number_actions) by extensions ['ignore', 'ignore_ament_install']
[0.681s] Level 1:colcon.colcon_core.package_identification:_identify(src/number_actions) by extension 'ignore'
[0.682s] Level 1:colcon.colcon_core.package_identification:_identify(src/number_actions) by extension 'ignore_ament_install'
[0.682s] Level 1:colcon.colcon_core.package_identification:_identify(src/number_actions) by extensions ['colcon_pkg']
[0.682s] Level 1:colcon.colcon_core.package_identification:_identify(src/number_actions) by extension 'colcon_pkg'
[0.682s] Level 1:colcon.colcon_core.package_identification:_identify(src/number_actions) by extensions ['colcon_meta']
[0.682s] Level 1:colcon.colcon_core.package_identification:_identify(src/number_actions) by extension 'colcon_meta'
[0.682s] Level 1:colcon.colcon_core.package_identification:_identify(src/number_actions) by extensions ['ros']
[0.682s] Level 1:colcon.colcon_core.package_identification:_identify(src/number_actions) by extension 'ros'
[0.683s] DEBUG:colcon.colcon_core.package_identification:Package 'src/number_actions' with type 'ros.ament_cmake' and name 'number_actions'
[0.684s] Level 1:colcon.colcon_core.package_discovery:discover_packages(recursive) using defaults
[0.684s] Level 1:colcon.colcon_core.package_discovery:discover_packages(ignore) discover
[0.684s] Level 1:colcon.colcon_core.package_discovery:discover_packages(ignore) using defaults
[0.684s] Level 1:colcon.colcon_core.package_discovery:discover_packages(path) discover
[0.684s] Level 1:colcon.colcon_core.package_discovery:discover_packages(path) using defaults
[0.722s] Level 1:colcon.colcon_core.package_discovery:discover_packages(prefix_path) check parameters
[0.723s] Level 1:colcon.colcon_core.package_discovery:discover_packages(prefix_path) discover
[0.728s] DEBUG:colcon.colcon_installed_package_information.package_discovery:Found 363 installed packages in /opt/ros/humble
[0.734s] Level 1:colcon.colcon_core.package_discovery:discover_packages(prefix_path) using defaults
[0.823s] Level 5:colcon.colcon_core.verb:set package 'number_actions' build argument 'cmake_args' from command line to 'None'
[0.824s] Level 5:colcon.colcon_core.verb:set package 'number_actions' build argument 'cmake_target' from command line to 'None'
[0.824s] Level 5:colcon.colcon_core.verb:set package 'number_actions' build argument 'cmake_target_skip_unavailable' from command line to 'False'
[0.824s] Level 5:colcon.colcon_core.verb:set package 'number_actions' build argument 'cmake_clean_cache' from command line to 'False'
[0.824s] Level 5:colcon.colcon_core.verb:set package 'number_actions' build argument 'cmake_clean_first' from command line to 'False'
[0.824s] Level 5:colcon.colcon_core.verb:set package 'number_actions' build argument 'cmake_force_configure' from command line to 'False'
[0.824s] Level 5:colcon.colcon_core.verb:set package 'number_actions' build argument 'ament_cmake_args' from command line to 'None'
[0.824s] Level 5:colcon.colcon_core.verb:set package 'number_actions' build argument 'catkin_cmake_args' from command line to 'None'
[0.824s] Level 5:colcon.colcon_core.verb:set package 'number_actions' build argument 'catkin_skip_building_tests' from command line to 'False'
[0.824s] DEBUG:colcon.colcon_core.verb:Building package 'number_actions' with the following arguments: {'ament_cmake_args': None, 'build_base': '/home/thien/Documents/IE_ROS/Project_6/build/number_actions', 'catkin_cmake_args': None, 'catkin_skip_building_tests': False, 'cmake_args': None, 'cmake_clean_cache': False, 'cmake_clean_first': False, 'cmake_force_configure': False, 'cmake_target': None, 'cmake_target_skip_unavailable': False, 'install_base': '/home/thien/Documents/IE_ROS/Project_6/install/number_actions', 'merge_install': False, 'path': '/home/thien/Documents/IE_ROS/Project_6/src/number_actions', 'symlink_install': False, 'test_result_base': None}
[0.825s] Level 5:colcon.colcon_core.verb:set package 'fun_numbers' build argument 'cmake_args' from command line to 'None'
[0.826s] Level 5:colcon.colcon_core.verb:set package 'fun_numbers' build argument 'cmake_target' from command line to 'None'
[0.826s] Level 5:colcon.colcon_core.verb:set package 'fun_numbers' build argument 'cmake_target_skip_unavailable' from command line to 'False'
[0.826s] Level 5:colcon.colcon_core.verb:set package 'fun_numbers' build argument 'cmake_clean_cache' from command line to 'False'
[0.826s] Level 5:colcon.colcon_core.verb:set package 'fun_numbers' build argument 'cmake_clean_first' from command line to 'False'
[0.826s] Level 5:colcon.colcon_core.verb:set package 'fun_numbers' build argument 'cmake_force_configure' from command line to 'False'
[0.826s] Level 5:colcon.colcon_core.verb:set package 'fun_numbers' build argument 'ament_cmake_args' from command line to 'None'
[0.826s] Level 5:colcon.colcon_core.verb:set package 'fun_numbers' build argument 'catkin_cmake_args' from command line to 'None'
[0.826s] Level 5:colcon.colcon_core.verb:set package 'fun_numbers' build argument 'catkin_skip_building_tests' from command line to 'False'
[0.826s] DEBUG:colcon.colcon_core.verb:Building package 'fun_numbers' with the following arguments: {'ament_cmake_args': None, 'build_base': '/home/thien/Documents/IE_ROS/Project_6/build/fun_numbers', 'catkin_cmake_args': None, 'catkin_skip_building_tests': False, 'cmake_args': None, 'cmake_clean_cache': False, 'cmake_clean_first': False, 'cmake_force_configure': False, 'cmake_target': None, 'cmake_target_skip_unavailable': False, 'install_base': '/home/thien/Documents/IE_ROS/Project_6/install/fun_numbers', 'merge_install': False, 'path': '/home/thien/Documents/IE_ROS/Project_6/src/fun_numbers', 'symlink_install': False, 'test_result_base': None}
[0.827s] INFO:colcon.colcon_core.executor:Executing jobs using 'parallel' executor
[0.830s] DEBUG:colcon.colcon_parallel_executor.executor.parallel:run_until_complete
[0.830s] INFO:colcon.colcon_ros.task.ament_cmake.build:Building ROS package in '/home/thien/Documents/IE_ROS/Project_6/src/number_actions' with build type 'ament_cmake'
[0.831s] INFO:colcon.colcon_cmake.task.cmake.build:Building CMake package in '/home/thien/Documents/IE_ROS/Project_6/src/number_actions'
[0.835s] INFO:colcon.colcon_core.plugin_system:Skipping extension 'colcon_core.shell.bat': Not used on non-Windows systems
[0.835s] INFO:colcon.colcon_core.shell:Skip shell extension 'powershell' for command environment: Not usable outside of PowerShell
[0.836s] DEBUG:colcon.colcon_core.shell:Skip shell extension 'dsv' for command environment
[0.860s] DEBUG:colcon.colcon_core.event_handler.log_command:Invoking command in '/home/thien/Documents/IE_ROS/Project_6/build/number_actions': CMAKE_PREFIX_PATH=/opt/ros/humble /usr/bin/cmake --build /home/thien/Documents/IE_ROS/Project_6/build/number_actions -- -j8 -l8
[1.181s] DEBUG:colcon.colcon_core.event_handler.log_command:Invoked command in '/home/thien/Documents/IE_ROS/Project_6/build/number_actions' returned '0': CMAKE_PREFIX_PATH=/opt/ros/humble /usr/bin/cmake --build /home/thien/Documents/IE_ROS/Project_6/build/number_actions -- -j8 -l8
[1.322s] DEBUG:colcon.colcon_core.event_handler.log_command:Invoking command in '/home/thien/Documents/IE_ROS/Project_6/build/number_actions': CMAKE_PREFIX_PATH=/opt/ros/humble /usr/bin/cmake --install /home/thien/Documents/IE_ROS/Project_6/build/number_actions
[1.368s] Level 1:colcon.colcon_core.environment:create_environment_scripts_only(number_actions)
[1.375s] DEBUG:colcon.colcon_core.event_handler.log_command:Invoked command in '/home/thien/Documents/IE_ROS/Project_6/build/number_actions' returned '0': CMAKE_PREFIX_PATH=/opt/ros/humble /usr/bin/cmake --install /home/thien/Documents/IE_ROS/Project_6/build/number_actions
[1.377s] Level 1:colcon.colcon_core.environment:checking '/home/thien/Documents/IE_ROS/Project_6/install/number_actions' for CMake module files
[1.379s] Level 1:colcon.colcon_core.environment:checking '/home/thien/Documents/IE_ROS/Project_6/install/number_actions' for CMake config files
[1.380s] Level 1:colcon.colcon_core.shell:create_environment_hook('number_actions', 'cmake_prefix_path')
[1.381s] INFO:colcon.colcon_core.shell:Creating environment hook '/home/thien/Documents/IE_ROS/Project_6/install/number_actions/share/number_actions/hook/cmake_prefix_path.ps1'
[1.382s] INFO:colcon.colcon_core.shell:Creating environment descriptor '/home/thien/Documents/IE_ROS/Project_6/install/number_actions/share/number_actions/hook/cmake_prefix_path.dsv'
[1.383s] INFO:colcon.colcon_core.shell:Creating environment hook '/home/thien/Documents/IE_ROS/Project_6/install/number_actions/share/number_actions/hook/cmake_prefix_path.sh'
[1.385s] Level 1:colcon.colcon_core.environment:checking '/home/thien/Documents/IE_ROS/Project_6/install/number_actions/lib'
[1.385s] Level 1:colcon.colcon_core.shell:create_environment_hook('number_actions', 'ld_library_path_lib')
[1.386s] INFO:colcon.colcon_core.shell:Creating environment hook '/home/thien/Documents/IE_ROS/Project_6/install/number_actions/share/number_actions/hook/ld_library_path_lib.ps1'
[1.387s] INFO:colcon.colcon_core.shell:Creating environment descriptor '/home/thien/Documents/IE_ROS/Project_6/install/number_actions/share/number_actions/hook/ld_library_path_lib.dsv'
[1.387s] INFO:colcon.colcon_core.shell:Creating environment hook '/home/thien/Documents/IE_ROS/Project_6/install/number_actions/share/number_actions/hook/ld_library_path_lib.sh'
[1.388s] Level 1:colcon.colcon_core.environment:checking '/home/thien/Documents/IE_ROS/Project_6/install/number_actions/bin'
[1.388s] Level 1:colcon.colcon_core.environment:checking '/home/thien/Documents/IE_ROS/Project_6/install/number_actions/lib/pkgconfig/number_actions.pc'
[1.388s] Level 1:colcon.colcon_core.environment:checking '/home/thien/Documents/IE_ROS/Project_6/install/number_actions/lib/python3.10/site-packages'
[1.389s] Level 1:colcon.colcon_core.environment:checking '/home/thien/Documents/IE_ROS/Project_6/install/number_actions/bin'
[1.390s] INFO:colcon.colcon_core.shell:Creating package script '/home/thien/Documents/IE_ROS/Project_6/install/number_actions/share/number_actions/package.ps1'
[1.393s] INFO:colcon.colcon_core.shell:Creating package descriptor '/home/thien/Documents/IE_ROS/Project_6/install/number_actions/share/number_actions/package.dsv'
[1.394s] INFO:colcon.colcon_core.shell:Creating package script '/home/thien/Documents/IE_ROS/Project_6/install/number_actions/share/number_actions/package.sh'
[1.396s] INFO:colcon.colcon_core.shell:Creating package script '/home/thien/Documents/IE_ROS/Project_6/install/number_actions/share/number_actions/package.bash'
[1.398s] INFO:colcon.colcon_core.shell:Creating package script '/home/thien/Documents/IE_ROS/Project_6/install/number_actions/share/number_actions/package.zsh'
[1.399s] Level 1:colcon.colcon_core.environment:create_file_with_runtime_dependencies(/home/thien/Documents/IE_ROS/Project_6/install/number_actions/share/colcon-core/packages/number_actions)
[1.506s] Level 1:colcon.colcon_core.environment:create_environment_scripts_only(number_actions)
[1.507s] Level 1:colcon.colcon_core.environment:checking '/home/thien/Documents/IE_ROS/Project_6/install/number_actions' for CMake module files
[1.508s] Level 1:colcon.colcon_core.environment:checking '/home/thien/Documents/IE_ROS/Project_6/install/number_actions' for CMake config files
[1.509s] Level 1:colcon.colcon_core.shell:create_environment_hook('number_actions', 'cmake_prefix_path')
[1.509s] INFO:colcon.colcon_core.shell:Creating environment hook '/home/thien/Documents/IE_ROS/Project_6/install/number_actions/share/number_actions/hook/cmake_prefix_path.ps1'
[1.510s] INFO:colcon.colcon_core.shell:Creating environment descriptor '/home/thien/Documents/IE_ROS/Project_6/install/number_actions/share/number_actions/hook/cmake_prefix_path.dsv'
[1.511s] INFO:colcon.colcon_core.shell:Creating environment hook '/home/thien/Documents/IE_ROS/Project_6/install/number_actions/share/number_actions/hook/cmake_prefix_path.sh'
[1.513s] Level 1:colcon.colcon_core.environment:checking '/home/thien/Documents/IE_ROS/Project_6/install/number_actions/lib'
[1.513s] Level 1:colcon.colcon_core.shell:create_environment_hook('number_actions', 'ld_library_path_lib')
[1.514s] INFO:colcon.colcon_core.shell:Creating environment hook '/home/thien/Documents/IE_ROS/Project_6/install/number_actions/share/number_actions/hook/ld_library_path_lib.ps1'
[1.515s] INFO:colcon.colcon_core.shell:Creating environment descriptor '/home/thien/Documents/IE_ROS/Project_6/install/number_actions/share/number_actions/hook/ld_library_path_lib.dsv'
[1.516s] INFO:colcon.colcon_core.shell:Creating environment hook '/home/thien/Documents/IE_ROS/Project_6/install/number_actions/share/number_actions/hook/ld_library_path_lib.sh'
[1.517s] Level 1:colcon.colcon_core.environment:checking '/home/thien/Documents/IE_ROS/Project_6/install/number_actions/bin'
[1.517s] Level 1:colcon.colcon_core.environment:checking '/home/thien/Documents/IE_ROS/Project_6/install/number_actions/lib/pkgconfig/number_actions.pc'
[1.517s] Level 1:colcon.colcon_core.environment:checking '/home/thien/Documents/IE_ROS/Project_6/install/number_actions/lib/python3.10/site-packages'
[1.518s] Level 1:colcon.colcon_core.environment:checking '/home/thien/Documents/IE_ROS/Project_6/install/number_actions/bin'
[1.518s] INFO:colcon.colcon_core.shell:Creating package script '/home/thien/Documents/IE_ROS/Project_6/install/number_actions/share/number_actions/package.ps1'
[1.520s] INFO:colcon.colcon_core.shell:Creating package descriptor '/home/thien/Documents/IE_ROS/Project_6/install/number_actions/share/number_actions/package.dsv'
[1.521s] INFO:colcon.colcon_core.shell:Creating package script '/home/thien/Documents/IE_ROS/Project_6/install/number_actions/share/number_actions/package.sh'
[1.521s] INFO:colcon.colcon_core.shell:Creating package script '/home/thien/Documents/IE_ROS/Project_6/install/number_actions/share/number_actions/package.bash'
[1.522s] INFO:colcon.colcon_core.shell:Creating package script '/home/thien/Documents/IE_ROS/Project_6/install/number_actions/share/number_actions/package.zsh'
[1.523s] Level 1:colcon.colcon_core.environment:create_file_with_runtime_dependencies(/home/thien/Documents/IE_ROS/Project_6/install/number_actions/share/colcon-core/packages/number_actions)
[1.524s] INFO:colcon.colcon_ros.task.ament_cmake.build:Building ROS package in '/home/thien/Documents/IE_ROS/Project_6/src/fun_numbers' with build type 'ament_cmake'
[1.524s] INFO:colcon.colcon_cmake.task.cmake.build:Building CMake package in '/home/thien/Documents/IE_ROS/Project_6/src/fun_numbers'
[1.525s] INFO:colcon.colcon_core.shell:Skip shell extension 'powershell' for command environment: Not usable outside of PowerShell
[1.525s] DEBUG:colcon.colcon_core.shell:Skip shell extension 'dsv' for command environment
[1.553s] DEBUG:colcon.colcon_core.event_handler.log_command:Invoking command in '/home/thien/Documents/IE_ROS/Project_6/build/fun_numbers': AMENT_PREFIX_PATH=/home/thien/Documents/IE_ROS/Project_6/install/number_actions:${AMENT_PREFIX_PATH} CMAKE_PREFIX_PATH=/home/thien/Documents/IE_ROS/Project_6/install/number_actions:/opt/ros/humble LD_LIBRARY_PATH=/home/thien/Documents/IE_ROS/Project_6/install/number_actions/lib:${LD_LIBRARY_PATH} /usr/bin/cmake --build /home/thien/Documents/IE_ROS/Project_6/build/fun_numbers -- -j8 -l8
[10.313s] DEBUG:colcon.colcon_core.event_handler.log_command:Invoked command in '/home/thien/Documents/IE_ROS/Project_6/build/fun_numbers' returned '0': AMENT_PREFIX_PATH=/home/thien/Documents/IE_ROS/Project_6/install/number_actions:${AMENT_PREFIX_PATH} CMAKE_PREFIX_PATH=/home/thien/Documents/IE_ROS/Project_6/install/number_actions:/opt/ros/humble LD_LIBRARY_PATH=/home/thien/Documents/IE_ROS/Project_6/install/number_actions/lib:${LD_LIBRARY_PATH} /usr/bin/cmake --build /home/thien/Documents/IE_ROS/Project_6/build/fun_numbers -- -j8 -l8
[10.404s] DEBUG:colcon.colcon_core.event_handler.log_command:Invoking command in '/home/thien/Documents/IE_ROS/Project_6/build/fun_numbers': AMENT_PREFIX_PATH=/home/thien/Documents/IE_ROS/Project_6/install/number_actions:${AMENT_PREFIX_PATH} CMAKE_PREFIX_PATH=/home/thien/Documents/IE_ROS/Project_6/install/number_actions:/opt/ros/humble LD_LIBRARY_PATH=/home/thien/Documents/IE_ROS/Project_6/install/number_actions/lib:${LD_LIBRARY_PATH} /usr/bin/cmake --install /home/thien/Documents/IE_ROS/Project_6/build/fun_numbers
[10.435s] Level 1:colcon.colcon_core.environment:create_environment_scripts_only(fun_numbers)
[10.436s] Level 1:colcon.colcon_core.environment:checking '/home/thien/Documents/IE_ROS/Project_6/install/fun_numbers' for CMake module files
[10.438s] DEBUG:colcon.colcon_core.event_handler.log_command:Invoked command in '/home/thien/Documents/IE_ROS/Project_6/build/fun_numbers' returned '0': AMENT_PREFIX_PATH=/home/thien/Documents/IE_ROS/Project_6/install/number_actions:${AMENT_PREFIX_PATH} CMAKE_PREFIX_PATH=/home/thien/Documents/IE_ROS/Project_6/install/number_actions:/opt/ros/humble LD_LIBRARY_PATH=/home/thien/Documents/IE_ROS/Project_6/install/number_actions/lib:${LD_LIBRARY_PATH} /usr/bin/cmake --install /home/thien/Documents/IE_ROS/Project_6/build/fun_numbers
[10.439s] Level 1:colcon.colcon_core.environment:checking '/home/thien/Documents/IE_ROS/Project_6/install/fun_numbers' for CMake config files
[10.439s] Level 1:colcon.colcon_core.shell:create_environment_hook('fun_numbers', 'cmake_prefix_path')
[10.440s] INFO:colcon.colcon_core.shell:Creating environment hook '/home/thien/Documents/IE_ROS/Project_6/install/fun_numbers/share/fun_numbers/hook/cmake_prefix_path.ps1'
[10.441s] INFO:colcon.colcon_core.shell:Creating environment descriptor '/home/thien/Documents/IE_ROS/Project_6/install/fun_numbers/share/fun_numbers/hook/cmake_prefix_path.dsv'
[10.442s] INFO:colcon.colcon_core.shell:Creating environment hook '/home/thien/Documents/IE_ROS/Project_6/install/fun_numbers/share/fun_numbers/hook/cmake_prefix_path.sh'
[10.443s] Level 1:colcon.colcon_core.environment:checking '/home/thien/Documents/IE_ROS/Project_6/install/fun_numbers/lib'
[10.443s] Level 1:colcon.colcon_core.environment:checking '/home/thien/Documents/IE_ROS/Project_6/install/fun_numbers/bin'
[10.443s] Level 1:colcon.colcon_core.environment:checking '/home/thien/Documents/IE_ROS/Project_6/install/fun_numbers/lib/pkgconfig/fun_numbers.pc'
[10.443s] Level 1:colcon.colcon_core.environment:checking '/home/thien/Documents/IE_ROS/Project_6/install/fun_numbers/lib/python3.10/site-packages'
[10.444s] Level 1:colcon.colcon_core.environment:checking '/home/thien/Documents/IE_ROS/Project_6/install/fun_numbers/bin'
[10.444s] INFO:colcon.colcon_core.shell:Creating package script '/home/thien/Documents/IE_ROS/Project_6/install/fun_numbers/share/fun_numbers/package.ps1'
[10.445s] INFO:colcon.colcon_core.shell:Creating package descriptor '/home/thien/Documents/IE_ROS/Project_6/install/fun_numbers/share/fun_numbers/package.dsv'
[10.446s] INFO:colcon.colcon_core.shell:Creating package script '/home/thien/Documents/IE_ROS/Project_6/install/fun_numbers/share/fun_numbers/package.sh'
[10.446s] INFO:colcon.colcon_core.shell:Creating package script '/home/thien/Documents/IE_ROS/Project_6/install/fun_numbers/share/fun_numbers/package.bash'
[10.447s] INFO:colcon.colcon_core.shell:Creating package script '/home/thien/Documents/IE_ROS/Project_6/install/fun_numbers/share/fun_numbers/package.zsh'
[10.447s] Level 1:colcon.colcon_core.environment:create_file_with_runtime_dependencies(/home/thien/Documents/IE_ROS/Project_6/install/fun_numbers/share/colcon-core/packages/fun_numbers)
[10.508s] Level 1:colcon.colcon_core.environment:create_environment_scripts_only(fun_numbers)
[10.508s] Level 1:colcon.colcon_core.environment:checking '/home/thien/Documents/IE_ROS/Project_6/install/fun_numbers' for CMake module files
[10.509s] Level 1:colcon.colcon_core.environment:checking '/home/thien/Documents/IE_ROS/Project_6/install/fun_numbers' for CMake config files
[10.510s] Level 1:colcon.colcon_core.shell:create_environment_hook('fun_numbers', 'cmake_prefix_path')
[10.510s] INFO:colcon.colcon_core.shell:Creating environment hook '/home/thien/Documents/IE_ROS/Project_6/install/fun_numbers/share/fun_numbers/hook/cmake_prefix_path.ps1'
[10.511s] INFO:colcon.colcon_core.shell:Creating environment descriptor '/home/thien/Documents/IE_ROS/Project_6/install/fun_numbers/share/fun_numbers/hook/cmake_prefix_path.dsv'
[10.511s] INFO:colcon.colcon_core.shell:Creating environment hook '/home/thien/Documents/IE_ROS/Project_6/install/fun_numbers/share/fun_numbers/hook/cmake_prefix_path.sh'
[10.512s] Level 1:colcon.colcon_core.environment:checking '/home/thien/Documents/IE_ROS/Project_6/install/fun_numbers/lib'
[10.512s] Level 1:colcon.colcon_core.environment:checking '/home/thien/Documents/IE_ROS/Project_6/install/fun_numbers/bin'
[10.513s] Level 1:colcon.colcon_core.environment:checking '/home/thien/Documents/IE_ROS/Project_6/install/fun_numbers/lib/pkgconfig/fun_numbers.pc'
[10.513s] Level 1:colcon.colcon_core.environment:checking '/home/thien/Documents/IE_ROS/Project_6/install/fun_numbers/lib/python3.10/site-packages'
[10.513s] Level 1:colcon.colcon_core.environment:checking '/home/thien/Documents/IE_ROS/Project_6/install/fun_numbers/bin'
[10.514s] INFO:colcon.colcon_core.shell:Creating package script '/home/thien/Documents/IE_ROS/Project_6/install/fun_numbers/share/fun_numbers/package.ps1'
[10.516s] INFO:colcon.colcon_core.shell:Creating package descriptor '/home/thien/Documents/IE_ROS/Project_6/install/fun_numbers/share/fun_numbers/package.dsv'
[10.517s] INFO:colcon.colcon_core.shell:Creating package script '/home/thien/Documents/IE_ROS/Project_6/install/fun_numbers/share/fun_numbers/package.sh'
[10.519s] INFO:colcon.colcon_core.shell:Creating package script '/home/thien/Documents/IE_ROS/Project_6/install/fun_numbers/share/fun_numbers/package.bash'
[10.520s] INFO:colcon.colcon_core.shell:Creating package script '/home/thien/Documents/IE_ROS/Project_6/install/fun_numbers/share/fun_numbers/package.zsh'
[10.522s] Level 1:colcon.colcon_core.environment:create_file_with_runtime_dependencies(/home/thien/Documents/IE_ROS/Project_6/install/fun_numbers/share/colcon-core/packages/fun_numbers)
[10.524s] DEBUG:colcon.colcon_parallel_executor.executor.parallel:closing loop
[10.525s] DEBUG:colcon.colcon_parallel_executor.executor.parallel:loop closed
[10.525s] DEBUG:colcon.colcon_parallel_executor.executor.parallel:run_until_complete finished with '0'
[10.526s] DEBUG:colcon.colcon_core.event_reactor:joining thread
[10.539s] INFO:colcon.colcon_core.plugin_system:Skipping extension 'colcon_notification.desktop_notification.terminal_notifier': Not used on non-Darwin systems
[10.540s] INFO:colcon.colcon_core.plugin_system:Skipping extension 'colcon_notification.desktop_notification.win32': Not used on non-Windows systems
[10.540s] INFO:colcon.colcon_notification.desktop_notification:Sending desktop notification using 'notify2'
[10.556s] DEBUG:colcon.colcon_core.event_reactor:joined thread
[10.557s] INFO:colcon.colcon_core.shell:Creating prefix script '/home/thien/Documents/IE_ROS/Project_6/install/local_setup.ps1'
[10.559s] INFO:colcon.colcon_core.shell:Creating prefix util module '/home/thien/Documents/IE_ROS/Project_6/install/_local_setup_util_ps1.py'
[10.562s] INFO:colcon.colcon_core.shell:Creating prefix chain script '/home/thien/Documents/IE_ROS/Project_6/install/setup.ps1'
[10.564s] INFO:colcon.colcon_core.shell:Creating prefix script '/home/thien/Documents/IE_ROS/Project_6/install/local_setup.sh'
[10.565s] INFO:colcon.colcon_core.shell:Creating prefix util module '/home/thien/Documents/IE_ROS/Project_6/install/_local_setup_util_sh.py'
[10.567s] INFO:colcon.colcon_core.shell:Creating prefix chain script '/home/thien/Documents/IE_ROS/Project_6/install/setup.sh'
[10.569s] INFO:colcon.colcon_core.shell:Creating prefix script '/home/thien/Documents/IE_ROS/Project_6/install/local_setup.bash'
[10.571s] INFO:colcon.colcon_core.shell:Creating prefix chain script '/home/thien/Documents/IE_ROS/Project_6/install/setup.bash'
[10.572s] INFO:colcon.colcon_core.shell:Creating prefix script '/home/thien/Documents/IE_ROS/Project_6/install/local_setup.zsh'
[10.574s] INFO:colcon.colcon_core.shell:Creating prefix chain script '/home/thien/Documents/IE_ROS/Project_6/install/setup.zsh'
