[0.234s] DEBUG:colcon:Command line arguments: ['/usr/bin/colcon', 'build', '--packages-select', 'fun_numbers', 'number_actions']
[0.234s] DEBUG:colcon:Parsed command line arguments: Namespace(log_base=None, log_level=None, verb_name='build', build_base='build', install_base='install', merge_install=False, symlink_install=False, test_result_base=None, continue_on_error=False, executor='parallel', parallel_workers=8, event_handlers=None, ignore_user_meta=False, metas=['./colcon.meta'], base_paths=['.'], packages_ignore=None, packages_ignore_regex=None, paths=None, packages_up_to=None, packages_up_to_regex=None, packages_above=None, packages_above_and_dependencies=None, packages_above_depth=None, packages_select_by_dep=None, packages_skip_by_dep=None, packages_skip_up_to=None, packages_select_build_failed=False, packages_skip_build_finished=False, packages_select_test_failures=False, packages_skip_test_passed=False, packages_select=['fun_numbers', 'number_actions'], packages_skip=None, packages_select_regex=None, packages_skip_regex=None, packages_start=None, packages_end=None, allow_overriding=[], cmake_args=None, cmake_target=None, cmake_target_skip_unavailable=False, cmake_clean_cache=False, cmake_clean_first=False, cmake_force_configure=False, ament_cmake_args=None, catkin_cmake_args=None, catkin_skip_building_tests=False, mixin_files=None, mixin=None, verb_parser=<colcon_mixin.mixin.mixin_argument.MixinArgumentDecorator object at 0x780f8a930460>, verb_extension=<colcon_core.verb.build.BuildVerb object at 0x780f8a903a00>, main=<bound method BuildVerb.main of <colcon_core.verb.build.BuildVerb object at 0x780f8a903a00>>, mixin_verb=('build',))
[0.652s] Level 1:colcon.colcon_core.package_discovery:discover_packages(colcon_meta) check parameters
[0.652s] Level 1:colcon.colcon_core.package_discovery:discover_packages(recursive) check parameters
[0.652s] Level 1:colcon.colcon_core.package_discovery:discover_packages(ignore) check parameters
[0.652s] Level 1:colcon.colcon_core.package_discovery:discover_packages(path) check parameters
[0.653s] Level 1:colcon.colcon_core.package_discovery:discover_packages(colcon_meta) discover
[0.653s] Level 1:colcon.colcon_core.package_discovery:discover_packages(recursive) discover
[0.653s] INFO:colcon.colcon_core.package_discovery:Crawling recursively for packages in '/home/thien/Documents/IE_ROS/Project_6'
[0.653s] Level 1:colcon.colcon_core.package_identification:_identify(.) by extensions ['ignore', 'ignore_ament_install']
[0.653s] Level 1:colcon.colcon_core.package_identification:_identify(.) by extension 'ignore'
[0.654s] Level 1:colcon.colcon_core.package_identification:_identify(.) by extension 'ignore_ament_install'
[0.654s] Level 1:colcon.colcon_core.package_identification:_identify(.) by extensions ['colcon_pkg']
[0.654s] Level 1:colcon.colcon_core.package_identification:_identify(.) by extension 'colcon_pkg'
[0.654s] Level 1:colcon.colcon_core.package_identification:_identify(.) by extensions ['colcon_meta']
[0.654s] Level 1:colcon.colcon_core.package_identification:_identify(.) by extension 'colcon_meta'
[0.654s] Level 1:colcon.colcon_core.package_identification:_identify(.) by extensions ['ros']
[0.654s] Level 1:colcon.colcon_core.package_identification:_identify(.) by extension 'ros'
[0.722s] Level 1:colcon.colcon_core.package_identification:_identify(.) by extensions ['cmake', 'python']
[0.722s] Level 1:colcon.colcon_core.package_identification:_identify(.) by extension 'cmake'
[0.723s] Level 1:colcon.colcon_core.package_identification:_identify(.) by extension 'python'
[0.723s] Level 1:colcon.colcon_core.package_identification:_identify(.) by extensions ['python_setup_py']
[0.723s] Level 1:colcon.colcon_core.package_identification:_identify(.) by extension 'python_setup_py'
[0.723s] Level 1:colcon.colcon_core.package_identification:_identify(build) by extensions ['ignore', 'ignore_ament_install']
[0.723s] Level 1:colcon.colcon_core.package_identification:_identify(build) by extension 'ignore'
[0.723s] Level 1:colcon.colcon_core.package_identification:_identify(build) ignored
[0.724s] Level 1:colcon.colcon_core.package_identification:_identify(install) by extensions ['ignore', 'ignore_ament_install']
[0.724s] Level 1:colcon.colcon_core.package_identification:_identify(install) by extension 'ignore'
[0.724s] Level 1:colcon.colcon_core.package_identification:_identify(install) ignored
[0.724s] Level 1:colcon.colcon_core.package_identification:_identify(log) by extensions ['ignore', 'ignore_ament_install']
[0.724s] Level 1:colcon.colcon_core.package_identification:_identify(log) by extension 'ignore'
[0.724s] Level 1:colcon.colcon_core.package_identification:_identify(log) ignored
[0.724s] Level 1:colcon.colcon_core.package_identification:_identify(src) by extensions ['ignore', 'ignore_ament_install']
[0.724s] Level 1:colcon.colcon_core.package_identification:_identify(src) by extension 'ignore'
[0.725s] Level 1:colcon.colcon_core.package_identification:_identify(src) by extension 'ignore_ament_install'
[0.725s] Level 1:colcon.colcon_core.package_identification:_identify(src) by extensions ['colcon_pkg']
[0.725s] Level 1:colcon.colcon_core.package_identification:_identify(src) by extension 'colcon_pkg'
[0.725s] Level 1:colcon.colcon_core.package_identification:_identify(src) by extensions ['colcon_meta']
[0.725s] Level 1:colcon.colcon_core.package_identification:_identify(src) by extension 'colcon_meta'
[0.725s] Level 1:colcon.colcon_core.package_identification:_identify(src) by extensions ['ros']
[0.725s] Level 1:colcon.colcon_core.package_identification:_identify(src) by extension 'ros'
[0.725s] Level 1:colcon.colcon_core.package_identification:_identify(src) by extensions ['cmake', 'python']
[0.725s] Level 1:colcon.colcon_core.package_identification:_identify(src) by extension 'cmake'
[0.725s] Level 1:colcon.colcon_core.package_identification:_identify(src) by extension 'python'
[0.726s] Level 1:colcon.colcon_core.package_identification:_identify(src) by extensions ['python_setup_py']
[0.726s] Level 1:colcon.colcon_core.package_identification:_identify(src) by extension 'python_setup_py'
[0.726s] Level 1:colcon.colcon_core.package_identification:_identify(src/fun_numbers) by extensions ['ignore', 'ignore_ament_install']
[0.726s] Level 1:colcon.colcon_core.package_identification:_identify(src/fun_numbers) by extension 'ignore'
[0.726s] Level 1:colcon.colcon_core.package_identification:_identify(src/fun_numbers) by extension 'ignore_ament_install'
[0.726s] Level 1:colcon.colcon_core.package_identification:_identify(src/fun_numbers) by extensions ['colcon_pkg']
[0.726s] Level 1:colcon.colcon_core.package_identification:_identify(src/fun_numbers) by extension 'colcon_pkg'
[0.726s] Level 1:colcon.colcon_core.package_identification:_identify(src/fun_numbers) by extensions ['colcon_meta']
[0.726s] Level 1:colcon.colcon_core.package_identification:_identify(src/fun_numbers) by extension 'colcon_meta'
[0.726s] Level 1:colcon.colcon_core.package_identification:_identify(src/fun_numbers) by extensions ['ros']
[0.727s] Level 1:colcon.colcon_core.package_identification:_identify(src/fun_numbers) by extension 'ros'
[0.732s] DEBUG:colcon.colcon_core.package_identification:Package 'src/fun_numbers' with type 'ros.ament_cmake' and name 'fun_numbers'
[0.732s] Level 1:colcon.colcon_core.package_identification:_identify(src/number_actions) by extensions ['ignore', 'ignore_ament_install']
[0.733s] Level 1:colcon.colcon_core.package_identification:_identify(src/number_actions) by extension 'ignore'
[0.733s] Level 1:colcon.colcon_core.package_identification:_identify(src/number_actions) by extension 'ignore_ament_install'
[0.733s] Level 1:colcon.colcon_core.package_identification:_identify(src/number_actions) by extensions ['colcon_pkg']
[0.733s] Level 1:colcon.colcon_core.package_identification:_identify(src/number_actions) by extension 'colcon_pkg'
[0.733s] Level 1:colcon.colcon_core.package_identification:_identify(src/number_actions) by extensions ['colcon_meta']
[0.733s] Level 1:colcon.colcon_core.package_identification:_identify(src/number_actions) by extension 'colcon_meta'
[0.733s] Level 1:colcon.colcon_core.package_identification:_identify(src/number_actions) by extensions ['ros']
[0.733s] Level 1:colcon.colcon_core.package_identification:_identify(src/number_actions) by extension 'ros'
[0.735s] DEBUG:colcon.colcon_core.package_identification:Package 'src/number_actions' with type 'ros.ament_cmake' and name 'number_actions'
[0.735s] Level 1:colcon.colcon_core.package_discovery:discover_packages(recursive) using defaults
[0.736s] Level 1:colcon.colcon_core.package_discovery:discover_packages(ignore) discover
[0.736s] Level 1:colcon.colcon_core.package_discovery:discover_packages(ignore) using defaults
[0.736s] Level 1:colcon.colcon_core.package_discovery:discover_packages(path) discover
[0.736s] Level 1:colcon.colcon_core.package_discovery:discover_packages(path) using defaults
[0.777s] Level 1:colcon.colcon_core.package_discovery:discover_packages(prefix_path) check parameters
[0.778s] Level 1:colcon.colcon_core.package_discovery:discover_packages(prefix_path) discover
[0.781s] DEBUG:colcon.colcon_installed_package_information.package_discovery:Found 2 installed packages in /home/thien/Documents/IE_ROS/Project_6/install
[0.785s] DEBUG:colcon.colcon_installed_package_information.package_discovery:Found 363 installed packages in /opt/ros/humble
[0.790s] Level 1:colcon.colcon_core.package_discovery:discover_packages(prefix_path) using defaults
[0.889s] Level 5:colcon.colcon_core.verb:set package 'number_actions' build argument 'cmake_args' from command line to 'None'
[0.889s] Level 5:colcon.colcon_core.verb:set package 'number_actions' build argument 'cmake_target' from command line to 'None'
[0.889s] Level 5:colcon.colcon_core.verb:set package 'number_actions' build argument 'cmake_target_skip_unavailable' from command line to 'False'
[0.890s] Level 5:colcon.colcon_core.verb:set package 'number_actions' build argument 'cmake_clean_cache' from command line to 'False'
[0.890s] Level 5:colcon.colcon_core.verb:set package 'number_actions' build argument 'cmake_clean_first' from command line to 'False'
[0.890s] Level 5:colcon.colcon_core.verb:set package 'number_actions' build argument 'cmake_force_configure' from command line to 'False'
[0.890s] Level 5:colcon.colcon_core.verb:set package 'number_actions' build argument 'ament_cmake_args' from command line to 'None'
[0.890s] Level 5:colcon.colcon_core.verb:set package 'number_actions' build argument 'catkin_cmake_args' from command line to 'None'
[0.890s] Level 5:colcon.colcon_core.verb:set package 'number_actions' build argument 'catkin_skip_building_tests' from command line to 'False'
[0.890s] DEBUG:colcon.colcon_core.verb:Building package 'number_actions' with the following arguments: {'ament_cmake_args': None, 'build_base': '/home/thien/Documents/IE_ROS/Project_6/build/number_actions', 'catkin_cmake_args': None, 'catkin_skip_building_tests': False, 'cmake_args': None, 'cmake_clean_cache': False, 'cmake_clean_first': False, 'cmake_force_configure': False, 'cmake_target': None, 'cmake_target_skip_unavailable': False, 'install_base': '/home/thien/Documents/IE_ROS/Project_6/install/number_actions', 'merge_install': False, 'path': '/home/thien/Documents/IE_ROS/Project_6/src/number_actions', 'symlink_install': False, 'test_result_base': None}
[0.891s] Level 5:colcon.colcon_core.verb:set package 'fun_numbers' build argument 'cmake_args' from command line to 'None'
[0.892s] Level 5:colcon.colcon_core.verb:set package 'fun_numbers' build argument 'cmake_target' from command line to 'None'
[0.892s] Level 5:colcon.colcon_core.verb:set package 'fun_numbers' build argument 'cmake_target_skip_unavailable' from command line to 'False'
[0.892s] Level 5:colcon.colcon_core.verb:set package 'fun_numbers' build argument 'cmake_clean_cache' from command line to 'False'
[0.892s] Level 5:colcon.colcon_core.verb:set package 'fun_numbers' build argument 'cmake_clean_first' from command line to 'False'
[0.892s] Level 5:colcon.colcon_core.verb:set package 'fun_numbers' build argument 'cmake_force_configure' from command line to 'False'
[0.892s] Level 5:colcon.colcon_core.verb:set package 'fun_numbers' build argument 'ament_cmake_args' from command line to 'None'
[0.892s] Level 5:colcon.colcon_core.verb:set package 'fun_numbers' build argument 'catkin_cmake_args' from command line to 'None'
[0.892s] Level 5:colcon.colcon_core.verb:set package 'fun_numbers' build argument 'catkin_skip_building_tests' from command line to 'False'
[0.892s] DEBUG:colcon.colcon_core.verb:Building package 'fun_numbers' with the following arguments: {'ament_cmake_args': None, 'build_base': '/home/thien/Documents/IE_ROS/Project_6/build/fun_numbers', 'catkin_cmake_args': None, 'catkin_skip_building_tests': False, 'cmake_args': None, 'cmake_clean_cache': False, 'cmake_clean_first': False, 'cmake_force_configure': False, 'cmake_target': None, 'cmake_target_skip_unavailable': False, 'install_base': '/home/thien/Documents/IE_ROS/Project_6/install/fun_numbers', 'merge_install': False, 'path': '/home/thien/Documents/IE_ROS/Project_6/src/fun_numbers', 'symlink_install': False, 'test_result_base': None}
[0.893s] INFO:colcon.colcon_core.executor:Executing jobs using 'parallel' executor
[0.896s] DEBUG:colcon.colcon_parallel_executor.executor.parallel:run_until_complete
[0.897s] INFO:colcon.colcon_ros.task.ament_cmake.build:Building ROS package in '/home/thien/Documents/IE_ROS/Project_6/src/number_actions' with build type 'ament_cmake'
[0.897s] INFO:colcon.colcon_cmake.task.cmake.build:Building CMake package in '/home/thien/Documents/IE_ROS/Project_6/src/number_actions'
[0.904s] INFO:colcon.colcon_core.plugin_system:Skipping extension 'colcon_core.shell.bat': Not used on non-Windows systems
[0.905s] INFO:colcon.colcon_core.shell:Skip shell extension 'powershell' for command environment: Not usable outside of PowerShell
[0.905s] DEBUG:colcon.colcon_core.shell:Skip shell extension 'dsv' for command environment
[0.943s] DEBUG:colcon.colcon_core.event_handler.log_command:Invoking command in '/home/thien/Documents/IE_ROS/Project_6/build/number_actions': CMAKE_PREFIX_PATH=${CMAKE_PREFIX_PATH}:/opt/ros/humble /usr/bin/cmake --build /home/thien/Documents/IE_ROS/Project_6/build/number_actions -- -j8 -l8
[1.299s] DEBUG:colcon.colcon_core.event_handler.log_command:Invoked command in '/home/thien/Documents/IE_ROS/Project_6/build/number_actions' returned '0': CMAKE_PREFIX_PATH=${CMAKE_PREFIX_PATH}:/opt/ros/humble /usr/bin/cmake --build /home/thien/Documents/IE_ROS/Project_6/build/number_actions -- -j8 -l8
[1.488s] DEBUG:colcon.colcon_core.event_handler.log_command:Invoking command in '/home/thien/Documents/IE_ROS/Project_6/build/number_actions': CMAKE_PREFIX_PATH=${CMAKE_PREFIX_PATH}:/opt/ros/humble /usr/bin/cmake --install /home/thien/Documents/IE_ROS/Project_6/build/number_actions
[1.537s] Level 1:colcon.colcon_core.environment:create_environment_scripts_only(number_actions)
[1.539s] DEBUG:colcon.colcon_core.event_handler.log_command:Invoked command in '/home/thien/Documents/IE_ROS/Project_6/build/number_actions' returned '0': CMAKE_PREFIX_PATH=${CMAKE_PREFIX_PATH}:/opt/ros/humble /usr/bin/cmake --install /home/thien/Documents/IE_ROS/Project_6/build/number_actions
[1.546s] Level 1:colcon.colcon_core.environment:checking '/home/thien/Documents/IE_ROS/Project_6/install/number_actions' for CMake module files
[1.548s] Level 1:colcon.colcon_core.environment:checking '/home/thien/Documents/IE_ROS/Project_6/install/number_actions' for CMake config files
[1.548s] Level 1:colcon.colcon_core.shell:create_environment_hook('number_actions', 'cmake_prefix_path')
[1.549s] INFO:colcon.colcon_core.shell:Creating environment hook '/home/thien/Documents/IE_ROS/Project_6/install/number_actions/share/number_actions/hook/cmake_prefix_path.ps1'
[1.553s] INFO:colcon.colcon_core.shell:Creating environment descriptor '/home/thien/Documents/IE_ROS/Project_6/install/number_actions/share/number_actions/hook/cmake_prefix_path.dsv'
[1.554s] INFO:colcon.colcon_core.shell:Creating environment hook '/home/thien/Documents/IE_ROS/Project_6/install/number_actions/share/number_actions/hook/cmake_prefix_path.sh'
[1.557s] Level 1:colcon.colcon_core.environment:checking '/home/thien/Documents/IE_ROS/Project_6/install/number_actions/lib'
[1.558s] Level 1:colcon.colcon_core.shell:create_environment_hook('number_actions', 'ld_library_path_lib')
[1.558s] INFO:colcon.colcon_core.shell:Creating environment hook '/home/thien/Documents/IE_ROS/Project_6/install/number_actions/share/number_actions/hook/ld_library_path_lib.ps1'
[1.560s] INFO:colcon.colcon_core.shell:Creating environment descriptor '/home/thien/Documents/IE_ROS/Project_6/install/number_actions/share/number_actions/hook/ld_library_path_lib.dsv'
[1.561s] INFO:colcon.colcon_core.shell:Creating environment hook '/home/thien/Documents/IE_ROS/Project_6/install/number_actions/share/number_actions/hook/ld_library_path_lib.sh'
[1.562s] Level 1:colcon.colcon_core.environment:checking '/home/thien/Documents/IE_ROS/Project_6/install/number_actions/bin'
[1.562s] Level 1:colcon.colcon_core.environment:checking '/home/thien/Documents/IE_ROS/Project_6/install/number_actions/lib/pkgconfig/number_actions.pc'
[1.562s] Level 1:colcon.colcon_core.environment:checking '/home/thien/Documents/IE_ROS/Project_6/install/number_actions/lib/python3.10/site-packages'
[1.563s] Level 1:colcon.colcon_core.environment:checking '/home/thien/Documents/IE_ROS/Project_6/install/number_actions/bin'
[1.563s] INFO:colcon.colcon_core.shell:Creating package script '/home/thien/Documents/IE_ROS/Project_6/install/number_actions/share/number_actions/package.ps1'
[1.565s] INFO:colcon.colcon_core.shell:Creating package descriptor '/home/thien/Documents/IE_ROS/Project_6/install/number_actions/share/number_actions/package.dsv'
[1.568s] INFO:colcon.colcon_core.shell:Creating package script '/home/thien/Documents/IE_ROS/Project_6/install/number_actions/share/number_actions/package.sh'
[1.571s] INFO:colcon.colcon_core.shell:Creating package script '/home/thien/Documents/IE_ROS/Project_6/install/number_actions/share/number_actions/package.bash'
[1.573s] INFO:colcon.colcon_core.shell:Creating package script '/home/thien/Documents/IE_ROS/Project_6/install/number_actions/share/number_actions/package.zsh'
[1.575s] Level 1:colcon.colcon_core.environment:create_file_with_runtime_dependencies(/home/thien/Documents/IE_ROS/Project_6/install/number_actions/share/colcon-core/packages/number_actions)
[1.738s] Level 1:colcon.colcon_core.environment:create_environment_scripts_only(number_actions)
[1.739s] Level 1:colcon.colcon_core.environment:checking '/home/thien/Documents/IE_ROS/Project_6/install/number_actions' for CMake module files
[1.741s] Level 1:colcon.colcon_core.environment:checking '/home/thien/Documents/IE_ROS/Project_6/install/number_actions' for CMake config files
[1.742s] Level 1:colcon.colcon_core.shell:create_environment_hook('number_actions', 'cmake_prefix_path')
[1.743s] INFO:colcon.colcon_core.shell:Creating environment hook '/home/thien/Documents/IE_ROS/Project_6/install/number_actions/share/number_actions/hook/cmake_prefix_path.ps1'
[1.745s] INFO:colcon.colcon_core.shell:Creating environment descriptor '/home/thien/Documents/IE_ROS/Project_6/install/number_actions/share/number_actions/hook/cmake_prefix_path.dsv'
[1.746s] INFO:colcon.colcon_core.shell:Creating environment hook '/home/thien/Documents/IE_ROS/Project_6/install/number_actions/share/number_actions/hook/cmake_prefix_path.sh'
[1.747s] Level 1:colcon.colcon_core.environment:checking '/home/thien/Documents/IE_ROS/Project_6/install/number_actions/lib'
[1.747s] Level 1:colcon.colcon_core.shell:create_environment_hook('number_actions', 'ld_library_path_lib')
[1.748s] INFO:colcon.colcon_core.shell:Creating environment hook '/home/thien/Documents/IE_ROS/Project_6/install/number_actions/share/number_actions/hook/ld_library_path_lib.ps1'
[1.749s] INFO:colcon.colcon_core.shell:Creating environment descriptor '/home/thien/Documents/IE_ROS/Project_6/install/number_actions/share/number_actions/hook/ld_library_path_lib.dsv'
[1.751s] INFO:colcon.colcon_core.shell:Creating environment hook '/home/thien/Documents/IE_ROS/Project_6/install/number_actions/share/number_actions/hook/ld_library_path_lib.sh'
[1.754s] Level 1:colcon.colcon_core.environment:checking '/home/thien/Documents/IE_ROS/Project_6/install/number_actions/bin'
[1.755s] Level 1:colcon.colcon_core.environment:checking '/home/thien/Documents/IE_ROS/Project_6/install/number_actions/lib/pkgconfig/number_actions.pc'
[1.756s] Level 1:colcon.colcon_core.environment:checking '/home/thien/Documents/IE_ROS/Project_6/install/number_actions/lib/python3.10/site-packages'
[1.756s] Level 1:colcon.colcon_core.environment:checking '/home/thien/Documents/IE_ROS/Project_6/install/number_actions/bin'
[1.758s] INFO:colcon.colcon_core.shell:Creating package script '/home/thien/Documents/IE_ROS/Project_6/install/number_actions/share/number_actions/package.ps1'
[1.760s] INFO:colcon.colcon_core.shell:Creating package descriptor '/home/thien/Documents/IE_ROS/Project_6/install/number_actions/share/number_actions/package.dsv'
[1.762s] INFO:colcon.colcon_core.shell:Creating package script '/home/thien/Documents/IE_ROS/Project_6/install/number_actions/share/number_actions/package.sh'
[1.763s] INFO:colcon.colcon_core.shell:Creating package script '/home/thien/Documents/IE_ROS/Project_6/install/number_actions/share/number_actions/package.bash'
[1.764s] INFO:colcon.colcon_core.shell:Creating package script '/home/thien/Documents/IE_ROS/Project_6/install/number_actions/share/number_actions/package.zsh'
[1.767s] Level 1:colcon.colcon_core.environment:create_file_with_runtime_dependencies(/home/thien/Documents/IE_ROS/Project_6/install/number_actions/share/colcon-core/packages/number_actions)
[1.769s] INFO:colcon.colcon_ros.task.ament_cmake.build:Building ROS package in '/home/thien/Documents/IE_ROS/Project_6/src/fun_numbers' with build type 'ament_cmake'
[1.771s] INFO:colcon.colcon_cmake.task.cmake.build:Building CMake package in '/home/thien/Documents/IE_ROS/Project_6/src/fun_numbers'
[1.772s] INFO:colcon.colcon_core.shell:Skip shell extension 'powershell' for command environment: Not usable outside of PowerShell
[1.772s] DEBUG:colcon.colcon_core.shell:Skip shell extension 'dsv' for command environment
[1.811s] DEBUG:colcon.colcon_core.event_handler.log_command:Invoking command in '/home/thien/Documents/IE_ROS/Project_6/build/fun_numbers': CMAKE_PREFIX_PATH=/home/thien/Documents/IE_ROS/Project_6/install/number_actions:/home/thien/Documents/IE_ROS/Project_6/install/fun_numbers:/opt/ros/humble /usr/bin/cmake --build /home/thien/Documents/IE_ROS/Project_6/build/fun_numbers -- -j8 -l8
[2.077s] DEBUG:colcon.colcon_core.event_handler.log_command:Invoked command in '/home/thien/Documents/IE_ROS/Project_6/build/fun_numbers' returned '0': CMAKE_PREFIX_PATH=/home/thien/Documents/IE_ROS/Project_6/install/number_actions:/home/thien/Documents/IE_ROS/Project_6/install/fun_numbers:/opt/ros/humble /usr/bin/cmake --build /home/thien/Documents/IE_ROS/Project_6/build/fun_numbers -- -j8 -l8
[2.175s] DEBUG:colcon.colcon_core.event_handler.log_command:Invoking command in '/home/thien/Documents/IE_ROS/Project_6/build/fun_numbers': CMAKE_PREFIX_PATH=/home/thien/Documents/IE_ROS/Project_6/install/number_actions:/home/thien/Documents/IE_ROS/Project_6/install/fun_numbers:/opt/ros/humble /usr/bin/cmake --install /home/thien/Documents/IE_ROS/Project_6/build/fun_numbers
[2.219s] Level 1:colcon.colcon_core.environment:create_environment_scripts_only(fun_numbers)
[2.220s] Level 1:colcon.colcon_core.environment:checking '/home/thien/Documents/IE_ROS/Project_6/install/fun_numbers' for CMake module files
[2.222s] DEBUG:colcon.colcon_core.event_handler.log_command:Invoked command in '/home/thien/Documents/IE_ROS/Project_6/build/fun_numbers' returned '0': CMAKE_PREFIX_PATH=/home/thien/Documents/IE_ROS/Project_6/install/number_actions:/home/thien/Documents/IE_ROS/Project_6/install/fun_numbers:/opt/ros/humble /usr/bin/cmake --install /home/thien/Documents/IE_ROS/Project_6/build/fun_numbers
[2.223s] Level 1:colcon.colcon_core.environment:checking '/home/thien/Documents/IE_ROS/Project_6/install/fun_numbers' for CMake config files
[2.224s] Level 1:colcon.colcon_core.shell:create_environment_hook('fun_numbers', 'cmake_prefix_path')
[2.225s] INFO:colcon.colcon_core.shell:Creating environment hook '/home/thien/Documents/IE_ROS/Project_6/install/fun_numbers/share/fun_numbers/hook/cmake_prefix_path.ps1'
[2.227s] INFO:colcon.colcon_core.shell:Creating environment descriptor '/home/thien/Documents/IE_ROS/Project_6/install/fun_numbers/share/fun_numbers/hook/cmake_prefix_path.dsv'
[2.229s] INFO:colcon.colcon_core.shell:Creating environment hook '/home/thien/Documents/IE_ROS/Project_6/install/fun_numbers/share/fun_numbers/hook/cmake_prefix_path.sh'
[2.231s] Level 1:colcon.colcon_core.environment:checking '/home/thien/Documents/IE_ROS/Project_6/install/fun_numbers/lib'
[2.231s] Level 1:colcon.colcon_core.environment:checking '/home/thien/Documents/IE_ROS/Project_6/install/fun_numbers/bin'
[2.231s] Level 1:colcon.colcon_core.environment:checking '/home/thien/Documents/IE_ROS/Project_6/install/fun_numbers/lib/pkgconfig/fun_numbers.pc'
[2.232s] Level 1:colcon.colcon_core.environment:checking '/home/thien/Documents/IE_ROS/Project_6/install/fun_numbers/lib/python3.10/site-packages'
[2.232s] Level 1:colcon.colcon_core.environment:checking '/home/thien/Documents/IE_ROS/Project_6/install/fun_numbers/bin'
[2.233s] INFO:colcon.colcon_core.shell:Creating package script '/home/thien/Documents/IE_ROS/Project_6/install/fun_numbers/share/fun_numbers/package.ps1'
[2.234s] INFO:colcon.colcon_core.shell:Creating package descriptor '/home/thien/Documents/IE_ROS/Project_6/install/fun_numbers/share/fun_numbers/package.dsv'
[2.236s] INFO:colcon.colcon_core.shell:Creating package script '/home/thien/Documents/IE_ROS/Project_6/install/fun_numbers/share/fun_numbers/package.sh'
[2.238s] INFO:colcon.colcon_core.shell:Creating package script '/home/thien/Documents/IE_ROS/Project_6/install/fun_numbers/share/fun_numbers/package.bash'
[2.240s] INFO:colcon.colcon_core.shell:Creating package script '/home/thien/Documents/IE_ROS/Project_6/install/fun_numbers/share/fun_numbers/package.zsh'
[2.242s] Level 1:colcon.colcon_core.environment:create_file_with_runtime_dependencies(/home/thien/Documents/IE_ROS/Project_6/install/fun_numbers/share/colcon-core/packages/fun_numbers)
[2.342s] Level 1:colcon.colcon_core.environment:create_environment_scripts_only(fun_numbers)
[2.343s] Level 1:colcon.colcon_core.environment:checking '/home/thien/Documents/IE_ROS/Project_6/install/fun_numbers' for CMake module files
[2.345s] Level 1:colcon.colcon_core.environment:checking '/home/thien/Documents/IE_ROS/Project_6/install/fun_numbers' for CMake config files
[2.346s] Level 1:colcon.colcon_core.shell:create_environment_hook('fun_numbers', 'cmake_prefix_path')
[2.347s] INFO:colcon.colcon_core.shell:Creating environment hook '/home/thien/Documents/IE_ROS/Project_6/install/fun_numbers/share/fun_numbers/hook/cmake_prefix_path.ps1'
[2.349s] INFO:colcon.colcon_core.shell:Creating environment descriptor '/home/thien/Documents/IE_ROS/Project_6/install/fun_numbers/share/fun_numbers/hook/cmake_prefix_path.dsv'
[2.350s] INFO:colcon.colcon_core.shell:Creating environment hook '/home/thien/Documents/IE_ROS/Project_6/install/fun_numbers/share/fun_numbers/hook/cmake_prefix_path.sh'
[2.354s] Level 1:colcon.colcon_core.environment:checking '/home/thien/Documents/IE_ROS/Project_6/install/fun_numbers/lib'
[2.355s] Level 1:colcon.colcon_core.environment:checking '/home/thien/Documents/IE_ROS/Project_6/install/fun_numbers/bin'
[2.355s] Level 1:colcon.colcon_core.environment:checking '/home/thien/Documents/IE_ROS/Project_6/install/fun_numbers/lib/pkgconfig/fun_numbers.pc'
[2.356s] Level 1:colcon.colcon_core.environment:checking '/home/thien/Documents/IE_ROS/Project_6/install/fun_numbers/lib/python3.10/site-packages'
[2.357s] Level 1:colcon.colcon_core.environment:checking '/home/thien/Documents/IE_ROS/Project_6/install/fun_numbers/bin'
[2.359s] INFO:colcon.colcon_core.shell:Creating package script '/home/thien/Documents/IE_ROS/Project_6/install/fun_numbers/share/fun_numbers/package.ps1'
[2.362s] INFO:colcon.colcon_core.shell:Creating package descriptor '/home/thien/Documents/IE_ROS/Project_6/install/fun_numbers/share/fun_numbers/package.dsv'
[2.363s] INFO:colcon.colcon_core.shell:Creating package script '/home/thien/Documents/IE_ROS/Project_6/install/fun_numbers/share/fun_numbers/package.sh'
[2.364s] INFO:colcon.colcon_core.shell:Creating package script '/home/thien/Documents/IE_ROS/Project_6/install/fun_numbers/share/fun_numbers/package.bash'
[2.365s] INFO:colcon.colcon_core.shell:Creating package script '/home/thien/Documents/IE_ROS/Project_6/install/fun_numbers/share/fun_numbers/package.zsh'
[2.366s] Level 1:colcon.colcon_core.environment:create_file_with_runtime_dependencies(/home/thien/Documents/IE_ROS/Project_6/install/fun_numbers/share/colcon-core/packages/fun_numbers)
[2.366s] DEBUG:colcon.colcon_parallel_executor.executor.parallel:closing loop
[2.367s] DEBUG:colcon.colcon_parallel_executor.executor.parallel:loop closed
[2.369s] DEBUG:colcon.colcon_parallel_executor.executor.parallel:run_until_complete finished with '0'
[2.369s] DEBUG:colcon.colcon_core.event_reactor:joining thread
[2.386s] INFO:colcon.colcon_core.plugin_system:Skipping extension 'colcon_notification.desktop_notification.terminal_notifier': Not used on non-Darwin systems
[2.387s] INFO:colcon.colcon_core.plugin_system:Skipping extension 'colcon_notification.desktop_notification.win32': Not used on non-Windows systems
[2.387s] INFO:colcon.colcon_notification.desktop_notification:Sending desktop notification using 'notify2'
[2.427s] DEBUG:colcon.colcon_core.event_reactor:joined thread
[2.428s] INFO:colcon.colcon_core.shell:Creating prefix script '/home/thien/Documents/IE_ROS/Project_6/install/local_setup.ps1'
[2.432s] INFO:colcon.colcon_core.shell:Creating prefix util module '/home/thien/Documents/IE_ROS/Project_6/install/_local_setup_util_ps1.py'
[2.437s] INFO:colcon.colcon_core.shell:Creating prefix chain script '/home/thien/Documents/IE_ROS/Project_6/install/setup.ps1'
[2.443s] INFO:colcon.colcon_core.shell:Creating prefix script '/home/thien/Documents/IE_ROS/Project_6/install/local_setup.sh'
[2.444s] INFO:colcon.colcon_core.shell:Creating prefix util module '/home/thien/Documents/IE_ROS/Project_6/install/_local_setup_util_sh.py'
[2.447s] INFO:colcon.colcon_core.shell:Creating prefix chain script '/home/thien/Documents/IE_ROS/Project_6/install/setup.sh'
[2.450s] INFO:colcon.colcon_core.shell:Creating prefix script '/home/thien/Documents/IE_ROS/Project_6/install/local_setup.bash'
[2.452s] INFO:colcon.colcon_core.shell:Creating prefix chain script '/home/thien/Documents/IE_ROS/Project_6/install/setup.bash'
[2.456s] INFO:colcon.colcon_core.shell:Creating prefix script '/home/thien/Documents/IE_ROS/Project_6/install/local_setup.zsh'
[2.457s] INFO:colcon.colcon_core.shell:Creating prefix chain script '/home/thien/Documents/IE_ROS/Project_6/install/setup.zsh'
