[0.026s] Invoking command in '/home/thien/Documents/IE_ROS/Project_6/build/fun_numbers': CMAKE_PREFIX_PATH=/home/thien/Documents/IE_ROS/Project_6/install/number_actions:/home/thien/Documents/IE_ROS/Project_6/install/fun_numbers:/opt/ros/humble /usr/bin/cmake --build /home/thien/Documents/IE_ROS/Project_6/build/fun_numbers -- -j8 -l8
[0.157s] [35m[1mConsolidate compiler generated dependencies of target fibonacci_server[0m
[0.247s] [ 50%] Built target fibonacci_client
[0.264s] [ 75%] [32mBuilding CXX object CMakeFiles/fibonacci_server.dir/src/fibonacci_server.cpp.o[0m
[6.139s] [01m[K/home/thien/Documents/IE_ROS/Project_6/src/fun_numbers/src/fibonacci_server.cpp:[m[K In constructor ‘[01m[KFibonacciServer::FibonacciServer(const rclcpp::NodeOptions&)[m[K’:
[6.140s] [01m[K/home/thien/Documents/IE_ROS/Project_6/src/fun_numbers/src/fibonacci_server.cpp:23:9:[m[K [01;31m[Kerror: [m[Kno match for ‘[01m[Koperator[][m[K’ (operand types are ‘[01m[KFibonacciServer::FibonacciServer(const rclcpp::NodeOptions&)::<lambda(auto:40)>[m[K’ and ‘[01m[KFibonacciServer*[m[K’)
[6.140s]    23 |         [01;31m[K[[m[Kthis](const auto& uuid, const auto& goal) -> rclcpp_action::GoalResponse {
[6.140s]       |         [01;31m[K^[m[K
[6.140s] [01m[K/home/thien/Documents/IE_ROS/Project_6/src/fun_numbers/src/fibonacci_server.cpp:23:16:[m[K [01;31m[Kerror: [m[Kexpected primary-expression before ‘[01m[Kconst[m[K’
[6.141s]    23 |         [this]([01;31m[Kconst[m[K auto& uuid, const auto& goal) -> rclcpp_action::GoalResponse {
[6.141s]       |                [01;31m[K^~~~~[m[K
[6.141s] [01m[K/home/thien/Documents/IE_ROS/Project_6/src/fun_numbers/src/fibonacci_server.cpp:23:34:[m[K [01;31m[Kerror: [m[Kexpected primary-expression before ‘[01m[Kconst[m[K’
[6.141s]    23 |         [this](const auto& uuid, [01;31m[Kconst[m[K auto& goal) -> rclcpp_action::GoalResponse {
[6.142s]       |                                  [01;31m[K^~~~~[m[K
[6.142s] [01m[K/home/thien/Documents/IE_ROS/Project_6/src/fun_numbers/src/fibonacci_server.cpp:23:55:[m[K [01;31m[Kerror: [m[K‘[01m[Krclcpp_action::GoalResponse[m[K’ is not a class member
[6.142s]    23 |         [this](const auto& uuid, const auto& goal) -> [01;31m[Krclcpp_action[m[K::GoalResponse {
[6.143s]       |                                                       [01;31m[K^~~~~~~~~~~~~[m[K
[7.279s] gmake[2]: *** [CMakeFiles/fibonacci_server.dir/build.make:76: CMakeFiles/fibonacci_server.dir/src/fibonacci_server.cpp.o] Error 1
[7.279s] gmake[1]: *** [CMakeFiles/Makefile2:165: CMakeFiles/fibonacci_server.dir/all] Error 2
[7.280s] gmake: *** [Makefile:146: all] Error 2
[7.286s] Invoked command in '/home/thien/Documents/IE_ROS/Project_6/build/fun_numbers' returned '2': CMAKE_PREFIX_PATH=/home/thien/Documents/IE_ROS/Project_6/install/number_actions:/home/thien/Documents/IE_ROS/Project_6/install/fun_numbers:/opt/ros/humble /usr/bin/cmake --build /home/thien/Documents/IE_ROS/Project_6/build/fun_numbers -- -j8 -l8
