[0.052s] Invoking command in '/home/thien/Documents/IE_ROS/Project_6/build/number_actions': CMAKE_PREFIX_PATH=${CMAKE_PREFIX_PATH}:/opt/ros/humble /usr/bin/cmake --build /home/thien/Documents/IE_ROS/Project_6/build/number_actions -- -j8 -l8
[0.190s] [  4%] Built target number_actions__cpp
[0.194s] [ 18%] Built target number_actions__rosidl_generator_c
[0.261s] [ 59%] Built target number_actions__rosidl_typesupport_introspection_cpp
[0.262s] [ 59%] Built target number_actions__rosidl_typesupport_c
[0.266s] [ 59%] Built target number_actions__rosidl_typesupport_fastrtps_cpp
[0.266s] [ 72%] Built target number_actions__rosidl_typesupport_cpp
[0.276s] [100%] Built target number_actions__rosidl_typesupport_fastrtps_c
[0.277s] [100%] Built target number_actions__rosidl_typesupport_introspection_c
[0.338s] [100%] Built target number_actions
[0.373s] Invoked command in '/home/thien/Documents/IE_ROS/Project_6/build/number_actions' returned '0': CMAKE_PREFIX_PATH=${CMAKE_PREFIX_PATH}:/opt/ros/humble /usr/bin/cmake --build /home/thien/Documents/IE_ROS/Project_6/build/number_actions -- -j8 -l8
[0.547s] Invoking command in '/home/thien/Documents/IE_ROS/Project_6/build/number_actions': CMAKE_PREFIX_PATH=${CMAKE_PREFIX_PATH}:/opt/ros/humble /usr/bin/cmake --install /home/thien/Documents/IE_ROS/Project_6/build/number_actions
[0.571s] -- Install configuration: ""
[0.571s] -- Up-to-date: /home/thien/Documents/IE_ROS/Project_6/install/number_actions/share/ament_index/resource_index/rosidl_interfaces/number_actions
[0.572s] -- Up-to-date: /home/thien/Documents/IE_ROS/Project_6/install/number_actions/include/number_actions/number_actions
[0.572s] -- Up-to-date: /home/thien/Documents/IE_ROS/Project_6/install/number_actions/include/number_actions/number_actions/msg
[0.572s] -- Up-to-date: /home/thien/Documents/IE_ROS/Project_6/install/number_actions/include/number_actions/number_actions/msg/rosidl_generator_c__visibility_control.h
[0.572s] -- Up-to-date: /home/thien/Documents/IE_ROS/Project_6/install/number_actions/include/number_actions/number_actions/action
[0.573s] -- Up-to-date: /home/thien/Documents/IE_ROS/Project_6/install/number_actions/include/number_actions/number_actions/action/fibonacci.h
[0.573s] -- Up-to-date: /home/thien/Documents/IE_ROS/Project_6/install/number_actions/include/number_actions/number_actions/action/detail
[0.573s] -- Up-to-date: /home/thien/Documents/IE_ROS/Project_6/install/number_actions/include/number_actions/number_actions/action/detail/fibonacci__type_support.h
[0.573s] -- Up-to-date: /home/thien/Documents/IE_ROS/Project_6/install/number_actions/include/number_actions/number_actions/action/detail/fibonacci__functions.c
[0.574s] -- Up-to-date: /home/thien/Documents/IE_ROS/Project_6/install/number_actions/include/number_actions/number_actions/action/detail/fibonacci__struct.h
[0.574s] -- Up-to-date: /home/thien/Documents/IE_ROS/Project_6/install/number_actions/include/number_actions/number_actions/action/detail/fibonacci__functions.h
[0.574s] -- Up-to-date: /home/thien/Documents/IE_ROS/Project_6/install/number_actions/share/number_actions/environment/library_path.sh
[0.575s] -- Up-to-date: /home/thien/Documents/IE_ROS/Project_6/install/number_actions/share/number_actions/environment/library_path.dsv
[0.576s] -- Up-to-date: /home/thien/Documents/IE_ROS/Project_6/install/number_actions/lib/libnumber_actions__rosidl_generator_c.so
[0.576s] -- Up-to-date: /home/thien/Documents/IE_ROS/Project_6/install/number_actions/include/number_actions/number_actions
[0.577s] -- Up-to-date: /home/thien/Documents/IE_ROS/Project_6/install/number_actions/include/number_actions/number_actions/msg
[0.577s] -- Up-to-date: /home/thien/Documents/IE_ROS/Project_6/install/number_actions/include/number_actions/number_actions/msg/rosidl_typesupport_fastrtps_c__visibility_control.h
[0.578s] -- Up-to-date: /home/thien/Documents/IE_ROS/Project_6/install/number_actions/include/number_actions/number_actions/action
[0.578s] -- Up-to-date: /home/thien/Documents/IE_ROS/Project_6/install/number_actions/include/number_actions/number_actions/action/detail
[0.579s] -- Up-to-date: /home/thien/Documents/IE_ROS/Project_6/install/number_actions/include/number_actions/number_actions/action/detail/fibonacci__rosidl_typesupport_fastrtps_c.h
[0.579s] -- Up-to-date: /home/thien/Documents/IE_ROS/Project_6/install/number_actions/lib/libnumber_actions__rosidl_typesupport_fastrtps_c.so
[0.579s] -- Up-to-date: /home/thien/Documents/IE_ROS/Project_6/install/number_actions/include/number_actions/number_actions
[0.579s] -- Up-to-date: /home/thien/Documents/IE_ROS/Project_6/install/number_actions/include/number_actions/number_actions/action
[0.579s] -- Up-to-date: /home/thien/Documents/IE_ROS/Project_6/install/number_actions/include/number_actions/number_actions/action/fibonacci.hpp
[0.580s] -- Up-to-date: /home/thien/Documents/IE_ROS/Project_6/install/number_actions/include/number_actions/number_actions/action/detail
[0.580s] -- Up-to-date: /home/thien/Documents/IE_ROS/Project_6/install/number_actions/include/number_actions/number_actions/action/detail/fibonacci__traits.hpp
[0.580s] -- Up-to-date: /home/thien/Documents/IE_ROS/Project_6/install/number_actions/include/number_actions/number_actions/action/detail/fibonacci__struct.hpp
[0.581s] -- Up-to-date: /home/thien/Documents/IE_ROS/Project_6/install/number_actions/include/number_actions/number_actions/action/detail/fibonacci__builder.hpp
[0.581s] -- Up-to-date: /home/thien/Documents/IE_ROS/Project_6/install/number_actions/include/number_actions/number_actions
[0.581s] -- Up-to-date: /home/thien/Documents/IE_ROS/Project_6/install/number_actions/include/number_actions/number_actions/msg
[0.581s] -- Up-to-date: /home/thien/Documents/IE_ROS/Project_6/install/number_actions/include/number_actions/number_actions/msg/rosidl_typesupport_fastrtps_cpp__visibility_control.h
[0.581s] -- Up-to-date: /home/thien/Documents/IE_ROS/Project_6/install/number_actions/include/number_actions/number_actions/action
[0.582s] -- Up-to-date: /home/thien/Documents/IE_ROS/Project_6/install/number_actions/include/number_actions/number_actions/action/detail
[0.582s] -- Up-to-date: /home/thien/Documents/IE_ROS/Project_6/install/number_actions/include/number_actions/number_actions/action/detail/dds_fastrtps
[0.582s] -- Up-to-date: /home/thien/Documents/IE_ROS/Project_6/install/number_actions/include/number_actions/number_actions/action/detail/fibonacci__rosidl_typesupport_fastrtps_cpp.hpp
[0.582s] -- Up-to-date: /home/thien/Documents/IE_ROS/Project_6/install/number_actions/lib/libnumber_actions__rosidl_typesupport_fastrtps_cpp.so
[0.583s] -- Up-to-date: /home/thien/Documents/IE_ROS/Project_6/install/number_actions/include/number_actions/number_actions
[0.583s] -- Up-to-date: /home/thien/Documents/IE_ROS/Project_6/install/number_actions/include/number_actions/number_actions/msg
[0.583s] -- Up-to-date: /home/thien/Documents/IE_ROS/Project_6/install/number_actions/include/number_actions/number_actions/msg/rosidl_typesupport_introspection_c__visibility_control.h
[0.583s] -- Up-to-date: /home/thien/Documents/IE_ROS/Project_6/install/number_actions/include/number_actions/number_actions/action
[0.584s] -- Up-to-date: /home/thien/Documents/IE_ROS/Project_6/install/number_actions/include/number_actions/number_actions/action/detail
[0.584s] -- Up-to-date: /home/thien/Documents/IE_ROS/Project_6/install/number_actions/include/number_actions/number_actions/action/detail/fibonacci__type_support.c
[0.584s] -- Up-to-date: /home/thien/Documents/IE_ROS/Project_6/install/number_actions/include/number_actions/number_actions/action/detail/fibonacci__rosidl_typesupport_introspection_c.h
[0.584s] -- Up-to-date: /home/thien/Documents/IE_ROS/Project_6/install/number_actions/lib/libnumber_actions__rosidl_typesupport_introspection_c.so
[0.585s] -- Up-to-date: /home/thien/Documents/IE_ROS/Project_6/install/number_actions/lib/libnumber_actions__rosidl_typesupport_c.so
[0.585s] -- Up-to-date: /home/thien/Documents/IE_ROS/Project_6/install/number_actions/include/number_actions/number_actions
[0.585s] -- Up-to-date: /home/thien/Documents/IE_ROS/Project_6/install/number_actions/include/number_actions/number_actions/action
[0.585s] -- Up-to-date: /home/thien/Documents/IE_ROS/Project_6/install/number_actions/include/number_actions/number_actions/action/detail
[0.585s] -- Up-to-date: /home/thien/Documents/IE_ROS/Project_6/install/number_actions/include/number_actions/number_actions/action/detail/fibonacci__rosidl_typesupport_introspection_cpp.hpp
[0.586s] -- Up-to-date: /home/thien/Documents/IE_ROS/Project_6/install/number_actions/include/number_actions/number_actions/action/detail/fibonacci__type_support.cpp
[0.586s] -- Up-to-date: /home/thien/Documents/IE_ROS/Project_6/install/number_actions/lib/libnumber_actions__rosidl_typesupport_introspection_cpp.so
[0.586s] -- Up-to-date: /home/thien/Documents/IE_ROS/Project_6/install/number_actions/lib/libnumber_actions__rosidl_typesupport_cpp.so
[0.586s] -- Up-to-date: /home/thien/Documents/IE_ROS/Project_6/install/number_actions/share/number_actions/action/Fibonacci.idl
[0.587s] -- Up-to-date: /home/thien/Documents/IE_ROS/Project_6/install/number_actions/share/number_actions/action/Fibonacci.action
[0.587s] -- Up-to-date: /home/thien/Documents/IE_ROS/Project_6/install/number_actions/share/ament_index/resource_index/package_run_dependencies/number_actions
[0.587s] -- Up-to-date: /home/thien/Documents/IE_ROS/Project_6/install/number_actions/share/ament_index/resource_index/parent_prefix_path/number_actions
[0.588s] -- Up-to-date: /home/thien/Documents/IE_ROS/Project_6/install/number_actions/share/number_actions/environment/ament_prefix_path.sh
[0.588s] -- Up-to-date: /home/thien/Documents/IE_ROS/Project_6/install/number_actions/share/number_actions/environment/ament_prefix_path.dsv
[0.588s] -- Up-to-date: /home/thien/Documents/IE_ROS/Project_6/install/number_actions/share/number_actions/environment/path.sh
[0.588s] -- Up-to-date: /home/thien/Documents/IE_ROS/Project_6/install/number_actions/share/number_actions/environment/path.dsv
[0.588s] -- Up-to-date: /home/thien/Documents/IE_ROS/Project_6/install/number_actions/share/number_actions/local_setup.bash
[0.589s] -- Up-to-date: /home/thien/Documents/IE_ROS/Project_6/install/number_actions/share/number_actions/local_setup.sh
[0.589s] -- Up-to-date: /home/thien/Documents/IE_ROS/Project_6/install/number_actions/share/number_actions/local_setup.zsh
[0.589s] -- Up-to-date: /home/thien/Documents/IE_ROS/Project_6/install/number_actions/share/number_actions/local_setup.dsv
[0.589s] -- Installing: /home/thien/Documents/IE_ROS/Project_6/install/number_actions/share/number_actions/package.dsv
[0.589s] -- Up-to-date: /home/thien/Documents/IE_ROS/Project_6/install/number_actions/share/ament_index/resource_index/packages/number_actions
[0.590s] -- Up-to-date: /home/thien/Documents/IE_ROS/Project_6/install/number_actions/share/number_actions/cmake/export_number_actions__rosidl_generator_cExport.cmake
[0.590s] -- Up-to-date: /home/thien/Documents/IE_ROS/Project_6/install/number_actions/share/number_actions/cmake/export_number_actions__rosidl_generator_cExport-noconfig.cmake
[0.590s] -- Up-to-date: /home/thien/Documents/IE_ROS/Project_6/install/number_actions/share/number_actions/cmake/export_number_actions__rosidl_typesupport_fastrtps_cExport.cmake
[0.590s] -- Up-to-date: /home/thien/Documents/IE_ROS/Project_6/install/number_actions/share/number_actions/cmake/export_number_actions__rosidl_typesupport_fastrtps_cExport-noconfig.cmake
[0.590s] -- Up-to-date: /home/thien/Documents/IE_ROS/Project_6/install/number_actions/share/number_actions/cmake/export_number_actions__rosidl_generator_cppExport.cmake
[0.591s] -- Up-to-date: /home/thien/Documents/IE_ROS/Project_6/install/number_actions/share/number_actions/cmake/export_number_actions__rosidl_typesupport_fastrtps_cppExport.cmake
[0.591s] -- Up-to-date: /home/thien/Documents/IE_ROS/Project_6/install/number_actions/share/number_actions/cmake/export_number_actions__rosidl_typesupport_fastrtps_cppExport-noconfig.cmake
[0.591s] -- Up-to-date: /home/thien/Documents/IE_ROS/Project_6/install/number_actions/share/number_actions/cmake/number_actions__rosidl_typesupport_introspection_cExport.cmake
[0.591s] -- Up-to-date: /home/thien/Documents/IE_ROS/Project_6/install/number_actions/share/number_actions/cmake/number_actions__rosidl_typesupport_introspection_cExport-noconfig.cmake
[0.591s] -- Up-to-date: /home/thien/Documents/IE_ROS/Project_6/install/number_actions/share/number_actions/cmake/number_actions__rosidl_typesupport_cExport.cmake
[0.592s] -- Up-to-date: /home/thien/Documents/IE_ROS/Project_6/install/number_actions/share/number_actions/cmake/number_actions__rosidl_typesupport_cExport-noconfig.cmake
[0.592s] -- Up-to-date: /home/thien/Documents/IE_ROS/Project_6/install/number_actions/share/number_actions/cmake/number_actions__rosidl_typesupport_introspection_cppExport.cmake
[0.592s] -- Up-to-date: /home/thien/Documents/IE_ROS/Project_6/install/number_actions/share/number_actions/cmake/number_actions__rosidl_typesupport_introspection_cppExport-noconfig.cmake
[0.592s] -- Up-to-date: /home/thien/Documents/IE_ROS/Project_6/install/number_actions/share/number_actions/cmake/number_actions__rosidl_typesupport_cppExport.cmake
[0.593s] -- Up-to-date: /home/thien/Documents/IE_ROS/Project_6/install/number_actions/share/number_actions/cmake/number_actions__rosidl_typesupport_cppExport-noconfig.cmake
[0.593s] -- Up-to-date: /home/thien/Documents/IE_ROS/Project_6/install/number_actions/share/number_actions/cmake/rosidl_cmake-extras.cmake
[0.594s] -- Up-to-date: /home/thien/Documents/IE_ROS/Project_6/install/number_actions/share/number_actions/cmake/ament_cmake_export_dependencies-extras.cmake
[0.596s] -- Up-to-date: /home/thien/Documents/IE_ROS/Project_6/install/number_actions/share/number_actions/cmake/ament_cmake_export_include_directories-extras.cmake
[0.596s] -- Up-to-date: /home/thien/Documents/IE_ROS/Project_6/install/number_actions/share/number_actions/cmake/ament_cmake_export_libraries-extras.cmake
[0.596s] -- Up-to-date: /home/thien/Documents/IE_ROS/Project_6/install/number_actions/share/number_actions/cmake/ament_cmake_export_targets-extras.cmake
[0.597s] -- Up-to-date: /home/thien/Documents/IE_ROS/Project_6/install/number_actions/share/number_actions/cmake/rosidl_cmake_export_typesupport_targets-extras.cmake
[0.598s] -- Up-to-date: /home/thien/Documents/IE_ROS/Project_6/install/number_actions/share/number_actions/cmake/rosidl_cmake_export_typesupport_libraries-extras.cmake
[0.601s] -- Up-to-date: /home/thien/Documents/IE_ROS/Project_6/install/number_actions/share/number_actions/cmake/number_actionsConfig.cmake
[0.603s] -- Up-to-date: /home/thien/Documents/IE_ROS/Project_6/install/number_actions/share/number_actions/cmake/number_actionsConfig-version.cmake
[0.604s] -- Up-to-date: /home/thien/Documents/IE_ROS/Project_6/install/number_actions/share/number_actions/package.xml
[0.605s] Invoked command in '/home/thien/Documents/IE_ROS/Project_6/build/number_actions' returned '0': CMAKE_PREFIX_PATH=${CMAKE_PREFIX_PATH}:/opt/ros/humble /usr/bin/cmake --install /home/thien/Documents/IE_ROS/Project_6/build/number_actions
