[0.019s] Invoking command in '/home/thien/Documents/IE_ROS/Project_6/build/number_actions': CMAKE_PREFIX_PATH=${CMAKE_PREFIX_PATH}:/opt/ros/humble /usr/bin/cmake --build /home/thien/Documents/IE_ROS/Project_6/build/number_actions -- -j8 -l8
[0.096s] [ 13%] Built target number_actions__cpp
[0.097s] [ 18%] Built target number_actions__rosidl_generator_c
[0.150s] [ 45%] Built target number_actions__rosidl_typesupport_introspection_c
[0.150s] [ 45%] Built target number_actions__rosidl_typesupport_fastrtps_cpp
[0.151s] [ 59%] Built target number_actions__rosidl_typesupport_cpp
[0.154s] [ 72%] Built target number_actions__rosidl_typesupport_c
[0.155s] [ 86%] Built target number_actions__rosidl_typesupport_fastrtps_c
[0.171s] [100%] Built target number_actions__rosidl_typesupport_introspection_cpp
[0.201s] [100%] Built target number_actions
[0.224s] Invoked command in '/home/thien/Documents/IE_ROS/Project_6/build/number_actions' returned '0': CMAKE_PREFIX_PATH=${CMAKE_PREFIX_PATH}:/opt/ros/humble /usr/bin/cmake --build /home/thien/Documents/IE_ROS/Project_6/build/number_actions -- -j8 -l8
[0.341s] Invoking command in '/home/thien/Documents/IE_ROS/Project_6/build/number_actions': CMAKE_PREFIX_PATH=${CMAKE_PREFIX_PATH}:/opt/ros/humble /usr/bin/cmake --install /home/thien/Documents/IE_ROS/Project_6/build/number_actions
[0.357s] -- Install configuration: ""
[0.358s] -- Up-to-date: /home/thien/Documents/IE_ROS/Project_6/install/number_actions/share/ament_index/resource_index/rosidl_interfaces/number_actions
[0.358s] -- Up-to-date: /home/thien/Documents/IE_ROS/Project_6/install/number_actions/include/number_actions/number_actions
[0.358s] -- Up-to-date: /home/thien/Documents/IE_ROS/Project_6/install/number_actions/include/number_actions/number_actions/msg
[0.358s] -- Up-to-date: /home/thien/Documents/IE_ROS/Project_6/install/number_actions/include/number_actions/number_actions/msg/rosidl_generator_c__visibility_control.h
[0.358s] -- Up-to-date: /home/thien/Documents/IE_ROS/Project_6/install/number_actions/include/number_actions/number_actions/action
[0.359s] -- Up-to-date: /home/thien/Documents/IE_ROS/Project_6/install/number_actions/include/number_actions/number_actions/action/fibonacci.h
[0.359s] -- Up-to-date: /home/thien/Documents/IE_ROS/Project_6/install/number_actions/include/number_actions/number_actions/action/detail
[0.359s] -- Up-to-date: /home/thien/Documents/IE_ROS/Project_6/install/number_actions/include/number_actions/number_actions/action/detail/fibonacci__type_support.h
[0.359s] -- Up-to-date: /home/thien/Documents/IE_ROS/Project_6/install/number_actions/include/number_actions/number_actions/action/detail/fibonacci__functions.c
[0.359s] -- Up-to-date: /home/thien/Documents/IE_ROS/Project_6/install/number_actions/include/number_actions/number_actions/action/detail/fibonacci__struct.h
[0.359s] -- Up-to-date: /home/thien/Documents/IE_ROS/Project_6/install/number_actions/include/number_actions/number_actions/action/detail/fibonacci__functions.h
[0.359s] -- Up-to-date: /home/thien/Documents/IE_ROS/Project_6/install/number_actions/share/number_actions/environment/library_path.sh
[0.360s] -- Up-to-date: /home/thien/Documents/IE_ROS/Project_6/install/number_actions/share/number_actions/environment/library_path.dsv
[0.360s] -- Up-to-date: /home/thien/Documents/IE_ROS/Project_6/install/number_actions/lib/libnumber_actions__rosidl_generator_c.so
[0.360s] -- Up-to-date: /home/thien/Documents/IE_ROS/Project_6/install/number_actions/include/number_actions/number_actions
[0.360s] -- Up-to-date: /home/thien/Documents/IE_ROS/Project_6/install/number_actions/include/number_actions/number_actions/msg
[0.361s] -- Up-to-date: /home/thien/Documents/IE_ROS/Project_6/install/number_actions/include/number_actions/number_actions/msg/rosidl_typesupport_fastrtps_c__visibility_control.h
[0.361s] -- Up-to-date: /home/thien/Documents/IE_ROS/Project_6/install/number_actions/include/number_actions/number_actions/action
[0.361s] -- Up-to-date: /home/thien/Documents/IE_ROS/Project_6/install/number_actions/include/number_actions/number_actions/action/detail
[0.362s] -- Up-to-date: /home/thien/Documents/IE_ROS/Project_6/install/number_actions/include/number_actions/number_actions/action/detail/fibonacci__rosidl_typesupport_fastrtps_c.h
[0.362s] -- Up-to-date: /home/thien/Documents/IE_ROS/Project_6/install/number_actions/lib/libnumber_actions__rosidl_typesupport_fastrtps_c.so
[0.362s] -- Up-to-date: /home/thien/Documents/IE_ROS/Project_6/install/number_actions/include/number_actions/number_actions
[0.363s] -- Up-to-date: /home/thien/Documents/IE_ROS/Project_6/install/number_actions/include/number_actions/number_actions/action
[0.363s] -- Up-to-date: /home/thien/Documents/IE_ROS/Project_6/install/number_actions/include/number_actions/number_actions/action/fibonacci.hpp
[0.363s] -- Up-to-date: /home/thien/Documents/IE_ROS/Project_6/install/number_actions/include/number_actions/number_actions/action/detail
[0.363s] -- Up-to-date: /home/thien/Documents/IE_ROS/Project_6/install/number_actions/include/number_actions/number_actions/action/detail/fibonacci__traits.hpp
[0.364s] -- Up-to-date: /home/thien/Documents/IE_ROS/Project_6/install/number_actions/include/number_actions/number_actions/action/detail/fibonacci__struct.hpp
[0.364s] -- Up-to-date: /home/thien/Documents/IE_ROS/Project_6/install/number_actions/include/number_actions/number_actions/action/detail/fibonacci__builder.hpp
[0.364s] -- Up-to-date: /home/thien/Documents/IE_ROS/Project_6/install/number_actions/include/number_actions/number_actions
[0.364s] -- Up-to-date: /home/thien/Documents/IE_ROS/Project_6/install/number_actions/include/number_actions/number_actions/msg
[0.365s] -- Up-to-date: /home/thien/Documents/IE_ROS/Project_6/install/number_actions/include/number_actions/number_actions/msg/rosidl_typesupport_fastrtps_cpp__visibility_control.h
[0.365s] -- Up-to-date: /home/thien/Documents/IE_ROS/Project_6/install/number_actions/include/number_actions/number_actions/action
[0.365s] -- Up-to-date: /home/thien/Documents/IE_ROS/Project_6/install/number_actions/include/number_actions/number_actions/action/detail
[0.365s] -- Up-to-date: /home/thien/Documents/IE_ROS/Project_6/install/number_actions/include/number_actions/number_actions/action/detail/dds_fastrtps
[0.365s] -- Up-to-date: /home/thien/Documents/IE_ROS/Project_6/install/number_actions/include/number_actions/number_actions/action/detail/fibonacci__rosidl_typesupport_fastrtps_cpp.hpp
[0.366s] -- Up-to-date: /home/thien/Documents/IE_ROS/Project_6/install/number_actions/lib/libnumber_actions__rosidl_typesupport_fastrtps_cpp.so
[0.366s] -- Up-to-date: /home/thien/Documents/IE_ROS/Project_6/install/number_actions/include/number_actions/number_actions
[0.366s] -- Up-to-date: /home/thien/Documents/IE_ROS/Project_6/install/number_actions/include/number_actions/number_actions/msg
[0.366s] -- Up-to-date: /home/thien/Documents/IE_ROS/Project_6/install/number_actions/include/number_actions/number_actions/msg/rosidl_typesupport_introspection_c__visibility_control.h
[0.366s] -- Up-to-date: /home/thien/Documents/IE_ROS/Project_6/install/number_actions/include/number_actions/number_actions/action
[0.367s] -- Up-to-date: /home/thien/Documents/IE_ROS/Project_6/install/number_actions/include/number_actions/number_actions/action/detail
[0.367s] -- Up-to-date: /home/thien/Documents/IE_ROS/Project_6/install/number_actions/include/number_actions/number_actions/action/detail/fibonacci__type_support.c
[0.367s] -- Up-to-date: /home/thien/Documents/IE_ROS/Project_6/install/number_actions/include/number_actions/number_actions/action/detail/fibonacci__rosidl_typesupport_introspection_c.h
[0.367s] -- Up-to-date: /home/thien/Documents/IE_ROS/Project_6/install/number_actions/lib/libnumber_actions__rosidl_typesupport_introspection_c.so
[0.367s] -- Up-to-date: /home/thien/Documents/IE_ROS/Project_6/install/number_actions/lib/libnumber_actions__rosidl_typesupport_c.so
[0.368s] -- Up-to-date: /home/thien/Documents/IE_ROS/Project_6/install/number_actions/include/number_actions/number_actions
[0.368s] -- Up-to-date: /home/thien/Documents/IE_ROS/Project_6/install/number_actions/include/number_actions/number_actions/action
[0.368s] -- Up-to-date: /home/thien/Documents/IE_ROS/Project_6/install/number_actions/include/number_actions/number_actions/action/detail
[0.368s] -- Up-to-date: /home/thien/Documents/IE_ROS/Project_6/install/number_actions/include/number_actions/number_actions/action/detail/fibonacci__rosidl_typesupport_introspection_cpp.hpp
[0.369s] -- Up-to-date: /home/thien/Documents/IE_ROS/Project_6/install/number_actions/include/number_actions/number_actions/action/detail/fibonacci__type_support.cpp
[0.369s] -- Up-to-date: /home/thien/Documents/IE_ROS/Project_6/install/number_actions/lib/libnumber_actions__rosidl_typesupport_introspection_cpp.so
[0.369s] -- Up-to-date: /home/thien/Documents/IE_ROS/Project_6/install/number_actions/lib/libnumber_actions__rosidl_typesupport_cpp.so
[0.370s] -- Up-to-date: /home/thien/Documents/IE_ROS/Project_6/install/number_actions/share/number_actions/action/Fibonacci.idl
[0.370s] -- Up-to-date: /home/thien/Documents/IE_ROS/Project_6/install/number_actions/share/number_actions/action/Fibonacci.action
[0.370s] -- Up-to-date: /home/thien/Documents/IE_ROS/Project_6/install/number_actions/share/ament_index/resource_index/package_run_dependencies/number_actions
[0.371s] -- Up-to-date: /home/thien/Documents/IE_ROS/Project_6/install/number_actions/share/ament_index/resource_index/parent_prefix_path/number_actions
[0.371s] -- Up-to-date: /home/thien/Documents/IE_ROS/Project_6/install/number_actions/share/number_actions/environment/ament_prefix_path.sh
[0.371s] -- Up-to-date: /home/thien/Documents/IE_ROS/Project_6/install/number_actions/share/number_actions/environment/ament_prefix_path.dsv
[0.371s] -- Up-to-date: /home/thien/Documents/IE_ROS/Project_6/install/number_actions/share/number_actions/environment/path.sh
[0.372s] -- Up-to-date: /home/thien/Documents/IE_ROS/Project_6/install/number_actions/share/number_actions/environment/path.dsv
[0.372s] -- Up-to-date: /home/thien/Documents/IE_ROS/Project_6/install/number_actions/share/number_actions/local_setup.bash
[0.372s] -- Up-to-date: /home/thien/Documents/IE_ROS/Project_6/install/number_actions/share/number_actions/local_setup.sh
[0.372s] -- Up-to-date: /home/thien/Documents/IE_ROS/Project_6/install/number_actions/share/number_actions/local_setup.zsh
[0.373s] -- Up-to-date: /home/thien/Documents/IE_ROS/Project_6/install/number_actions/share/number_actions/local_setup.dsv
[0.374s] -- Installing: /home/thien/Documents/IE_ROS/Project_6/install/number_actions/share/number_actions/package.dsv
[0.374s] -- Up-to-date: /home/thien/Documents/IE_ROS/Project_6/install/number_actions/share/ament_index/resource_index/packages/number_actions
[0.374s] -- Up-to-date: /home/thien/Documents/IE_ROS/Project_6/install/number_actions/share/number_actions/cmake/export_number_actions__rosidl_generator_cExport.cmake
[0.374s] -- Up-to-date: /home/thien/Documents/IE_ROS/Project_6/install/number_actions/share/number_actions/cmake/export_number_actions__rosidl_generator_cExport-noconfig.cmake
[0.375s] -- Up-to-date: /home/thien/Documents/IE_ROS/Project_6/install/number_actions/share/number_actions/cmake/export_number_actions__rosidl_typesupport_fastrtps_cExport.cmake
[0.375s] -- Up-to-date: /home/thien/Documents/IE_ROS/Project_6/install/number_actions/share/number_actions/cmake/export_number_actions__rosidl_typesupport_fastrtps_cExport-noconfig.cmake
[0.375s] -- Up-to-date: /home/thien/Documents/IE_ROS/Project_6/install/number_actions/share/number_actions/cmake/export_number_actions__rosidl_generator_cppExport.cmake
[0.375s] -- Up-to-date: /home/thien/Documents/IE_ROS/Project_6/install/number_actions/share/number_actions/cmake/export_number_actions__rosidl_typesupport_fastrtps_cppExport.cmake
[0.375s] -- Up-to-date: /home/thien/Documents/IE_ROS/Project_6/install/number_actions/share/number_actions/cmake/export_number_actions__rosidl_typesupport_fastrtps_cppExport-noconfig.cmake
[0.376s] -- Up-to-date: /home/thien/Documents/IE_ROS/Project_6/install/number_actions/share/number_actions/cmake/number_actions__rosidl_typesupport_introspection_cExport.cmake
[0.376s] -- Up-to-date: /home/thien/Documents/IE_ROS/Project_6/install/number_actions/share/number_actions/cmake/number_actions__rosidl_typesupport_introspection_cExport-noconfig.cmake
[0.376s] -- Up-to-date: /home/thien/Documents/IE_ROS/Project_6/install/number_actions/share/number_actions/cmake/number_actions__rosidl_typesupport_cExport.cmake
[0.376s] -- Up-to-date: /home/thien/Documents/IE_ROS/Project_6/install/number_actions/share/number_actions/cmake/number_actions__rosidl_typesupport_cExport-noconfig.cmake
[0.377s] -- Up-to-date: /home/thien/Documents/IE_ROS/Project_6/install/number_actions/share/number_actions/cmake/number_actions__rosidl_typesupport_introspection_cppExport.cmake
[0.377s] -- Up-to-date: /home/thien/Documents/IE_ROS/Project_6/install/number_actions/share/number_actions/cmake/number_actions__rosidl_typesupport_introspection_cppExport-noconfig.cmake
[0.377s] -- Up-to-date: /home/thien/Documents/IE_ROS/Project_6/install/number_actions/share/number_actions/cmake/number_actions__rosidl_typesupport_cppExport.cmake
[0.377s] -- Up-to-date: /home/thien/Documents/IE_ROS/Project_6/install/number_actions/share/number_actions/cmake/number_actions__rosidl_typesupport_cppExport-noconfig.cmake
[0.377s] -- Up-to-date: /home/thien/Documents/IE_ROS/Project_6/install/number_actions/share/number_actions/cmake/rosidl_cmake-extras.cmake
[0.377s] -- Up-to-date: /home/thien/Documents/IE_ROS/Project_6/install/number_actions/share/number_actions/cmake/ament_cmake_export_dependencies-extras.cmake
[0.378s] -- Up-to-date: /home/thien/Documents/IE_ROS/Project_6/install/number_actions/share/number_actions/cmake/ament_cmake_export_include_directories-extras.cmake
[0.378s] -- Up-to-date: /home/thien/Documents/IE_ROS/Project_6/install/number_actions/share/number_actions/cmake/ament_cmake_export_libraries-extras.cmake
[0.379s] -- Up-to-date: /home/thien/Documents/IE_ROS/Project_6/install/number_actions/share/number_actions/cmake/ament_cmake_export_targets-extras.cmake
[0.379s] -- Up-to-date: /home/thien/Documents/IE_ROS/Project_6/install/number_actions/share/number_actions/cmake/rosidl_cmake_export_typesupport_targets-extras.cmake
[0.379s] -- Up-to-date: /home/thien/Documents/IE_ROS/Project_6/install/number_actions/share/number_actions/cmake/rosidl_cmake_export_typesupport_libraries-extras.cmake
[0.380s] -- Up-to-date: /home/thien/Documents/IE_ROS/Project_6/install/number_actions/share/number_actions/cmake/number_actionsConfig.cmake
[0.381s] -- Up-to-date: /home/thien/Documents/IE_ROS/Project_6/install/number_actions/share/number_actions/cmake/number_actionsConfig-version.cmake
[0.381s] -- Up-to-date: /home/thien/Documents/IE_ROS/Project_6/install/number_actions/share/number_actions/package.xml
[0.382s] Invoked command in '/home/thien/Documents/IE_ROS/Project_6/build/number_actions' returned '0': CMAKE_PREFIX_PATH=${CMAKE_PREFIX_PATH}:/opt/ros/humble /usr/bin/cmake --install /home/thien/Documents/IE_ROS/Project_6/build/number_actions
