[0.279s] DEBUG:colcon:Command line arguments: ['/usr/bin/colcon', 'build', '--packages-select', 'fun_numbers', 'number_actions']
[0.280s] DEBUG:colcon:Parsed command line arguments: Namespace(log_base=None, log_level=None, verb_name='build', build_base='build', install_base='install', merge_install=False, symlink_install=False, test_result_base=None, continue_on_error=False, executor='parallel', parallel_workers=8, event_handlers=None, ignore_user_meta=False, metas=['./colcon.meta'], base_paths=['.'], packages_ignore=None, packages_ignore_regex=None, paths=None, packages_up_to=None, packages_up_to_regex=None, packages_above=None, packages_above_and_dependencies=None, packages_above_depth=None, packages_select_by_dep=None, packages_skip_by_dep=None, packages_skip_up_to=None, packages_select_build_failed=False, packages_skip_build_finished=False, packages_select_test_failures=False, packages_skip_test_passed=False, packages_select=['fun_numbers', 'number_actions'], packages_skip=None, packages_select_regex=None, packages_skip_regex=None, packages_start=None, packages_end=None, allow_overriding=[], cmake_args=None, cmake_target=None, cmake_target_skip_unavailable=False, cmake_clean_cache=False, cmake_clean_first=False, cmake_force_configure=False, ament_cmake_args=None, catkin_cmake_args=None, catkin_skip_building_tests=False, mixin_files=None, mixin=None, verb_parser=<colcon_mixin.mixin.mixin_argument.MixinArgumentDecorator object at 0x73cf52c78460>, verb_extension=<colcon_core.verb.build.BuildVerb object at 0x73cf52c4ba00>, main=<bound method BuildVerb.main of <colcon_core.verb.build.BuildVerb object at 0x73cf52c4ba00>>, mixin_verb=('build',))
[0.718s] Level 1:colcon.colcon_core.package_discovery:discover_packages(colcon_meta) check parameters
[0.718s] Level 1:colcon.colcon_core.package_discovery:discover_packages(recursive) check parameters
[0.718s] Level 1:colcon.colcon_core.package_discovery:discover_packages(ignore) check parameters
[0.718s] Level 1:colcon.colcon_core.package_discovery:discover_packages(path) check parameters
[0.718s] Level 1:colcon.colcon_core.package_discovery:discover_packages(colcon_meta) discover
[0.718s] Level 1:colcon.colcon_core.package_discovery:discover_packages(recursive) discover
[0.719s] INFO:colcon.colcon_core.package_discovery:Crawling recursively for packages in '/home/thien/Documents/IE_ROS/Project_6'
[0.719s] Level 1:colcon.colcon_core.package_identification:_identify(.) by extensions ['ignore', 'ignore_ament_install']
[0.719s] Level 1:colcon.colcon_core.package_identification:_identify(.) by extension 'ignore'
[0.719s] Level 1:colcon.colcon_core.package_identification:_identify(.) by extension 'ignore_ament_install'
[0.719s] Level 1:colcon.colcon_core.package_identification:_identify(.) by extensions ['colcon_pkg']
[0.719s] Level 1:colcon.colcon_core.package_identification:_identify(.) by extension 'colcon_pkg'
[0.719s] Level 1:colcon.colcon_core.package_identification:_identify(.) by extensions ['colcon_meta']
[0.719s] Level 1:colcon.colcon_core.package_identification:_identify(.) by extension 'colcon_meta'
[0.719s] Level 1:colcon.colcon_core.package_identification:_identify(.) by extensions ['ros']
[0.720s] Level 1:colcon.colcon_core.package_identification:_identify(.) by extension 'ros'
[0.787s] Level 1:colcon.colcon_core.package_identification:_identify(.) by extensions ['cmake', 'python']
[0.787s] Level 1:colcon.colcon_core.package_identification:_identify(.) by extension 'cmake'
[0.787s] Level 1:colcon.colcon_core.package_identification:_identify(.) by extension 'python'
[0.787s] Level 1:colcon.colcon_core.package_identification:_identify(.) by extensions ['python_setup_py']
[0.787s] Level 1:colcon.colcon_core.package_identification:_identify(.) by extension 'python_setup_py'
[0.788s] Level 1:colcon.colcon_core.package_identification:_identify(build) by extensions ['ignore', 'ignore_ament_install']
[0.788s] Level 1:colcon.colcon_core.package_identification:_identify(build) by extension 'ignore'
[0.788s] Level 1:colcon.colcon_core.package_identification:_identify(build) ignored
[0.788s] Level 1:colcon.colcon_core.package_identification:_identify(install) by extensions ['ignore', 'ignore_ament_install']
[0.789s] Level 1:colcon.colcon_core.package_identification:_identify(install) by extension 'ignore'
[0.789s] Level 1:colcon.colcon_core.package_identification:_identify(install) ignored
[0.789s] Level 1:colcon.colcon_core.package_identification:_identify(log) by extensions ['ignore', 'ignore_ament_install']
[0.789s] Level 1:colcon.colcon_core.package_identification:_identify(log) by extension 'ignore'
[0.789s] Level 1:colcon.colcon_core.package_identification:_identify(log) ignored
[0.789s] Level 1:colcon.colcon_core.package_identification:_identify(src) by extensions ['ignore', 'ignore_ament_install']
[0.789s] Level 1:colcon.colcon_core.package_identification:_identify(src) by extension 'ignore'
[0.789s] Level 1:colcon.colcon_core.package_identification:_identify(src) by extension 'ignore_ament_install'
[0.789s] Level 1:colcon.colcon_core.package_identification:_identify(src) by extensions ['colcon_pkg']
[0.790s] Level 1:colcon.colcon_core.package_identification:_identify(src) by extension 'colcon_pkg'
[0.790s] Level 1:colcon.colcon_core.package_identification:_identify(src) by extensions ['colcon_meta']
[0.790s] Level 1:colcon.colcon_core.package_identification:_identify(src) by extension 'colcon_meta'
[0.790s] Level 1:colcon.colcon_core.package_identification:_identify(src) by extensions ['ros']
[0.790s] Level 1:colcon.colcon_core.package_identification:_identify(src) by extension 'ros'
[0.790s] Level 1:colcon.colcon_core.package_identification:_identify(src) by extensions ['cmake', 'python']
[0.790s] Level 1:colcon.colcon_core.package_identification:_identify(src) by extension 'cmake'
[0.790s] Level 1:colcon.colcon_core.package_identification:_identify(src) by extension 'python'
[0.790s] Level 1:colcon.colcon_core.package_identification:_identify(src) by extensions ['python_setup_py']
[0.791s] Level 1:colcon.colcon_core.package_identification:_identify(src) by extension 'python_setup_py'
[0.791s] Level 1:colcon.colcon_core.package_identification:_identify(src/fun_numbers) by extensions ['ignore', 'ignore_ament_install']
[0.791s] Level 1:colcon.colcon_core.package_identification:_identify(src/fun_numbers) by extension 'ignore'
[0.791s] Level 1:colcon.colcon_core.package_identification:_identify(src/fun_numbers) by extension 'ignore_ament_install'
[0.791s] Level 1:colcon.colcon_core.package_identification:_identify(src/fun_numbers) by extensions ['colcon_pkg']
[0.792s] Level 1:colcon.colcon_core.package_identification:_identify(src/fun_numbers) by extension 'colcon_pkg'
[0.792s] Level 1:colcon.colcon_core.package_identification:_identify(src/fun_numbers) by extensions ['colcon_meta']
[0.792s] Level 1:colcon.colcon_core.package_identification:_identify(src/fun_numbers) by extension 'colcon_meta'
[0.792s] Level 1:colcon.colcon_core.package_identification:_identify(src/fun_numbers) by extensions ['ros']
[0.792s] Level 1:colcon.colcon_core.package_identification:_identify(src/fun_numbers) by extension 'ros'
[0.798s] DEBUG:colcon.colcon_core.package_identification:Package 'src/fun_numbers' with type 'ros.ament_cmake' and name 'fun_numbers'
[0.798s] Level 1:colcon.colcon_core.package_identification:_identify(src/number_actions) by extensions ['ignore', 'ignore_ament_install']
[0.799s] Level 1:colcon.colcon_core.package_identification:_identify(src/number_actions) by extension 'ignore'
[0.799s] Level 1:colcon.colcon_core.package_identification:_identify(src/number_actions) by extension 'ignore_ament_install'
[0.799s] Level 1:colcon.colcon_core.package_identification:_identify(src/number_actions) by extensions ['colcon_pkg']
[0.799s] Level 1:colcon.colcon_core.package_identification:_identify(src/number_actions) by extension 'colcon_pkg'
[0.799s] Level 1:colcon.colcon_core.package_identification:_identify(src/number_actions) by extensions ['colcon_meta']
[0.799s] Level 1:colcon.colcon_core.package_identification:_identify(src/number_actions) by extension 'colcon_meta'
[0.799s] Level 1:colcon.colcon_core.package_identification:_identify(src/number_actions) by extensions ['ros']
[0.799s] Level 1:colcon.colcon_core.package_identification:_identify(src/number_actions) by extension 'ros'
[0.801s] DEBUG:colcon.colcon_core.package_identification:Package 'src/number_actions' with type 'ros.ament_cmake' and name 'number_actions'
[0.801s] Level 1:colcon.colcon_core.package_discovery:discover_packages(recursive) using defaults
[0.801s] Level 1:colcon.colcon_core.package_discovery:discover_packages(ignore) discover
[0.801s] Level 1:colcon.colcon_core.package_discovery:discover_packages(ignore) using defaults
[0.801s] Level 1:colcon.colcon_core.package_discovery:discover_packages(path) discover
[0.801s] Level 1:colcon.colcon_core.package_discovery:discover_packages(path) using defaults
[0.842s] Level 1:colcon.colcon_core.package_discovery:discover_packages(prefix_path) check parameters
[0.843s] Level 1:colcon.colcon_core.package_discovery:discover_packages(prefix_path) discover
[0.846s] DEBUG:colcon.colcon_installed_package_information.package_discovery:Found 2 installed packages in /home/thien/Documents/IE_ROS/Project_6/install
[0.850s] DEBUG:colcon.colcon_installed_package_information.package_discovery:Found 363 installed packages in /opt/ros/humble
[0.856s] Level 1:colcon.colcon_core.package_discovery:discover_packages(prefix_path) using defaults
[0.954s] Level 5:colcon.colcon_core.verb:set package 'number_actions' build argument 'cmake_args' from command line to 'None'
[0.954s] Level 5:colcon.colcon_core.verb:set package 'number_actions' build argument 'cmake_target' from command line to 'None'
[0.954s] Level 5:colcon.colcon_core.verb:set package 'number_actions' build argument 'cmake_target_skip_unavailable' from command line to 'False'
[0.954s] Level 5:colcon.colcon_core.verb:set package 'number_actions' build argument 'cmake_clean_cache' from command line to 'False'
[0.954s] Level 5:colcon.colcon_core.verb:set package 'number_actions' build argument 'cmake_clean_first' from command line to 'False'
[0.955s] Level 5:colcon.colcon_core.verb:set package 'number_actions' build argument 'cmake_force_configure' from command line to 'False'
[0.955s] Level 5:colcon.colcon_core.verb:set package 'number_actions' build argument 'ament_cmake_args' from command line to 'None'
[0.955s] Level 5:colcon.colcon_core.verb:set package 'number_actions' build argument 'catkin_cmake_args' from command line to 'None'
[0.955s] Level 5:colcon.colcon_core.verb:set package 'number_actions' build argument 'catkin_skip_building_tests' from command line to 'False'
[0.955s] DEBUG:colcon.colcon_core.verb:Building package 'number_actions' with the following arguments: {'ament_cmake_args': None, 'build_base': '/home/thien/Documents/IE_ROS/Project_6/build/number_actions', 'catkin_cmake_args': None, 'catkin_skip_building_tests': False, 'cmake_args': None, 'cmake_clean_cache': False, 'cmake_clean_first': False, 'cmake_force_configure': False, 'cmake_target': None, 'cmake_target_skip_unavailable': False, 'install_base': '/home/thien/Documents/IE_ROS/Project_6/install/number_actions', 'merge_install': False, 'path': '/home/thien/Documents/IE_ROS/Project_6/src/number_actions', 'symlink_install': False, 'test_result_base': None}
[0.956s] Level 5:colcon.colcon_core.verb:set package 'fun_numbers' build argument 'cmake_args' from command line to 'None'
[0.957s] Level 5:colcon.colcon_core.verb:set package 'fun_numbers' build argument 'cmake_target' from command line to 'None'
[0.957s] Level 5:colcon.colcon_core.verb:set package 'fun_numbers' build argument 'cmake_target_skip_unavailable' from command line to 'False'
[0.957s] Level 5:colcon.colcon_core.verb:set package 'fun_numbers' build argument 'cmake_clean_cache' from command line to 'False'
[0.957s] Level 5:colcon.colcon_core.verb:set package 'fun_numbers' build argument 'cmake_clean_first' from command line to 'False'
[0.957s] Level 5:colcon.colcon_core.verb:set package 'fun_numbers' build argument 'cmake_force_configure' from command line to 'False'
[0.957s] Level 5:colcon.colcon_core.verb:set package 'fun_numbers' build argument 'ament_cmake_args' from command line to 'None'
[0.957s] Level 5:colcon.colcon_core.verb:set package 'fun_numbers' build argument 'catkin_cmake_args' from command line to 'None'
[0.957s] Level 5:colcon.colcon_core.verb:set package 'fun_numbers' build argument 'catkin_skip_building_tests' from command line to 'False'
[0.957s] DEBUG:colcon.colcon_core.verb:Building package 'fun_numbers' with the following arguments: {'ament_cmake_args': None, 'build_base': '/home/thien/Documents/IE_ROS/Project_6/build/fun_numbers', 'catkin_cmake_args': None, 'catkin_skip_building_tests': False, 'cmake_args': None, 'cmake_clean_cache': False, 'cmake_clean_first': False, 'cmake_force_configure': False, 'cmake_target': None, 'cmake_target_skip_unavailable': False, 'install_base': '/home/thien/Documents/IE_ROS/Project_6/install/fun_numbers', 'merge_install': False, 'path': '/home/thien/Documents/IE_ROS/Project_6/src/fun_numbers', 'symlink_install': False, 'test_result_base': None}
[0.958s] INFO:colcon.colcon_core.executor:Executing jobs using 'parallel' executor
[0.962s] DEBUG:colcon.colcon_parallel_executor.executor.parallel:run_until_complete
[0.962s] INFO:colcon.colcon_ros.task.ament_cmake.build:Building ROS package in '/home/thien/Documents/IE_ROS/Project_6/src/number_actions' with build type 'ament_cmake'
[0.963s] INFO:colcon.colcon_cmake.task.cmake.build:Building CMake package in '/home/thien/Documents/IE_ROS/Project_6/src/number_actions'
[0.966s] INFO:colcon.colcon_core.plugin_system:Skipping extension 'colcon_core.shell.bat': Not used on non-Windows systems
[0.967s] INFO:colcon.colcon_core.shell:Skip shell extension 'powershell' for command environment: Not usable outside of PowerShell
[0.967s] DEBUG:colcon.colcon_core.shell:Skip shell extension 'dsv' for command environment
[0.995s] DEBUG:colcon.colcon_core.event_handler.log_command:Invoking command in '/home/thien/Documents/IE_ROS/Project_6/build/number_actions': CMAKE_PREFIX_PATH=${CMAKE_PREFIX_PATH}:/opt/ros/humble /usr/bin/cmake --build /home/thien/Documents/IE_ROS/Project_6/build/number_actions -- -j8 -l8
[1.326s] DEBUG:colcon.colcon_core.event_handler.log_command:Invoked command in '/home/thien/Documents/IE_ROS/Project_6/build/number_actions' returned '0': CMAKE_PREFIX_PATH=${CMAKE_PREFIX_PATH}:/opt/ros/humble /usr/bin/cmake --build /home/thien/Documents/IE_ROS/Project_6/build/number_actions -- -j8 -l8
[1.470s] DEBUG:colcon.colcon_core.event_handler.log_command:Invoking command in '/home/thien/Documents/IE_ROS/Project_6/build/number_actions': CMAKE_PREFIX_PATH=${CMAKE_PREFIX_PATH}:/opt/ros/humble /usr/bin/cmake --install /home/thien/Documents/IE_ROS/Project_6/build/number_actions
[1.509s] Level 1:colcon.colcon_core.environment:create_environment_scripts_only(number_actions)
[1.510s] DEBUG:colcon.colcon_core.event_handler.log_command:Invoked command in '/home/thien/Documents/IE_ROS/Project_6/build/number_actions' returned '0': CMAKE_PREFIX_PATH=${CMAKE_PREFIX_PATH}:/opt/ros/humble /usr/bin/cmake --install /home/thien/Documents/IE_ROS/Project_6/build/number_actions
[1.513s] Level 1:colcon.colcon_core.environment:checking '/home/thien/Documents/IE_ROS/Project_6/install/number_actions' for CMake module files
[1.514s] Level 1:colcon.colcon_core.environment:checking '/home/thien/Documents/IE_ROS/Project_6/install/number_actions' for CMake config files
[1.515s] Level 1:colcon.colcon_core.shell:create_environment_hook('number_actions', 'cmake_prefix_path')
[1.515s] INFO:colcon.colcon_core.shell:Creating environment hook '/home/thien/Documents/IE_ROS/Project_6/install/number_actions/share/number_actions/hook/cmake_prefix_path.ps1'
[1.517s] INFO:colcon.colcon_core.shell:Creating environment descriptor '/home/thien/Documents/IE_ROS/Project_6/install/number_actions/share/number_actions/hook/cmake_prefix_path.dsv'
[1.517s] INFO:colcon.colcon_core.shell:Creating environment hook '/home/thien/Documents/IE_ROS/Project_6/install/number_actions/share/number_actions/hook/cmake_prefix_path.sh'
[1.519s] Level 1:colcon.colcon_core.environment:checking '/home/thien/Documents/IE_ROS/Project_6/install/number_actions/lib'
[1.519s] Level 1:colcon.colcon_core.shell:create_environment_hook('number_actions', 'ld_library_path_lib')
[1.520s] INFO:colcon.colcon_core.shell:Creating environment hook '/home/thien/Documents/IE_ROS/Project_6/install/number_actions/share/number_actions/hook/ld_library_path_lib.ps1'
[1.521s] INFO:colcon.colcon_core.shell:Creating environment descriptor '/home/thien/Documents/IE_ROS/Project_6/install/number_actions/share/number_actions/hook/ld_library_path_lib.dsv'
[1.522s] INFO:colcon.colcon_core.shell:Creating environment hook '/home/thien/Documents/IE_ROS/Project_6/install/number_actions/share/number_actions/hook/ld_library_path_lib.sh'
[1.522s] Level 1:colcon.colcon_core.environment:checking '/home/thien/Documents/IE_ROS/Project_6/install/number_actions/bin'
[1.523s] Level 1:colcon.colcon_core.environment:checking '/home/thien/Documents/IE_ROS/Project_6/install/number_actions/lib/pkgconfig/number_actions.pc'
[1.523s] Level 1:colcon.colcon_core.environment:checking '/home/thien/Documents/IE_ROS/Project_6/install/number_actions/lib/python3.10/site-packages'
[1.523s] Level 1:colcon.colcon_core.environment:checking '/home/thien/Documents/IE_ROS/Project_6/install/number_actions/bin'
[1.524s] INFO:colcon.colcon_core.shell:Creating package script '/home/thien/Documents/IE_ROS/Project_6/install/number_actions/share/number_actions/package.ps1'
[1.525s] INFO:colcon.colcon_core.shell:Creating package descriptor '/home/thien/Documents/IE_ROS/Project_6/install/number_actions/share/number_actions/package.dsv'
[1.526s] INFO:colcon.colcon_core.shell:Creating package script '/home/thien/Documents/IE_ROS/Project_6/install/number_actions/share/number_actions/package.sh'
[1.528s] INFO:colcon.colcon_core.shell:Creating package script '/home/thien/Documents/IE_ROS/Project_6/install/number_actions/share/number_actions/package.bash'
[1.529s] INFO:colcon.colcon_core.shell:Creating package script '/home/thien/Documents/IE_ROS/Project_6/install/number_actions/share/number_actions/package.zsh'
[1.530s] Level 1:colcon.colcon_core.environment:create_file_with_runtime_dependencies(/home/thien/Documents/IE_ROS/Project_6/install/number_actions/share/colcon-core/packages/number_actions)
[1.652s] Level 1:colcon.colcon_core.environment:create_environment_scripts_only(number_actions)
[1.652s] Level 1:colcon.colcon_core.environment:checking '/home/thien/Documents/IE_ROS/Project_6/install/number_actions' for CMake module files
[1.654s] Level 1:colcon.colcon_core.environment:checking '/home/thien/Documents/IE_ROS/Project_6/install/number_actions' for CMake config files
[1.655s] Level 1:colcon.colcon_core.shell:create_environment_hook('number_actions', 'cmake_prefix_path')
[1.656s] INFO:colcon.colcon_core.shell:Creating environment hook '/home/thien/Documents/IE_ROS/Project_6/install/number_actions/share/number_actions/hook/cmake_prefix_path.ps1'
[1.658s] INFO:colcon.colcon_core.shell:Creating environment descriptor '/home/thien/Documents/IE_ROS/Project_6/install/number_actions/share/number_actions/hook/cmake_prefix_path.dsv'
[1.659s] INFO:colcon.colcon_core.shell:Creating environment hook '/home/thien/Documents/IE_ROS/Project_6/install/number_actions/share/number_actions/hook/cmake_prefix_path.sh'
[1.661s] Level 1:colcon.colcon_core.environment:checking '/home/thien/Documents/IE_ROS/Project_6/install/number_actions/lib'
[1.662s] Level 1:colcon.colcon_core.shell:create_environment_hook('number_actions', 'ld_library_path_lib')
[1.662s] INFO:colcon.colcon_core.shell:Creating environment hook '/home/thien/Documents/IE_ROS/Project_6/install/number_actions/share/number_actions/hook/ld_library_path_lib.ps1'
[1.663s] INFO:colcon.colcon_core.shell:Creating environment descriptor '/home/thien/Documents/IE_ROS/Project_6/install/number_actions/share/number_actions/hook/ld_library_path_lib.dsv'
[1.664s] INFO:colcon.colcon_core.shell:Creating environment hook '/home/thien/Documents/IE_ROS/Project_6/install/number_actions/share/number_actions/hook/ld_library_path_lib.sh'
[1.665s] Level 1:colcon.colcon_core.environment:checking '/home/thien/Documents/IE_ROS/Project_6/install/number_actions/bin'
[1.665s] Level 1:colcon.colcon_core.environment:checking '/home/thien/Documents/IE_ROS/Project_6/install/number_actions/lib/pkgconfig/number_actions.pc'
[1.665s] Level 1:colcon.colcon_core.environment:checking '/home/thien/Documents/IE_ROS/Project_6/install/number_actions/lib/python3.10/site-packages'
[1.666s] Level 1:colcon.colcon_core.environment:checking '/home/thien/Documents/IE_ROS/Project_6/install/number_actions/bin'
[1.667s] INFO:colcon.colcon_core.shell:Creating package script '/home/thien/Documents/IE_ROS/Project_6/install/number_actions/share/number_actions/package.ps1'
[1.668s] INFO:colcon.colcon_core.shell:Creating package descriptor '/home/thien/Documents/IE_ROS/Project_6/install/number_actions/share/number_actions/package.dsv'
[1.669s] INFO:colcon.colcon_core.shell:Creating package script '/home/thien/Documents/IE_ROS/Project_6/install/number_actions/share/number_actions/package.sh'
[1.670s] INFO:colcon.colcon_core.shell:Creating package script '/home/thien/Documents/IE_ROS/Project_6/install/number_actions/share/number_actions/package.bash'
[1.672s] INFO:colcon.colcon_core.shell:Creating package script '/home/thien/Documents/IE_ROS/Project_6/install/number_actions/share/number_actions/package.zsh'
[1.673s] Level 1:colcon.colcon_core.environment:create_file_with_runtime_dependencies(/home/thien/Documents/IE_ROS/Project_6/install/number_actions/share/colcon-core/packages/number_actions)
[1.675s] INFO:colcon.colcon_ros.task.ament_cmake.build:Building ROS package in '/home/thien/Documents/IE_ROS/Project_6/src/fun_numbers' with build type 'ament_cmake'
[1.675s] INFO:colcon.colcon_cmake.task.cmake.build:Building CMake package in '/home/thien/Documents/IE_ROS/Project_6/src/fun_numbers'
[1.676s] INFO:colcon.colcon_core.shell:Skip shell extension 'powershell' for command environment: Not usable outside of PowerShell
[1.676s] DEBUG:colcon.colcon_core.shell:Skip shell extension 'dsv' for command environment
[1.705s] DEBUG:colcon.colcon_core.event_handler.log_command:Invoking command in '/home/thien/Documents/IE_ROS/Project_6/build/fun_numbers': CMAKE_PREFIX_PATH=/home/thien/Documents/IE_ROS/Project_6/install/number_actions:/home/thien/Documents/IE_ROS/Project_6/install/fun_numbers:/opt/ros/humble /usr/bin/cmake --build /home/thien/Documents/IE_ROS/Project_6/build/fun_numbers -- -j8 -l8
[8.965s] DEBUG:colcon.colcon_core.event_handler.log_command:Invoked command in '/home/thien/Documents/IE_ROS/Project_6/build/fun_numbers' returned '2': CMAKE_PREFIX_PATH=/home/thien/Documents/IE_ROS/Project_6/install/number_actions:/home/thien/Documents/IE_ROS/Project_6/install/fun_numbers:/opt/ros/humble /usr/bin/cmake --build /home/thien/Documents/IE_ROS/Project_6/build/fun_numbers -- -j8 -l8
[9.047s] Level 1:colcon.colcon_core.environment:create_environment_scripts_only(fun_numbers)
[9.048s] Level 1:colcon.colcon_core.environment:checking '/home/thien/Documents/IE_ROS/Project_6/install/fun_numbers' for CMake module files
[9.050s] Level 1:colcon.colcon_core.environment:checking '/home/thien/Documents/IE_ROS/Project_6/install/fun_numbers' for CMake config files
[9.051s] Level 1:colcon.colcon_core.shell:create_environment_hook('fun_numbers', 'cmake_prefix_path')
[9.052s] INFO:colcon.colcon_core.shell:Creating environment hook '/home/thien/Documents/IE_ROS/Project_6/install/fun_numbers/share/fun_numbers/hook/cmake_prefix_path.ps1'
[9.054s] INFO:colcon.colcon_core.shell:Creating environment descriptor '/home/thien/Documents/IE_ROS/Project_6/install/fun_numbers/share/fun_numbers/hook/cmake_prefix_path.dsv'
[9.055s] INFO:colcon.colcon_core.shell:Creating environment hook '/home/thien/Documents/IE_ROS/Project_6/install/fun_numbers/share/fun_numbers/hook/cmake_prefix_path.sh'
[9.057s] Level 1:colcon.colcon_core.environment:checking '/home/thien/Documents/IE_ROS/Project_6/install/fun_numbers/lib'
[9.058s] Level 1:colcon.colcon_core.environment:checking '/home/thien/Documents/IE_ROS/Project_6/install/fun_numbers/bin'
[9.058s] Level 1:colcon.colcon_core.environment:checking '/home/thien/Documents/IE_ROS/Project_6/install/fun_numbers/lib/pkgconfig/fun_numbers.pc'
[9.059s] Level 1:colcon.colcon_core.environment:checking '/home/thien/Documents/IE_ROS/Project_6/install/fun_numbers/lib/python3.10/site-packages'
[9.060s] Level 1:colcon.colcon_core.environment:checking '/home/thien/Documents/IE_ROS/Project_6/install/fun_numbers/bin'
[9.061s] INFO:colcon.colcon_core.shell:Creating package script '/home/thien/Documents/IE_ROS/Project_6/install/fun_numbers/share/fun_numbers/package.ps1'
[9.063s] INFO:colcon.colcon_core.shell:Creating package descriptor '/home/thien/Documents/IE_ROS/Project_6/install/fun_numbers/share/fun_numbers/package.dsv'
[9.065s] INFO:colcon.colcon_core.shell:Creating package script '/home/thien/Documents/IE_ROS/Project_6/install/fun_numbers/share/fun_numbers/package.sh'
[9.066s] INFO:colcon.colcon_core.shell:Creating package script '/home/thien/Documents/IE_ROS/Project_6/install/fun_numbers/share/fun_numbers/package.bash'
[9.068s] INFO:colcon.colcon_core.shell:Creating package script '/home/thien/Documents/IE_ROS/Project_6/install/fun_numbers/share/fun_numbers/package.zsh'
[9.069s] Level 1:colcon.colcon_core.environment:create_file_with_runtime_dependencies(/home/thien/Documents/IE_ROS/Project_6/install/fun_numbers/share/colcon-core/packages/fun_numbers)
[9.080s] DEBUG:colcon.colcon_parallel_executor.executor.parallel:closing loop
[9.081s] DEBUG:colcon.colcon_parallel_executor.executor.parallel:loop closed
[9.081s] DEBUG:colcon.colcon_parallel_executor.executor.parallel:run_until_complete finished with '2'
[9.081s] DEBUG:colcon.colcon_core.event_reactor:joining thread
[9.094s] INFO:colcon.colcon_core.plugin_system:Skipping extension 'colcon_notification.desktop_notification.terminal_notifier': Not used on non-Darwin systems
[9.094s] INFO:colcon.colcon_core.plugin_system:Skipping extension 'colcon_notification.desktop_notification.win32': Not used on non-Windows systems
[9.095s] INFO:colcon.colcon_notification.desktop_notification:Sending desktop notification using 'notify2'
[9.126s] DEBUG:colcon.colcon_core.event_reactor:joined thread
[9.127s] INFO:colcon.colcon_core.shell:Creating prefix script '/home/thien/Documents/IE_ROS/Project_6/install/local_setup.ps1'
[9.129s] INFO:colcon.colcon_core.shell:Creating prefix util module '/home/thien/Documents/IE_ROS/Project_6/install/_local_setup_util_ps1.py'
[9.132s] INFO:colcon.colcon_core.shell:Creating prefix chain script '/home/thien/Documents/IE_ROS/Project_6/install/setup.ps1'
[9.136s] INFO:colcon.colcon_core.shell:Creating prefix script '/home/thien/Documents/IE_ROS/Project_6/install/local_setup.sh'
[9.138s] INFO:colcon.colcon_core.shell:Creating prefix util module '/home/thien/Documents/IE_ROS/Project_6/install/_local_setup_util_sh.py'
[9.140s] INFO:colcon.colcon_core.shell:Creating prefix chain script '/home/thien/Documents/IE_ROS/Project_6/install/setup.sh'
[9.144s] INFO:colcon.colcon_core.shell:Creating prefix script '/home/thien/Documents/IE_ROS/Project_6/install/local_setup.bash'
[9.145s] INFO:colcon.colcon_core.shell:Creating prefix chain script '/home/thien/Documents/IE_ROS/Project_6/install/setup.bash'
[9.147s] INFO:colcon.colcon_core.shell:Creating prefix script '/home/thien/Documents/IE_ROS/Project_6/install/local_setup.zsh'
[9.149s] INFO:colcon.colcon_core.shell:Creating prefix chain script '/home/thien/Documents/IE_ROS/Project_6/install/setup.zsh'
