[0.024s] Invoking command in '/home/thien/Documents/IE_ROS/Project_6/build/fun_numbers': AMENT_PREFIX_PATH=/home/thien/Documents/IE_ROS/Project_6/install/number_actions:${AMENT_PREFIX_PATH} CMAKE_PREFIX_PATH=/home/thien/Documents/IE_ROS/Project_6/install/number_actions:/opt/ros/humble LD_LIBRARY_PATH=/home/thien/Documents/IE_ROS/Project_6/install/number_actions/lib:${LD_LIBRARY_PATH} /usr/bin/cmake --build /home/thien/Documents/IE_ROS/Project_6/build/fun_numbers -- -j8 -l8
[0.168s] [ 75%] [32mBuilding CXX object CMakeFiles/fibonacci_server.dir/src/fibonacci_server.cpp.o[0m
[0.169s] [ 75%] Built target fibonacci_client
[8.459s] [100%] [32m[1mLinking CXX executable fibonacci_server[0m
[8.920s] [100%] Built target fibonacci_server
[8.949s] Invoked command in '/home/thien/Documents/IE_ROS/Project_6/build/fun_numbers' returned '0': AMENT_PREFIX_PATH=/home/thien/Documents/IE_ROS/Project_6/install/number_actions:${AMENT_PREFIX_PATH} CMAKE_PREFIX_PATH=/home/thien/Documents/IE_ROS/Project_6/install/number_actions:/opt/ros/humble LD_LIBRARY_PATH=/home/thien/Documents/IE_ROS/Project_6/install/number_actions/lib:${LD_LIBRARY_PATH} /usr/bin/cmake --build /home/thien/Documents/IE_ROS/Project_6/build/fun_numbers -- -j8 -l8
[9.029s] Invoking command in '/home/thien/Documents/IE_ROS/Project_6/build/fun_numbers': AMENT_PREFIX_PATH=/home/thien/Documents/IE_ROS/Project_6/install/number_actions:${AMENT_PREFIX_PATH} CMAKE_PREFIX_PATH=/home/thien/Documents/IE_ROS/Project_6/install/number_actions:/opt/ros/humble LD_LIBRARY_PATH=/home/thien/Documents/IE_ROS/Project_6/install/number_actions/lib:${LD_LIBRARY_PATH} /usr/bin/cmake --install /home/thien/Documents/IE_ROS/Project_6/build/fun_numbers
[9.046s] -- Install configuration: ""
[9.047s] -- Installing: /home/thien/Documents/IE_ROS/Project_6/install/fun_numbers/lib/fun_numbers/fibonacci_server
[9.051s] -- Set runtime path of "/home/thien/Documents/IE_ROS/Project_6/install/fun_numbers/lib/fun_numbers/fibonacci_server" to ""
[9.051s] -- Up-to-date: /home/thien/Documents/IE_ROS/Project_6/install/fun_numbers/lib/fun_numbers/fibonacci_client
[9.051s] -- Up-to-date: /home/thien/Documents/IE_ROS/Project_6/install/fun_numbers/share/fun_numbers//launch
[9.051s] -- Up-to-date: /home/thien/Documents/IE_ROS/Project_6/install/fun_numbers/share/fun_numbers//launch/action_test.py
[9.052s] -- Up-to-date: /home/thien/Documents/IE_ROS/Project_6/install/fun_numbers/share/ament_index/resource_index/package_run_dependencies/fun_numbers
[9.052s] -- Up-to-date: /home/thien/Documents/IE_ROS/Project_6/install/fun_numbers/share/ament_index/resource_index/parent_prefix_path/fun_numbers
[9.052s] -- Up-to-date: /home/thien/Documents/IE_ROS/Project_6/install/fun_numbers/share/fun_numbers/environment/ament_prefix_path.sh
[9.052s] -- Up-to-date: /home/thien/Documents/IE_ROS/Project_6/install/fun_numbers/share/fun_numbers/environment/ament_prefix_path.dsv
[9.053s] -- Up-to-date: /home/thien/Documents/IE_ROS/Project_6/install/fun_numbers/share/fun_numbers/environment/path.sh
[9.053s] -- Up-to-date: /home/thien/Documents/IE_ROS/Project_6/install/fun_numbers/share/fun_numbers/environment/path.dsv
[9.053s] -- Up-to-date: /home/thien/Documents/IE_ROS/Project_6/install/fun_numbers/share/fun_numbers/local_setup.bash
[9.053s] -- Up-to-date: /home/thien/Documents/IE_ROS/Project_6/install/fun_numbers/share/fun_numbers/local_setup.sh
[9.053s] -- Up-to-date: /home/thien/Documents/IE_ROS/Project_6/install/fun_numbers/share/fun_numbers/local_setup.zsh
[9.053s] -- Up-to-date: /home/thien/Documents/IE_ROS/Project_6/install/fun_numbers/share/fun_numbers/local_setup.dsv
[9.054s] -- Installing: /home/thien/Documents/IE_ROS/Project_6/install/fun_numbers/share/fun_numbers/package.dsv
[9.054s] -- Up-to-date: /home/thien/Documents/IE_ROS/Project_6/install/fun_numbers/share/ament_index/resource_index/packages/fun_numbers
[9.054s] -- Up-to-date: /home/thien/Documents/IE_ROS/Project_6/install/fun_numbers/share/fun_numbers/cmake/fun_numbersConfig.cmake
[9.054s] -- Up-to-date: /home/thien/Documents/IE_ROS/Project_6/install/fun_numbers/share/fun_numbers/cmake/fun_numbersConfig-version.cmake
[9.054s] -- Up-to-date: /home/thien/Documents/IE_ROS/Project_6/install/fun_numbers/share/fun_numbers/package.xml
[9.059s] Invoked command in '/home/thien/Documents/IE_ROS/Project_6/build/fun_numbers' returned '0': AMENT_PREFIX_PATH=/home/thien/Documents/IE_ROS/Project_6/install/number_actions:${AMENT_PREFIX_PATH} CMAKE_PREFIX_PATH=/home/thien/Documents/IE_ROS/Project_6/install/number_actions:/opt/ros/humble LD_LIBRARY_PATH=/home/thien/Documents/IE_ROS/Project_6/install/number_actions/lib:${LD_LIBRARY_PATH} /usr/bin/cmake --install /home/thien/Documents/IE_ROS/Project_6/build/fun_numbers
