[01m[K/home/thien/Documents/IE_ROS/Project_6/src/fun_numbers/src/fibonacci_server.cpp:[m[K In constructor ‘[01m[KFibonacciServer::FibonacciServer(const rclcpp::NodeOptions&)[m[K’:
[01m[K/home/thien/Documents/IE_ROS/Project_6/src/fun_numbers/src/fibonacci_server.cpp:15:54:[m[K [01;31m[Kerror: [m[Kno matching function for call to ‘[01m[Kcreate_server<Fibonacci>(FibonacciServer*, const char [10], FibonacciServer::FibonacciServer(const rclcpp::NodeOptions&)::<lambda(auto:40)>, FibonacciServer::FibonacciServer(const rclcpp::NodeOptions&)::<lambda(auto:41, auto:42)>, FibonacciServer::FibonacciServer(const rclcpp::NodeOptions&)::<lambda(auto:43)>)[m[K’
   15 |     server_ = [01;31m[Krclcpp_action::create_server<Fibonacci>([m[K
      |               [01;31m[K~~~~~~~~~~~~~~~~~~~~~~~~~~~~~~~~~~~~~~~^[m[K
   16 | [01;31m[K        this,[m[K
      |         [01;31m[K~~~~~[m[K                                         
   17 | [01;31m[K        "fibonacci",[m[K
      |         [01;31m[K~~~~~~~~~~~~[m[K                                  
   18 | [01;31m[K        [this](const auto goal_handle) { handle_accepted(goal_handle); },[m[K
      |         [01;31m[K~~~~~~~~~~~~~~~~~~~~~~~~~~~~~~~~~~~~~~~~~~~~~~~~~~~~~~~~~~~~~~~~~[m[K
   19 | [01;31m[K        [this](const auto uuid, const auto goal) { return handle_goal(uuid, goal); },[m[K
      |         [01;31m[K~~~~~~~~~~~~~~~~~~~~~~~~~~~~~~~~~~~~~~~~~~~~~~~~~~~~~~~~~~~~~~~~~~~~~~~~~~~~~[m[K
   20 | [01;31m[K        [this](const auto goal_handle) { return handle_cancel(goal_handle); })[m[K;
      |         [01;31m[K~~~~~~~~~~~~~~~~~~~~~~~~~~~~~~~~~~~~~~~~~~~~~~~~~~~~~~~~~~~~~~~~~~~~~~[m[K
In file included from [01m[K/opt/ros/humble/include/rclcpp_action/rclcpp_action/rclcpp_action.hpp:39[m[K,
                 from [01m[K/home/thien/Documents/IE_ROS/Project_6/src/fun_numbers/src/fibonacci_server.cpp:3[m[K:
[01m[K/opt/ros/humble/include/rclcpp_action/rclcpp_action/create_server.hpp:58:1:[m[K [01;36m[Knote: [m[Kcandidate: ‘[01m[Ktypename rclcpp_action::Server<ActionT>::SharedPtr rclcpp_action::create_server(rclcpp::node_interfaces::NodeBaseInterface::SharedPtr, rclcpp::node_interfaces::NodeClockInterface::SharedPtr, rclcpp::node_interfaces::NodeLoggingInterface::SharedPtr, rclcpp::node_interfaces::NodeWaitablesInterface::SharedPtr, const string&, typename rclcpp_action::Server<ActionT>::GoalCallback, typename rclcpp_action::Server<ActionT>::CancelCallback, typename rclcpp_action::Server<ActionT>::AcceptedCallback, const rcl_action_server_options_t&, rclcpp::CallbackGroup::SharedPtr) [with ActionT = number_actions::action::Fibonacci; typename rclcpp_action::Server<ActionT>::SharedPtr = std::shared_ptr<rclcpp_action::Server<number_actions::action::Fibonacci> >; rclcpp::node_interfaces::NodeBaseInterface::SharedPtr = std::shared_ptr<rclcpp::node_interfaces::NodeBaseInterface>; rclcpp::node_interfaces::NodeClockInterface::SharedPtr = std::shared_ptr<rclcpp::node_interfaces::NodeClockInterface>; rclcpp::node_interfaces::NodeLoggingInterface::SharedPtr = std::shared_ptr<rclcpp::node_interfaces::NodeLoggingInterface>; rclcpp::node_interfaces::NodeWaitablesInterface::SharedPtr = std::shared_ptr<rclcpp::node_interfaces::NodeWaitablesInterface>; std::string = std::__cxx11::basic_string<char>; typename rclcpp_action::Server<ActionT>::GoalCallback = std::function<rclcpp_action::GoalResponse(const std::array<unsigned char, 16>&, std::shared_ptr<const number_actions::action::Fibonacci_Goal_<std::allocator<void> > >)>; typename rclcpp_action::Server<ActionT>::CancelCallback = std::function<rclcpp_action::CancelResponse(std::shared_ptr<rclcpp_action::ServerGoalHandle<number_actions::action::Fibonacci> >)>; typename rclcpp_action::Server<ActionT>::AcceptedCallback = std::function<void(std::shared_ptr<rclcpp_action::ServerGoalHandle<number_actions::action::Fibonacci> >)>; rcl_action_server_options_t = rcl_action_server_options_s; rclcpp::CallbackGroup::SharedPtr = std::shared_ptr<rclcpp::CallbackGroup>][m[K’
   58 | [01;36m[Kcreate_server[m[K(
      | [01;36m[K^~~~~~~~~~~~~[m[K
[01m[K/opt/ros/humble/include/rclcpp_action/rclcpp_action/create_server.hpp:58:1:[m[K [01;36m[Knote: [m[K  candidate expects 10 arguments, 5 provided
[01m[K/opt/ros/humble/include/rclcpp_action/rclcpp_action/create_server.hpp:132:1:[m[K [01;36m[Knote: [m[Kcandidate: ‘[01m[Ktemplate<class ActionT, class NodeT> typename rclcpp_action::Server<ActionT>::SharedPtr rclcpp_action::create_server(NodeT, const string&, typename rclcpp_action::Server<ActionT>::GoalCallback, typename rclcpp_action::Server<ActionT>::CancelCallback, typename rclcpp_action::Server<ActionT>::AcceptedCallback, const rcl_action_server_options_t&, rclcpp::CallbackGroup::SharedPtr)[m[K’
  132 | [01;36m[Kcreate_server[m[K(
      | [01;36m[K^~~~~~~~~~~~~[m[K
[01m[K/opt/ros/humble/include/rclcpp_action/rclcpp_action/create_server.hpp:132:1:[m[K [01;36m[Knote: [m[K  template argument deduction/substitution failed:
[01m[K/home/thien/Documents/IE_ROS/Project_6/src/fun_numbers/src/fibonacci_server.cpp:15:54:[m[K [01;36m[Knote: [m[K  cannot convert ‘[01m[K<lambda closure object>FibonacciServer::FibonacciServer(const rclcpp::NodeOptions&)::<lambda(auto:40)>{((FibonacciServer*)this)}[m[K’ (type ‘[01m[KFibonacciServer::FibonacciServer(const rclcpp::NodeOptions&)::<lambda(auto:40)>[m[K’) to type ‘[01m[Krclcpp_action::Server<number_actions::action::Fibonacci>::GoalCallback[m[K’ {aka ‘[01m[Kstd::function<rclcpp_action::GoalResponse(const std::array<unsigned char, 16>&, std::shared_ptr<const number_actions::action::Fibonacci_Goal_<std::allocator<void> > >)>[m[K’}
   15 |     server_ = [01;36m[Krclcpp_action::create_server<Fibonacci>([m[K
      |               [01;36m[K~~~~~~~~~~~~~~~~~~~~~~~~~~~~~~~~~~~~~~~^[m[K
   16 | [01;36m[K        this,[m[K
      |         [01;36m[K~~~~~[m[K                                         
   17 | [01;36m[K        "fibonacci",[m[K
      |         [01;36m[K~~~~~~~~~~~~[m[K                                  
   18 | [01;36m[K        [this](const auto goal_handle) { handle_accepted(goal_handle); },[m[K
      |         [01;36m[K~~~~~~~~~~~~~~~~~~~~~~~~~~~~~~~~~~~~~~~~~~~~~~~~~~~~~~~~~~~~~~~~~[m[K
   19 | [01;36m[K        [this](const auto uuid, const auto goal) { return handle_goal(uuid, goal); },[m[K
      |         [01;36m[K~~~~~~~~~~~~~~~~~~~~~~~~~~~~~~~~~~~~~~~~~~~~~~~~~~~~~~~~~~~~~~~~~~~~~~~~~~~~~[m[K
   20 | [01;36m[K        [this](const auto goal_handle) { return handle_cancel(goal_handle); })[m[K;
      |         [01;36m[K~~~~~~~~~~~~~~~~~~~~~~~~~~~~~~~~~~~~~~~~~~~~~~~~~~~~~~~~~~~~~~~~~~~~~~[m[K
gmake[2]: *** [CMakeFiles/fibonacci_server.dir/build.make:76: CMakeFiles/fibonacci_server.dir/src/fibonacci_server.cpp.o] Error 1
gmake[1]: *** [CMakeFiles/Makefile2:165: CMakeFiles/fibonacci_server.dir/all] Error 2
gmake: *** [Makefile:146: all] Error 2
