[0.030s] Invoking command in '/home/thien/Documents/IE_ROS/Project_6/build/number_actions': CMAKE_PREFIX_PATH=/opt/ros/humble /usr/bin/cmake --build /home/thien/Documents/IE_ROS/Project_6/build/number_actions -- -j8 -l8
[0.164s] [ 13%] Built target number_actions__cpp
[0.165s] [ 18%] Built target number_actions__rosidl_generator_c
[0.248s] [ 31%] Built target number_actions__rosidl_typesupport_c
[0.256s] [ 45%] Built target number_actions__rosidl_typesupport_fastrtps_cpp
[0.262s] [ 72%] Built target number_actions__rosidl_typesupport_fastrtps_c
[0.262s] [ 72%] Built target number_actions__rosidl_typesupport_introspection_cpp
[0.269s] [ 86%] Built target number_actions__rosidl_typesupport_introspection_c
[0.269s] [100%] Built target number_actions__rosidl_typesupport_cpp
[0.351s] [100%] Built target number_actions
[0.417s] Invoked command in '/home/thien/Documents/IE_ROS/Project_6/build/number_actions' returned '0': CMAKE_PREFIX_PATH=/opt/ros/humble /usr/bin/cmake --build /home/thien/Documents/IE_ROS/Project_6/build/number_actions -- -j8 -l8
[0.618s] Invoking command in '/home/thien/Documents/IE_ROS/Project_6/build/number_actions': CMAKE_PREFIX_PATH=/opt/ros/humble /usr/bin/cmake --install /home/thien/Documents/IE_ROS/Project_6/build/number_actions
[0.641s] -- Install configuration: ""
[0.641s] -- Up-to-date: /home/thien/Documents/IE_ROS/Project_6/install/number_actions/share/ament_index/resource_index/rosidl_interfaces/number_actions
[0.641s] -- Up-to-date: /home/thien/Documents/IE_ROS/Project_6/install/number_actions/include/number_actions/number_actions
[0.642s] -- Up-to-date: /home/thien/Documents/IE_ROS/Project_6/install/number_actions/include/number_actions/number_actions/msg
[0.642s] -- Up-to-date: /home/thien/Documents/IE_ROS/Project_6/install/number_actions/include/number_actions/number_actions/msg/rosidl_generator_c__visibility_control.h
[0.642s] -- Up-to-date: /home/thien/Documents/IE_ROS/Project_6/install/number_actions/include/number_actions/number_actions/action
[0.642s] -- Up-to-date: /home/thien/Documents/IE_ROS/Project_6/install/number_actions/include/number_actions/number_actions/action/fibonacci.h
[0.642s] -- Up-to-date: /home/thien/Documents/IE_ROS/Project_6/install/number_actions/include/number_actions/number_actions/action/detail
[0.643s] -- Up-to-date: /home/thien/Documents/IE_ROS/Project_6/install/number_actions/include/number_actions/number_actions/action/detail/fibonacci__type_support.h
[0.643s] -- Up-to-date: /home/thien/Documents/IE_ROS/Project_6/install/number_actions/include/number_actions/number_actions/action/detail/fibonacci__functions.c
[0.643s] -- Up-to-date: /home/thien/Documents/IE_ROS/Project_6/install/number_actions/include/number_actions/number_actions/action/detail/fibonacci__struct.h
[0.643s] -- Up-to-date: /home/thien/Documents/IE_ROS/Project_6/install/number_actions/include/number_actions/number_actions/action/detail/fibonacci__functions.h
[0.643s] -- Up-to-date: /home/thien/Documents/IE_ROS/Project_6/install/number_actions/share/number_actions/environment/library_path.sh
[0.644s] -- Up-to-date: /home/thien/Documents/IE_ROS/Project_6/install/number_actions/share/number_actions/environment/library_path.dsv
[0.644s] -- Up-to-date: /home/thien/Documents/IE_ROS/Project_6/install/number_actions/lib/libnumber_actions__rosidl_generator_c.so
[0.644s] -- Up-to-date: /home/thien/Documents/IE_ROS/Project_6/install/number_actions/include/number_actions/number_actions
[0.644s] -- Up-to-date: /home/thien/Documents/IE_ROS/Project_6/install/number_actions/include/number_actions/number_actions/msg
[0.644s] -- Up-to-date: /home/thien/Documents/IE_ROS/Project_6/install/number_actions/include/number_actions/number_actions/msg/rosidl_typesupport_fastrtps_c__visibility_control.h
[0.645s] -- Up-to-date: /home/thien/Documents/IE_ROS/Project_6/install/number_actions/include/number_actions/number_actions/action
[0.645s] -- Up-to-date: /home/thien/Documents/IE_ROS/Project_6/install/number_actions/include/number_actions/number_actions/action/detail
[0.645s] -- Up-to-date: /home/thien/Documents/IE_ROS/Project_6/install/number_actions/include/number_actions/number_actions/action/detail/fibonacci__rosidl_typesupport_fastrtps_c.h
[0.645s] -- Up-to-date: /home/thien/Documents/IE_ROS/Project_6/install/number_actions/lib/libnumber_actions__rosidl_typesupport_fastrtps_c.so
[0.645s] -- Up-to-date: /home/thien/Documents/IE_ROS/Project_6/install/number_actions/include/number_actions/number_actions
[0.646s] -- Up-to-date: /home/thien/Documents/IE_ROS/Project_6/install/number_actions/include/number_actions/number_actions/action
[0.646s] -- Up-to-date: /home/thien/Documents/IE_ROS/Project_6/install/number_actions/include/number_actions/number_actions/action/fibonacci.hpp
[0.646s] -- Up-to-date: /home/thien/Documents/IE_ROS/Project_6/install/number_actions/include/number_actions/number_actions/action/detail
[0.646s] -- Up-to-date: /home/thien/Documents/IE_ROS/Project_6/install/number_actions/include/number_actions/number_actions/action/detail/fibonacci__traits.hpp
[0.646s] -- Up-to-date: /home/thien/Documents/IE_ROS/Project_6/install/number_actions/include/number_actions/number_actions/action/detail/fibonacci__struct.hpp
[0.647s] -- Up-to-date: /home/thien/Documents/IE_ROS/Project_6/install/number_actions/include/number_actions/number_actions/action/detail/fibonacci__builder.hpp
[0.647s] -- Up-to-date: /home/thien/Documents/IE_ROS/Project_6/install/number_actions/include/number_actions/number_actions
[0.647s] -- Up-to-date: /home/thien/Documents/IE_ROS/Project_6/install/number_actions/include/number_actions/number_actions/msg
[0.647s] -- Up-to-date: /home/thien/Documents/IE_ROS/Project_6/install/number_actions/include/number_actions/number_actions/msg/rosidl_typesupport_fastrtps_cpp__visibility_control.h
[0.647s] -- Up-to-date: /home/thien/Documents/IE_ROS/Project_6/install/number_actions/include/number_actions/number_actions/action
[0.648s] -- Up-to-date: /home/thien/Documents/IE_ROS/Project_6/install/number_actions/include/number_actions/number_actions/action/detail
[0.648s] -- Up-to-date: /home/thien/Documents/IE_ROS/Project_6/install/number_actions/include/number_actions/number_actions/action/detail/dds_fastrtps
[0.648s] -- Up-to-date: /home/thien/Documents/IE_ROS/Project_6/install/number_actions/include/number_actions/number_actions/action/detail/fibonacci__rosidl_typesupport_fastrtps_cpp.hpp
[0.648s] -- Up-to-date: /home/thien/Documents/IE_ROS/Project_6/install/number_actions/lib/libnumber_actions__rosidl_typesupport_fastrtps_cpp.so
[0.648s] -- Up-to-date: /home/thien/Documents/IE_ROS/Project_6/install/number_actions/include/number_actions/number_actions
[0.649s] -- Up-to-date: /home/thien/Documents/IE_ROS/Project_6/install/number_actions/include/number_actions/number_actions/msg
[0.649s] -- Up-to-date: /home/thien/Documents/IE_ROS/Project_6/install/number_actions/include/number_actions/number_actions/msg/rosidl_typesupport_introspection_c__visibility_control.h
[0.649s] -- Up-to-date: /home/thien/Documents/IE_ROS/Project_6/install/number_actions/include/number_actions/number_actions/action
[0.650s] -- Up-to-date: /home/thien/Documents/IE_ROS/Project_6/install/number_actions/include/number_actions/number_actions/action/detail
[0.650s] -- Up-to-date: /home/thien/Documents/IE_ROS/Project_6/install/number_actions/include/number_actions/number_actions/action/detail/fibonacci__type_support.c
[0.651s] -- Up-to-date: /home/thien/Documents/IE_ROS/Project_6/install/number_actions/include/number_actions/number_actions/action/detail/fibonacci__rosidl_typesupport_introspection_c.h
[0.651s] -- Up-to-date: /home/thien/Documents/IE_ROS/Project_6/install/number_actions/lib/libnumber_actions__rosidl_typesupport_introspection_c.so
[0.651s] -- Up-to-date: /home/thien/Documents/IE_ROS/Project_6/install/number_actions/lib/libnumber_actions__rosidl_typesupport_c.so
[0.652s] -- Up-to-date: /home/thien/Documents/IE_ROS/Project_6/install/number_actions/include/number_actions/number_actions
[0.652s] -- Up-to-date: /home/thien/Documents/IE_ROS/Project_6/install/number_actions/include/number_actions/number_actions/action
[0.652s] -- Up-to-date: /home/thien/Documents/IE_ROS/Project_6/install/number_actions/include/number_actions/number_actions/action/detail
[0.652s] -- Up-to-date: /home/thien/Documents/IE_ROS/Project_6/install/number_actions/include/number_actions/number_actions/action/detail/fibonacci__rosidl_typesupport_introspection_cpp.hpp
[0.653s] -- Up-to-date: /home/thien/Documents/IE_ROS/Project_6/install/number_actions/include/number_actions/number_actions/action/detail/fibonacci__type_support.cpp
[0.653s] -- Up-to-date: /home/thien/Documents/IE_ROS/Project_6/install/number_actions/lib/libnumber_actions__rosidl_typesupport_introspection_cpp.so
[0.654s] -- Up-to-date: /home/thien/Documents/IE_ROS/Project_6/install/number_actions/lib/libnumber_actions__rosidl_typesupport_cpp.so
[0.654s] -- Up-to-date: /home/thien/Documents/IE_ROS/Project_6/install/number_actions/share/number_actions/action/Fibonacci.idl
[0.654s] -- Up-to-date: /home/thien/Documents/IE_ROS/Project_6/install/number_actions/share/number_actions/action/Fibonacci.action
[0.654s] -- Up-to-date: /home/thien/Documents/IE_ROS/Project_6/install/number_actions/share/ament_index/resource_index/package_run_dependencies/number_actions
[0.655s] -- Up-to-date: /home/thien/Documents/IE_ROS/Project_6/install/number_actions/share/ament_index/resource_index/parent_prefix_path/number_actions
[0.655s] -- Up-to-date: /home/thien/Documents/IE_ROS/Project_6/install/number_actions/share/number_actions/environment/ament_prefix_path.sh
[0.655s] -- Up-to-date: /home/thien/Documents/IE_ROS/Project_6/install/number_actions/share/number_actions/environment/ament_prefix_path.dsv
[0.655s] -- Up-to-date: /home/thien/Documents/IE_ROS/Project_6/install/number_actions/share/number_actions/environment/path.sh
[0.656s] -- Up-to-date: /home/thien/Documents/IE_ROS/Project_6/install/number_actions/share/number_actions/environment/path.dsv
[0.656s] -- Up-to-date: /home/thien/Documents/IE_ROS/Project_6/install/number_actions/share/number_actions/local_setup.bash
[0.656s] -- Up-to-date: /home/thien/Documents/IE_ROS/Project_6/install/number_actions/share/number_actions/local_setup.sh
[0.656s] -- Up-to-date: /home/thien/Documents/IE_ROS/Project_6/install/number_actions/share/number_actions/local_setup.zsh
[0.656s] -- Up-to-date: /home/thien/Documents/IE_ROS/Project_6/install/number_actions/share/number_actions/local_setup.dsv
[0.657s] -- Installing: /home/thien/Documents/IE_ROS/Project_6/install/number_actions/share/number_actions/package.dsv
[0.657s] -- Up-to-date: /home/thien/Documents/IE_ROS/Project_6/install/number_actions/share/ament_index/resource_index/packages/number_actions
[0.657s] -- Up-to-date: /home/thien/Documents/IE_ROS/Project_6/install/number_actions/share/number_actions/cmake/export_number_actions__rosidl_generator_cExport.cmake
[0.657s] -- Up-to-date: /home/thien/Documents/IE_ROS/Project_6/install/number_actions/share/number_actions/cmake/export_number_actions__rosidl_generator_cExport-noconfig.cmake
[0.657s] -- Up-to-date: /home/thien/Documents/IE_ROS/Project_6/install/number_actions/share/number_actions/cmake/export_number_actions__rosidl_typesupport_fastrtps_cExport.cmake
[0.658s] -- Up-to-date: /home/thien/Documents/IE_ROS/Project_6/install/number_actions/share/number_actions/cmake/export_number_actions__rosidl_typesupport_fastrtps_cExport-noconfig.cmake
[0.658s] -- Up-to-date: /home/thien/Documents/IE_ROS/Project_6/install/number_actions/share/number_actions/cmake/export_number_actions__rosidl_generator_cppExport.cmake
[0.658s] -- Up-to-date: /home/thien/Documents/IE_ROS/Project_6/install/number_actions/share/number_actions/cmake/export_number_actions__rosidl_typesupport_fastrtps_cppExport.cmake
[0.658s] -- Up-to-date: /home/thien/Documents/IE_ROS/Project_6/install/number_actions/share/number_actions/cmake/export_number_actions__rosidl_typesupport_fastrtps_cppExport-noconfig.cmake
[0.658s] -- Up-to-date: /home/thien/Documents/IE_ROS/Project_6/install/number_actions/share/number_actions/cmake/number_actions__rosidl_typesupport_introspection_cExport.cmake
[0.658s] -- Up-to-date: /home/thien/Documents/IE_ROS/Project_6/install/number_actions/share/number_actions/cmake/number_actions__rosidl_typesupport_introspection_cExport-noconfig.cmake
[0.659s] -- Up-to-date: /home/thien/Documents/IE_ROS/Project_6/install/number_actions/share/number_actions/cmake/number_actions__rosidl_typesupport_cExport.cmake
[0.659s] -- Up-to-date: /home/thien/Documents/IE_ROS/Project_6/install/number_actions/share/number_actions/cmake/number_actions__rosidl_typesupport_cExport-noconfig.cmake
[0.659s] -- Up-to-date: /home/thien/Documents/IE_ROS/Project_6/install/number_actions/share/number_actions/cmake/number_actions__rosidl_typesupport_introspection_cppExport.cmake
[0.659s] -- Up-to-date: /home/thien/Documents/IE_ROS/Project_6/install/number_actions/share/number_actions/cmake/number_actions__rosidl_typesupport_introspection_cppExport-noconfig.cmake
[0.659s] -- Up-to-date: /home/thien/Documents/IE_ROS/Project_6/install/number_actions/share/number_actions/cmake/number_actions__rosidl_typesupport_cppExport.cmake
[0.660s] -- Up-to-date: /home/thien/Documents/IE_ROS/Project_6/install/number_actions/share/number_actions/cmake/number_actions__rosidl_typesupport_cppExport-noconfig.cmake
[0.660s] -- Up-to-date: /home/thien/Documents/IE_ROS/Project_6/install/number_actions/share/number_actions/cmake/rosidl_cmake-extras.cmake
[0.661s] -- Up-to-date: /home/thien/Documents/IE_ROS/Project_6/install/number_actions/share/number_actions/cmake/ament_cmake_export_dependencies-extras.cmake
[0.662s] -- Up-to-date: /home/thien/Documents/IE_ROS/Project_6/install/number_actions/share/number_actions/cmake/ament_cmake_export_include_directories-extras.cmake
[0.663s] -- Up-to-date: /home/thien/Documents/IE_ROS/Project_6/install/number_actions/share/number_actions/cmake/ament_cmake_export_libraries-extras.cmake
[0.663s] -- Up-to-date: /home/thien/Documents/IE_ROS/Project_6/install/number_actions/share/number_actions/cmake/ament_cmake_export_targets-extras.cmake
[0.664s] -- Up-to-date: /home/thien/Documents/IE_ROS/Project_6/install/number_actions/share/number_actions/cmake/rosidl_cmake_export_typesupport_targets-extras.cmake
[0.664s] -- Up-to-date: /home/thien/Documents/IE_ROS/Project_6/install/number_actions/share/number_actions/cmake/rosidl_cmake_export_typesupport_libraries-extras.cmake
[0.665s] -- Up-to-date: /home/thien/Documents/IE_ROS/Project_6/install/number_actions/share/number_actions/cmake/number_actionsConfig.cmake
[0.665s] -- Up-to-date: /home/thien/Documents/IE_ROS/Project_6/install/number_actions/share/number_actions/cmake/number_actionsConfig-version.cmake
[0.666s] -- Up-to-date: /home/thien/Documents/IE_ROS/Project_6/install/number_actions/share/number_actions/package.xml
[0.666s] Invoked command in '/home/thien/Documents/IE_ROS/Project_6/build/number_actions' returned '0': CMAKE_PREFIX_PATH=/opt/ros/humble /usr/bin/cmake --install /home/thien/Documents/IE_ROS/Project_6/build/number_actions
