[0.326s] DEBUG:colcon:Command line arguments: ['/usr/bin/colcon', 'list', '-p', '--base-paths', '/home/thien/Documents/IE_ROS/Project_6']
[0.326s] DEBUG:colcon:Parsed command line arguments: Namespace(log_base=None, log_level=None, verb_name='list', build_base='build', ignore_user_meta=False, metas=['./colcon.meta'], base_paths=['/home/thien/Documents/IE_ROS/Project_6'], packages_ignore=None, packages_ignore_regex=None, paths=None, packages_up_to=None, packages_up_to_regex=None, packages_above=None, packages_above_and_dependencies=None, packages_above_depth=None, packages_select_by_dep=None, packages_skip_by_dep=None, packages_skip_up_to=None, packages_select_build_failed=False, packages_skip_build_finished=False, packages_select_test_failures=False, packages_skip_test_passed=False, packages_select=None, packages_skip=None, packages_select_regex=None, packages_skip_regex=None, packages_start=None, packages_end=None, allow_overriding=[], topological_order=False, names_only=False, paths_only=True, topological_graph=False, topological_graph_dot=False, topological_graph_density=False, topological_graph_legend=False, topological_graph_dot_cluster=False, topological_graph_dot_include_skipped=False, mixin_files=None, mixin=None, verb_parser=<colcon_mixin.mixin.mixin_argument.MixinArgumentDecorator object at 0x722d27784e20>, verb_extension=<colcon_package_information.verb.list.ListVerb object at 0x722d2775b880>, main=<bound method ListVerb.main of <colcon_package_information.verb.list.ListVerb object at 0x722d2775b880>>, mixin_verb=('list',))
[1.005s] Level 1:colcon.colcon_core.package_discovery:discover_packages(colcon_meta) check parameters
[1.005s] Level 1:colcon.colcon_core.package_discovery:discover_packages(recursive) check parameters
[1.005s] Level 1:colcon.colcon_core.package_discovery:discover_packages(ignore) check parameters
[1.005s] Level 1:colcon.colcon_core.package_discovery:discover_packages(path) check parameters
[1.005s] Level 1:colcon.colcon_core.package_discovery:discover_packages(recursive) discover
[1.005s] INFO:colcon.colcon_core.package_discovery:Crawling recursively for packages in '/home/thien/Documents/IE_ROS/Project_6'
[1.006s] Level 1:colcon.colcon_core.package_identification:_identify(/home/thien/Documents/IE_ROS/Project_6) by extensions ['ignore', 'ignore_ament_install']
[1.006s] Level 1:colcon.colcon_core.package_identification:_identify(/home/thien/Documents/IE_ROS/Project_6) by extension 'ignore'
[1.006s] Level 1:colcon.colcon_core.package_identification:_identify(/home/thien/Documents/IE_ROS/Project_6) by extension 'ignore_ament_install'
[1.006s] Level 1:colcon.colcon_core.package_identification:_identify(/home/thien/Documents/IE_ROS/Project_6) by extensions ['colcon_pkg']
[1.006s] Level 1:colcon.colcon_core.package_identification:_identify(/home/thien/Documents/IE_ROS/Project_6) by extension 'colcon_pkg'
[1.007s] Level 1:colcon.colcon_core.package_identification:_identify(/home/thien/Documents/IE_ROS/Project_6) by extensions ['colcon_meta']
[1.007s] Level 1:colcon.colcon_core.package_identification:_identify(/home/thien/Documents/IE_ROS/Project_6) by extension 'colcon_meta'
[1.007s] Level 1:colcon.colcon_core.package_identification:_identify(/home/thien/Documents/IE_ROS/Project_6) by extensions ['ros']
[1.007s] Level 1:colcon.colcon_core.package_identification:_identify(/home/thien/Documents/IE_ROS/Project_6) by extension 'ros'
[1.035s] Level 1:colcon.colcon_core.package_identification:_identify(/home/thien/Documents/IE_ROS/Project_6) by extensions ['cmake', 'python']
[1.035s] Level 1:colcon.colcon_core.package_identification:_identify(/home/thien/Documents/IE_ROS/Project_6) by extension 'cmake'
[1.035s] Level 1:colcon.colcon_core.package_identification:_identify(/home/thien/Documents/IE_ROS/Project_6) by extension 'python'
[1.035s] Level 1:colcon.colcon_core.package_identification:_identify(/home/thien/Documents/IE_ROS/Project_6) by extensions ['python_setup_py']
[1.035s] Level 1:colcon.colcon_core.package_identification:_identify(/home/thien/Documents/IE_ROS/Project_6) by extension 'python_setup_py'
[1.036s] Level 1:colcon.colcon_core.package_identification:_identify(/home/thien/Documents/IE_ROS/Project_6/build) by extensions ['ignore', 'ignore_ament_install']
[1.036s] Level 1:colcon.colcon_core.package_identification:_identify(/home/thien/Documents/IE_ROS/Project_6/build) by extension 'ignore'
[1.036s] Level 1:colcon.colcon_core.package_identification:_identify(/home/thien/Documents/IE_ROS/Project_6/build) ignored
[1.036s] Level 1:colcon.colcon_core.package_identification:_identify(/home/thien/Documents/IE_ROS/Project_6/install) by extensions ['ignore', 'ignore_ament_install']
[1.037s] Level 1:colcon.colcon_core.package_identification:_identify(/home/thien/Documents/IE_ROS/Project_6/install) by extension 'ignore'
[1.037s] Level 1:colcon.colcon_core.package_identification:_identify(/home/thien/Documents/IE_ROS/Project_6/install) ignored
[1.037s] Level 1:colcon.colcon_core.package_identification:_identify(/home/thien/Documents/IE_ROS/Project_6/log) by extensions ['ignore', 'ignore_ament_install']
[1.037s] Level 1:colcon.colcon_core.package_identification:_identify(/home/thien/Documents/IE_ROS/Project_6/log) by extension 'ignore'
[1.037s] Level 1:colcon.colcon_core.package_identification:_identify(/home/thien/Documents/IE_ROS/Project_6/log) ignored
[1.038s] Level 1:colcon.colcon_core.package_identification:_identify(/home/thien/Documents/IE_ROS/Project_6/src) by extensions ['ignore', 'ignore_ament_install']
[1.038s] Level 1:colcon.colcon_core.package_identification:_identify(/home/thien/Documents/IE_ROS/Project_6/src) by extension 'ignore'
[1.038s] Level 1:colcon.colcon_core.package_identification:_identify(/home/thien/Documents/IE_ROS/Project_6/src) by extension 'ignore_ament_install'
[1.038s] Level 1:colcon.colcon_core.package_identification:_identify(/home/thien/Documents/IE_ROS/Project_6/src) by extensions ['colcon_pkg']
[1.038s] Level 1:colcon.colcon_core.package_identification:_identify(/home/thien/Documents/IE_ROS/Project_6/src) by extension 'colcon_pkg'
[1.038s] Level 1:colcon.colcon_core.package_identification:_identify(/home/thien/Documents/IE_ROS/Project_6/src) by extensions ['colcon_meta']
[1.038s] Level 1:colcon.colcon_core.package_identification:_identify(/home/thien/Documents/IE_ROS/Project_6/src) by extension 'colcon_meta'
[1.039s] Level 1:colcon.colcon_core.package_identification:_identify(/home/thien/Documents/IE_ROS/Project_6/src) by extensions ['ros']
[1.039s] Level 1:colcon.colcon_core.package_identification:_identify(/home/thien/Documents/IE_ROS/Project_6/src) by extension 'ros'
[1.039s] Level 1:colcon.colcon_core.package_identification:_identify(/home/thien/Documents/IE_ROS/Project_6/src) by extensions ['cmake', 'python']
[1.039s] Level 1:colcon.colcon_core.package_identification:_identify(/home/thien/Documents/IE_ROS/Project_6/src) by extension 'cmake'
[1.039s] Level 1:colcon.colcon_core.package_identification:_identify(/home/thien/Documents/IE_ROS/Project_6/src) by extension 'python'
[1.039s] Level 1:colcon.colcon_core.package_identification:_identify(/home/thien/Documents/IE_ROS/Project_6/src) by extensions ['python_setup_py']
[1.039s] Level 1:colcon.colcon_core.package_identification:_identify(/home/thien/Documents/IE_ROS/Project_6/src) by extension 'python_setup_py'
[1.040s] Level 1:colcon.colcon_core.package_identification:_identify(/home/thien/Documents/IE_ROS/Project_6/src/fun_numbers) by extensions ['ignore', 'ignore_ament_install']
[1.040s] Level 1:colcon.colcon_core.package_identification:_identify(/home/thien/Documents/IE_ROS/Project_6/src/fun_numbers) by extension 'ignore'
[1.040s] Level 1:colcon.colcon_core.package_identification:_identify(/home/thien/Documents/IE_ROS/Project_6/src/fun_numbers) by extension 'ignore_ament_install'
[1.040s] Level 1:colcon.colcon_core.package_identification:_identify(/home/thien/Documents/IE_ROS/Project_6/src/fun_numbers) by extensions ['colcon_pkg']
[1.040s] Level 1:colcon.colcon_core.package_identification:_identify(/home/thien/Documents/IE_ROS/Project_6/src/fun_numbers) by extension 'colcon_pkg'
[1.040s] Level 1:colcon.colcon_core.package_identification:_identify(/home/thien/Documents/IE_ROS/Project_6/src/fun_numbers) by extensions ['colcon_meta']
[1.040s] Level 1:colcon.colcon_core.package_identification:_identify(/home/thien/Documents/IE_ROS/Project_6/src/fun_numbers) by extension 'colcon_meta'
[1.041s] Level 1:colcon.colcon_core.package_identification:_identify(/home/thien/Documents/IE_ROS/Project_6/src/fun_numbers) by extensions ['ros']
[1.041s] Level 1:colcon.colcon_core.package_identification:_identify(/home/thien/Documents/IE_ROS/Project_6/src/fun_numbers) by extension 'ros'
[1.052s] DEBUG:colcon.colcon_core.package_identification:Package '/home/thien/Documents/IE_ROS/Project_6/src/fun_numbers' with type 'ros.ament_cmake' and name 'fun_numbers'
[1.052s] Level 1:colcon.colcon_core.package_identification:_identify(/home/thien/Documents/IE_ROS/Project_6/src/number_actions) by extensions ['ignore', 'ignore_ament_install']
[1.053s] Level 1:colcon.colcon_core.package_identification:_identify(/home/thien/Documents/IE_ROS/Project_6/src/number_actions) by extension 'ignore'
[1.053s] Level 1:colcon.colcon_core.package_identification:_identify(/home/thien/Documents/IE_ROS/Project_6/src/number_actions) by extension 'ignore_ament_install'
[1.053s] Level 1:colcon.colcon_core.package_identification:_identify(/home/thien/Documents/IE_ROS/Project_6/src/number_actions) by extensions ['colcon_pkg']
[1.053s] Level 1:colcon.colcon_core.package_identification:_identify(/home/thien/Documents/IE_ROS/Project_6/src/number_actions) by extension 'colcon_pkg'
[1.053s] Level 1:colcon.colcon_core.package_identification:_identify(/home/thien/Documents/IE_ROS/Project_6/src/number_actions) by extensions ['colcon_meta']
[1.053s] Level 1:colcon.colcon_core.package_identification:_identify(/home/thien/Documents/IE_ROS/Project_6/src/number_actions) by extension 'colcon_meta'
[1.054s] Level 1:colcon.colcon_core.package_identification:_identify(/home/thien/Documents/IE_ROS/Project_6/src/number_actions) by extensions ['ros']
[1.054s] Level 1:colcon.colcon_core.package_identification:_identify(/home/thien/Documents/IE_ROS/Project_6/src/number_actions) by extension 'ros'
[1.056s] DEBUG:colcon.colcon_core.package_identification:Package '/home/thien/Documents/IE_ROS/Project_6/src/number_actions' with type 'ros.ament_cmake' and name 'number_actions'
[1.056s] Level 1:colcon.colcon_core.package_discovery:discover_packages(recursive) using defaults
