[0.026s] Invoking command in '/home/thien/Documents/IE_ROS/Project_6/build/fun_numbers': AMENT_PREFIX_PATH=/home/thien/Documents/IE_ROS/Project_6/install/number_actions:${AMENT_PREFIX_PATH} CMAKE_PREFIX_PATH=/home/thien/Documents/IE_ROS/Project_6/install/number_actions:/opt/ros/humble LD_LIBRARY_PATH=/home/thien/Documents/IE_ROS/Project_6/install/number_actions/lib:${LD_LIBRARY_PATH} /usr/bin/cmake --build /home/thien/Documents/IE_ROS/Project_6/build/fun_numbers -- -j8 -l8
[0.133s] [35m[1mConsolidate compiler generated dependencies of target fibonacci_server[0m
[0.169s] [ 50%] Built target fibonacci_client
[0.191s] [ 75%] [32mBuilding CXX object CMakeFiles/fibonacci_server.dir/src/fibonacci_server.cpp.o[0m
[8.296s] [100%] [32m[1mLinking CXX executable fibonacci_server[0m
[8.736s] [100%] Built target fibonacci_server
[8.786s] Invoked command in '/home/thien/Documents/IE_ROS/Project_6/build/fun_numbers' returned '0': AMENT_PREFIX_PATH=/home/thien/Documents/IE_ROS/Project_6/install/number_actions:${AMENT_PREFIX_PATH} CMAKE_PREFIX_PATH=/home/thien/Documents/IE_ROS/Project_6/install/number_actions:/opt/ros/humble LD_LIBRARY_PATH=/home/thien/Documents/IE_ROS/Project_6/install/number_actions/lib:${LD_LIBRARY_PATH} /usr/bin/cmake --build /home/thien/Documents/IE_ROS/Project_6/build/fun_numbers -- -j8 -l8
[8.877s] Invoking command in '/home/thien/Documents/IE_ROS/Project_6/build/fun_numbers': AMENT_PREFIX_PATH=/home/thien/Documents/IE_ROS/Project_6/install/number_actions:${AMENT_PREFIX_PATH} CMAKE_PREFIX_PATH=/home/thien/Documents/IE_ROS/Project_6/install/number_actions:/opt/ros/humble LD_LIBRARY_PATH=/home/thien/Documents/IE_ROS/Project_6/install/number_actions/lib:${LD_LIBRARY_PATH} /usr/bin/cmake --install /home/thien/Documents/IE_ROS/Project_6/build/fun_numbers
[8.895s] -- Install configuration: ""
[8.895s] -- Installing: /home/thien/Documents/IE_ROS/Project_6/install/fun_numbers/lib/fun_numbers/fibonacci_server
[8.900s] -- Set runtime path of "/home/thien/Documents/IE_ROS/Project_6/install/fun_numbers/lib/fun_numbers/fibonacci_server" to ""
[8.900s] -- Up-to-date: /home/thien/Documents/IE_ROS/Project_6/install/fun_numbers/lib/fun_numbers/fibonacci_client
[8.901s] -- Up-to-date: /home/thien/Documents/IE_ROS/Project_6/install/fun_numbers/share/fun_numbers//launch
[8.901s] -- Up-to-date: /home/thien/Documents/IE_ROS/Project_6/install/fun_numbers/share/fun_numbers//launch/action_test.py
[8.901s] -- Up-to-date: /home/thien/Documents/IE_ROS/Project_6/install/fun_numbers/share/ament_index/resource_index/package_run_dependencies/fun_numbers
[8.901s] -- Up-to-date: /home/thien/Documents/IE_ROS/Project_6/install/fun_numbers/share/ament_index/resource_index/parent_prefix_path/fun_numbers
[8.901s] -- Up-to-date: /home/thien/Documents/IE_ROS/Project_6/install/fun_numbers/share/fun_numbers/environment/ament_prefix_path.sh
[8.902s] -- Up-to-date: /home/thien/Documents/IE_ROS/Project_6/install/fun_numbers/share/fun_numbers/environment/ament_prefix_path.dsv
[8.902s] -- Up-to-date: /home/thien/Documents/IE_ROS/Project_6/install/fun_numbers/share/fun_numbers/environment/path.sh
[8.902s] -- Up-to-date: /home/thien/Documents/IE_ROS/Project_6/install/fun_numbers/share/fun_numbers/environment/path.dsv
[8.902s] -- Up-to-date: /home/thien/Documents/IE_ROS/Project_6/install/fun_numbers/share/fun_numbers/local_setup.bash
[8.902s] -- Up-to-date: /home/thien/Documents/IE_ROS/Project_6/install/fun_numbers/share/fun_numbers/local_setup.sh
[8.903s] -- Up-to-date: /home/thien/Documents/IE_ROS/Project_6/install/fun_numbers/share/fun_numbers/local_setup.zsh
[8.903s] -- Up-to-date: /home/thien/Documents/IE_ROS/Project_6/install/fun_numbers/share/fun_numbers/local_setup.dsv
[8.903s] -- Installing: /home/thien/Documents/IE_ROS/Project_6/install/fun_numbers/share/fun_numbers/package.dsv
[8.903s] -- Up-to-date: /home/thien/Documents/IE_ROS/Project_6/install/fun_numbers/share/ament_index/resource_index/packages/fun_numbers
[8.903s] -- Up-to-date: /home/thien/Documents/IE_ROS/Project_6/install/fun_numbers/share/fun_numbers/cmake/fun_numbersConfig.cmake
[8.904s] -- Up-to-date: /home/thien/Documents/IE_ROS/Project_6/install/fun_numbers/share/fun_numbers/cmake/fun_numbersConfig-version.cmake
[8.904s] -- Up-to-date: /home/thien/Documents/IE_ROS/Project_6/install/fun_numbers/share/fun_numbers/package.xml
[8.910s] Invoked command in '/home/thien/Documents/IE_ROS/Project_6/build/fun_numbers' returned '0': AMENT_PREFIX_PATH=/home/thien/Documents/IE_ROS/Project_6/install/number_actions:${AMENT_PREFIX_PATH} CMAKE_PREFIX_PATH=/home/thien/Documents/IE_ROS/Project_6/install/number_actions:/opt/ros/humble LD_LIBRARY_PATH=/home/thien/Documents/IE_ROS/Project_6/install/number_actions/lib:${LD_LIBRARY_PATH} /usr/bin/cmake --install /home/thien/Documents/IE_ROS/Project_6/build/fun_numbers
