[0.255s] DEBUG:colcon:Command line arguments: ['/usr/bin/colcon', 'build', '--packages-select', 'fun_numbers', 'number_actions']
[0.255s] DEBUG:colcon:Parsed command line arguments: Namespace(log_base=None, log_level=None, verb_name='build', build_base='build', install_base='install', merge_install=False, symlink_install=False, test_result_base=None, continue_on_error=False, executor='parallel', parallel_workers=8, event_handlers=None, ignore_user_meta=False, metas=['./colcon.meta'], base_paths=['.'], packages_ignore=None, packages_ignore_regex=None, paths=None, packages_up_to=None, packages_up_to_regex=None, packages_above=None, packages_above_and_dependencies=None, packages_above_depth=None, packages_select_by_dep=None, packages_skip_by_dep=None, packages_skip_up_to=None, packages_select_build_failed=False, packages_skip_build_finished=False, packages_select_test_failures=False, packages_skip_test_passed=False, packages_select=['fun_numbers', 'number_actions'], packages_skip=None, packages_select_regex=None, packages_skip_regex=None, packages_start=None, packages_end=None, allow_overriding=[], cmake_args=None, cmake_target=None, cmake_target_skip_unavailable=False, cmake_clean_cache=False, cmake_clean_first=False, cmake_force_configure=False, ament_cmake_args=None, catkin_cmake_args=None, catkin_skip_building_tests=False, mixin_files=None, mixin=None, verb_parser=<colcon_mixin.mixin.mixin_argument.MixinArgumentDecorator object at 0x714d31988490>, verb_extension=<colcon_core.verb.build.BuildVerb object at 0x714d3195ba30>, main=<bound method BuildVerb.main of <colcon_core.verb.build.BuildVerb object at 0x714d3195ba30>>, mixin_verb=('build',))
[0.714s] Level 1:colcon.colcon_core.package_discovery:discover_packages(colcon_meta) check parameters
[0.715s] Level 1:colcon.colcon_core.package_discovery:discover_packages(recursive) check parameters
[0.715s] Level 1:colcon.colcon_core.package_discovery:discover_packages(ignore) check parameters
[0.715s] Level 1:colcon.colcon_core.package_discovery:discover_packages(path) check parameters
[0.715s] Level 1:colcon.colcon_core.package_discovery:discover_packages(colcon_meta) discover
[0.715s] Level 1:colcon.colcon_core.package_discovery:discover_packages(recursive) discover
[0.715s] INFO:colcon.colcon_core.package_discovery:Crawling recursively for packages in '/home/thien/Documents/IE_ROS/Project_6'
[0.715s] Level 1:colcon.colcon_core.package_identification:_identify(.) by extensions ['ignore', 'ignore_ament_install']
[0.715s] Level 1:colcon.colcon_core.package_identification:_identify(.) by extension 'ignore'
[0.716s] Level 1:colcon.colcon_core.package_identification:_identify(.) by extension 'ignore_ament_install'
[0.716s] Level 1:colcon.colcon_core.package_identification:_identify(.) by extensions ['colcon_pkg']
[0.716s] Level 1:colcon.colcon_core.package_identification:_identify(.) by extension 'colcon_pkg'
[0.716s] Level 1:colcon.colcon_core.package_identification:_identify(.) by extensions ['colcon_meta']
[0.716s] Level 1:colcon.colcon_core.package_identification:_identify(.) by extension 'colcon_meta'
[0.716s] Level 1:colcon.colcon_core.package_identification:_identify(.) by extensions ['ros']
[0.716s] Level 1:colcon.colcon_core.package_identification:_identify(.) by extension 'ros'
[0.783s] Level 1:colcon.colcon_core.package_identification:_identify(.) by extensions ['cmake', 'python']
[0.783s] Level 1:colcon.colcon_core.package_identification:_identify(.) by extension 'cmake'
[0.783s] Level 1:colcon.colcon_core.package_identification:_identify(.) by extension 'python'
[0.784s] Level 1:colcon.colcon_core.package_identification:_identify(.) by extensions ['python_setup_py']
[0.784s] Level 1:colcon.colcon_core.package_identification:_identify(.) by extension 'python_setup_py'
[0.784s] Level 1:colcon.colcon_core.package_identification:_identify(build) by extensions ['ignore', 'ignore_ament_install']
[0.784s] Level 1:colcon.colcon_core.package_identification:_identify(build) by extension 'ignore'
[0.784s] Level 1:colcon.colcon_core.package_identification:_identify(build) ignored
[0.784s] Level 1:colcon.colcon_core.package_identification:_identify(install) by extensions ['ignore', 'ignore_ament_install']
[0.785s] Level 1:colcon.colcon_core.package_identification:_identify(install) by extension 'ignore'
[0.785s] Level 1:colcon.colcon_core.package_identification:_identify(install) ignored
[0.785s] Level 1:colcon.colcon_core.package_identification:_identify(log) by extensions ['ignore', 'ignore_ament_install']
[0.785s] Level 1:colcon.colcon_core.package_identification:_identify(log) by extension 'ignore'
[0.785s] Level 1:colcon.colcon_core.package_identification:_identify(log) ignored
[0.785s] Level 1:colcon.colcon_core.package_identification:_identify(src) by extensions ['ignore', 'ignore_ament_install']
[0.785s] Level 1:colcon.colcon_core.package_identification:_identify(src) by extension 'ignore'
[0.785s] Level 1:colcon.colcon_core.package_identification:_identify(src) by extension 'ignore_ament_install'
[0.786s] Level 1:colcon.colcon_core.package_identification:_identify(src) by extensions ['colcon_pkg']
[0.786s] Level 1:colcon.colcon_core.package_identification:_identify(src) by extension 'colcon_pkg'
[0.786s] Level 1:colcon.colcon_core.package_identification:_identify(src) by extensions ['colcon_meta']
[0.786s] Level 1:colcon.colcon_core.package_identification:_identify(src) by extension 'colcon_meta'
[0.786s] Level 1:colcon.colcon_core.package_identification:_identify(src) by extensions ['ros']
[0.786s] Level 1:colcon.colcon_core.package_identification:_identify(src) by extension 'ros'
[0.786s] Level 1:colcon.colcon_core.package_identification:_identify(src) by extensions ['cmake', 'python']
[0.786s] Level 1:colcon.colcon_core.package_identification:_identify(src) by extension 'cmake'
[0.786s] Level 1:colcon.colcon_core.package_identification:_identify(src) by extension 'python'
[0.786s] Level 1:colcon.colcon_core.package_identification:_identify(src) by extensions ['python_setup_py']
[0.786s] Level 1:colcon.colcon_core.package_identification:_identify(src) by extension 'python_setup_py'
[0.787s] Level 1:colcon.colcon_core.package_identification:_identify(src/fun_numbers) by extensions ['ignore', 'ignore_ament_install']
[0.787s] Level 1:colcon.colcon_core.package_identification:_identify(src/fun_numbers) by extension 'ignore'
[0.787s] Level 1:colcon.colcon_core.package_identification:_identify(src/fun_numbers) by extension 'ignore_ament_install'
[0.787s] Level 1:colcon.colcon_core.package_identification:_identify(src/fun_numbers) by extensions ['colcon_pkg']
[0.787s] Level 1:colcon.colcon_core.package_identification:_identify(src/fun_numbers) by extension 'colcon_pkg'
[0.787s] Level 1:colcon.colcon_core.package_identification:_identify(src/fun_numbers) by extensions ['colcon_meta']
[0.787s] Level 1:colcon.colcon_core.package_identification:_identify(src/fun_numbers) by extension 'colcon_meta'
[0.787s] Level 1:colcon.colcon_core.package_identification:_identify(src/fun_numbers) by extensions ['ros']
[0.787s] Level 1:colcon.colcon_core.package_identification:_identify(src/fun_numbers) by extension 'ros'
[0.798s] DEBUG:colcon.colcon_core.package_identification:Package 'src/fun_numbers' with type 'ros.ament_cmake' and name 'fun_number'
[0.799s] Level 1:colcon.colcon_core.package_identification:_identify(src/number_actions) by extensions ['ignore', 'ignore_ament_install']
[0.799s] Level 1:colcon.colcon_core.package_identification:_identify(src/number_actions) by extension 'ignore'
[0.799s] Level 1:colcon.colcon_core.package_identification:_identify(src/number_actions) by extension 'ignore_ament_install'
[0.799s] Level 1:colcon.colcon_core.package_identification:_identify(src/number_actions) by extensions ['colcon_pkg']
[0.799s] Level 1:colcon.colcon_core.package_identification:_identify(src/number_actions) by extension 'colcon_pkg'
[0.799s] Level 1:colcon.colcon_core.package_identification:_identify(src/number_actions) by extensions ['colcon_meta']
[0.799s] Level 1:colcon.colcon_core.package_identification:_identify(src/number_actions) by extension 'colcon_meta'
[0.799s] Level 1:colcon.colcon_core.package_identification:_identify(src/number_actions) by extensions ['ros']
[0.799s] Level 1:colcon.colcon_core.package_identification:_identify(src/number_actions) by extension 'ros'
[0.801s] DEBUG:colcon.colcon_core.package_identification:Package 'src/number_actions' with type 'ros.ament_cmake' and name 'number_actions'
[0.802s] Level 1:colcon.colcon_core.package_discovery:discover_packages(recursive) using defaults
[0.802s] Level 1:colcon.colcon_core.package_discovery:discover_packages(ignore) discover
[0.802s] Level 1:colcon.colcon_core.package_discovery:discover_packages(ignore) using defaults
[0.802s] Level 1:colcon.colcon_core.package_discovery:discover_packages(path) discover
[0.802s] Level 1:colcon.colcon_core.package_discovery:discover_packages(path) using defaults
[0.803s] WARNING:colcon.colcon_core.package_selection:ignoring unknown package 'fun_numbers' in --packages-select
[0.875s] INFO:colcon.colcon_core.package_selection:Skipping not selected package 'fun_number' in 'src/fun_numbers'
[0.877s] Level 1:colcon.colcon_core.package_discovery:discover_packages(prefix_path) check parameters
[0.878s] Level 1:colcon.colcon_core.package_discovery:discover_packages(prefix_path) discover
[0.890s] DEBUG:colcon.colcon_installed_package_information.package_discovery:Found 363 installed packages in /opt/ros/humble
[0.902s] Level 1:colcon.colcon_core.package_discovery:discover_packages(prefix_path) using defaults
[1.027s] Level 5:colcon.colcon_core.verb:set package 'number_actions' build argument 'cmake_args' from command line to 'None'
[1.028s] Level 5:colcon.colcon_core.verb:set package 'number_actions' build argument 'cmake_target' from command line to 'None'
[1.028s] Level 5:colcon.colcon_core.verb:set package 'number_actions' build argument 'cmake_target_skip_unavailable' from command line to 'False'
[1.028s] Level 5:colcon.colcon_core.verb:set package 'number_actions' build argument 'cmake_clean_cache' from command line to 'False'
[1.028s] Level 5:colcon.colcon_core.verb:set package 'number_actions' build argument 'cmake_clean_first' from command line to 'False'
[1.028s] Level 5:colcon.colcon_core.verb:set package 'number_actions' build argument 'cmake_force_configure' from command line to 'False'
[1.028s] Level 5:colcon.colcon_core.verb:set package 'number_actions' build argument 'ament_cmake_args' from command line to 'None'
[1.028s] Level 5:colcon.colcon_core.verb:set package 'number_actions' build argument 'catkin_cmake_args' from command line to 'None'
[1.028s] Level 5:colcon.colcon_core.verb:set package 'number_actions' build argument 'catkin_skip_building_tests' from command line to 'False'
[1.028s] DEBUG:colcon.colcon_core.verb:Building package 'number_actions' with the following arguments: {'ament_cmake_args': None, 'build_base': '/home/thien/Documents/IE_ROS/Project_6/build/number_actions', 'catkin_cmake_args': None, 'catkin_skip_building_tests': False, 'cmake_args': None, 'cmake_clean_cache': False, 'cmake_clean_first': False, 'cmake_force_configure': False, 'cmake_target': None, 'cmake_target_skip_unavailable': False, 'install_base': '/home/thien/Documents/IE_ROS/Project_6/install/number_actions', 'merge_install': False, 'path': '/home/thien/Documents/IE_ROS/Project_6/src/number_actions', 'symlink_install': False, 'test_result_base': None}
[1.029s] INFO:colcon.colcon_core.executor:Executing jobs using 'parallel' executor
[1.031s] DEBUG:colcon.colcon_parallel_executor.executor.parallel:run_until_complete
[1.032s] INFO:colcon.colcon_ros.task.ament_cmake.build:Building ROS package in '/home/thien/Documents/IE_ROS/Project_6/src/number_actions' with build type 'ament_cmake'
[1.032s] INFO:colcon.colcon_cmake.task.cmake.build:Building CMake package in '/home/thien/Documents/IE_ROS/Project_6/src/number_actions'
[1.035s] INFO:colcon.colcon_core.plugin_system:Skipping extension 'colcon_core.shell.bat': Not used on non-Windows systems
[1.036s] INFO:colcon.colcon_core.shell:Skip shell extension 'powershell' for command environment: Not usable outside of PowerShell
[1.036s] DEBUG:colcon.colcon_core.shell:Skip shell extension 'dsv' for command environment
[1.060s] DEBUG:colcon.colcon_core.event_handler.log_command:Invoking command in '/home/thien/Documents/IE_ROS/Project_6/build/number_actions': CMAKE_PREFIX_PATH=/opt/ros/humble /usr/bin/cmake --build /home/thien/Documents/IE_ROS/Project_6/build/number_actions -- -j8 -l8
[1.509s] DEBUG:colcon.colcon_core.event_handler.log_command:Invoked command in '/home/thien/Documents/IE_ROS/Project_6/build/number_actions' returned '0': CMAKE_PREFIX_PATH=/opt/ros/humble /usr/bin/cmake --build /home/thien/Documents/IE_ROS/Project_6/build/number_actions -- -j8 -l8
[1.748s] DEBUG:colcon.colcon_core.event_handler.log_command:Invoking command in '/home/thien/Documents/IE_ROS/Project_6/build/number_actions': CMAKE_PREFIX_PATH=/opt/ros/humble /usr/bin/cmake --install /home/thien/Documents/IE_ROS/Project_6/build/number_actions
[1.811s] Level 1:colcon.colcon_core.environment:create_environment_scripts_only(number_actions)
[1.829s] Level 1:colcon.colcon_core.environment:checking '/home/thien/Documents/IE_ROS/Project_6/install/number_actions' for CMake module files
[1.833s] Level 1:colcon.colcon_core.environment:checking '/home/thien/Documents/IE_ROS/Project_6/install/number_actions' for CMake config files
[1.837s] Level 1:colcon.colcon_core.shell:create_environment_hook('number_actions', 'cmake_prefix_path')
[1.837s] INFO:colcon.colcon_core.shell:Creating environment hook '/home/thien/Documents/IE_ROS/Project_6/install/number_actions/share/number_actions/hook/cmake_prefix_path.ps1'
[1.840s] INFO:colcon.colcon_core.shell:Creating environment descriptor '/home/thien/Documents/IE_ROS/Project_6/install/number_actions/share/number_actions/hook/cmake_prefix_path.dsv'
[1.845s] INFO:colcon.colcon_core.shell:Creating environment hook '/home/thien/Documents/IE_ROS/Project_6/install/number_actions/share/number_actions/hook/cmake_prefix_path.sh'
[1.845s] DEBUG:colcon.colcon_core.event_handler.log_command:Invoked command in '/home/thien/Documents/IE_ROS/Project_6/build/number_actions' returned '0': CMAKE_PREFIX_PATH=/opt/ros/humble /usr/bin/cmake --install /home/thien/Documents/IE_ROS/Project_6/build/number_actions
[1.848s] Level 1:colcon.colcon_core.environment:checking '/home/thien/Documents/IE_ROS/Project_6/install/number_actions/lib'
[1.849s] Level 1:colcon.colcon_core.shell:create_environment_hook('number_actions', 'ld_library_path_lib')
[1.850s] INFO:colcon.colcon_core.shell:Creating environment hook '/home/thien/Documents/IE_ROS/Project_6/install/number_actions/share/number_actions/hook/ld_library_path_lib.ps1'
[1.851s] INFO:colcon.colcon_core.shell:Creating environment descriptor '/home/thien/Documents/IE_ROS/Project_6/install/number_actions/share/number_actions/hook/ld_library_path_lib.dsv'
[1.852s] INFO:colcon.colcon_core.shell:Creating environment hook '/home/thien/Documents/IE_ROS/Project_6/install/number_actions/share/number_actions/hook/ld_library_path_lib.sh'
[1.853s] Level 1:colcon.colcon_core.environment:checking '/home/thien/Documents/IE_ROS/Project_6/install/number_actions/bin'
[1.853s] Level 1:colcon.colcon_core.environment:checking '/home/thien/Documents/IE_ROS/Project_6/install/number_actions/lib/pkgconfig/number_actions.pc'
[1.853s] Level 1:colcon.colcon_core.environment:checking '/home/thien/Documents/IE_ROS/Project_6/install/number_actions/lib/python3.10/site-packages'
[1.854s] Level 1:colcon.colcon_core.environment:checking '/home/thien/Documents/IE_ROS/Project_6/install/number_actions/bin'
[1.854s] INFO:colcon.colcon_core.shell:Creating package script '/home/thien/Documents/IE_ROS/Project_6/install/number_actions/share/number_actions/package.ps1'
[1.857s] INFO:colcon.colcon_core.shell:Creating package descriptor '/home/thien/Documents/IE_ROS/Project_6/install/number_actions/share/number_actions/package.dsv'
[1.859s] INFO:colcon.colcon_core.shell:Creating package script '/home/thien/Documents/IE_ROS/Project_6/install/number_actions/share/number_actions/package.sh'
[1.862s] INFO:colcon.colcon_core.shell:Creating package script '/home/thien/Documents/IE_ROS/Project_6/install/number_actions/share/number_actions/package.bash'
[1.866s] INFO:colcon.colcon_core.shell:Creating package script '/home/thien/Documents/IE_ROS/Project_6/install/number_actions/share/number_actions/package.zsh'
[1.869s] Level 1:colcon.colcon_core.environment:create_file_with_runtime_dependencies(/home/thien/Documents/IE_ROS/Project_6/install/number_actions/share/colcon-core/packages/number_actions)
[2.035s] Level 1:colcon.colcon_core.environment:create_environment_scripts_only(number_actions)
[2.035s] Level 1:colcon.colcon_core.environment:checking '/home/thien/Documents/IE_ROS/Project_6/install/number_actions' for CMake module files
[2.037s] Level 1:colcon.colcon_core.environment:checking '/home/thien/Documents/IE_ROS/Project_6/install/number_actions' for CMake config files
[2.038s] Level 1:colcon.colcon_core.shell:create_environment_hook('number_actions', 'cmake_prefix_path')
[2.038s] INFO:colcon.colcon_core.shell:Creating environment hook '/home/thien/Documents/IE_ROS/Project_6/install/number_actions/share/number_actions/hook/cmake_prefix_path.ps1'
[2.039s] INFO:colcon.colcon_core.shell:Creating environment descriptor '/home/thien/Documents/IE_ROS/Project_6/install/number_actions/share/number_actions/hook/cmake_prefix_path.dsv'
[2.040s] INFO:colcon.colcon_core.shell:Creating environment hook '/home/thien/Documents/IE_ROS/Project_6/install/number_actions/share/number_actions/hook/cmake_prefix_path.sh'
[2.042s] Level 1:colcon.colcon_core.environment:checking '/home/thien/Documents/IE_ROS/Project_6/install/number_actions/lib'
[2.042s] Level 1:colcon.colcon_core.shell:create_environment_hook('number_actions', 'ld_library_path_lib')
[2.043s] INFO:colcon.colcon_core.shell:Creating environment hook '/home/thien/Documents/IE_ROS/Project_6/install/number_actions/share/number_actions/hook/ld_library_path_lib.ps1'
[2.044s] INFO:colcon.colcon_core.shell:Creating environment descriptor '/home/thien/Documents/IE_ROS/Project_6/install/number_actions/share/number_actions/hook/ld_library_path_lib.dsv'
[2.045s] INFO:colcon.colcon_core.shell:Creating environment hook '/home/thien/Documents/IE_ROS/Project_6/install/number_actions/share/number_actions/hook/ld_library_path_lib.sh'
[2.046s] Level 1:colcon.colcon_core.environment:checking '/home/thien/Documents/IE_ROS/Project_6/install/number_actions/bin'
[2.046s] Level 1:colcon.colcon_core.environment:checking '/home/thien/Documents/IE_ROS/Project_6/install/number_actions/lib/pkgconfig/number_actions.pc'
[2.046s] Level 1:colcon.colcon_core.environment:checking '/home/thien/Documents/IE_ROS/Project_6/install/number_actions/lib/python3.10/site-packages'
[2.047s] Level 1:colcon.colcon_core.environment:checking '/home/thien/Documents/IE_ROS/Project_6/install/number_actions/bin'
[2.047s] INFO:colcon.colcon_core.shell:Creating package script '/home/thien/Documents/IE_ROS/Project_6/install/number_actions/share/number_actions/package.ps1'
[2.049s] INFO:colcon.colcon_core.shell:Creating package descriptor '/home/thien/Documents/IE_ROS/Project_6/install/number_actions/share/number_actions/package.dsv'
[2.050s] INFO:colcon.colcon_core.shell:Creating package script '/home/thien/Documents/IE_ROS/Project_6/install/number_actions/share/number_actions/package.sh'
[2.051s] INFO:colcon.colcon_core.shell:Creating package script '/home/thien/Documents/IE_ROS/Project_6/install/number_actions/share/number_actions/package.bash'
[2.052s] INFO:colcon.colcon_core.shell:Creating package script '/home/thien/Documents/IE_ROS/Project_6/install/number_actions/share/number_actions/package.zsh'
[2.052s] Level 1:colcon.colcon_core.environment:create_file_with_runtime_dependencies(/home/thien/Documents/IE_ROS/Project_6/install/number_actions/share/colcon-core/packages/number_actions)
[2.053s] DEBUG:colcon.colcon_parallel_executor.executor.parallel:closing loop
[2.053s] DEBUG:colcon.colcon_parallel_executor.executor.parallel:loop closed
[2.053s] DEBUG:colcon.colcon_parallel_executor.executor.parallel:run_until_complete finished with '0'
[2.054s] DEBUG:colcon.colcon_core.event_reactor:joining thread
[2.069s] INFO:colcon.colcon_core.plugin_system:Skipping extension 'colcon_notification.desktop_notification.terminal_notifier': Not used on non-Darwin systems
[2.069s] INFO:colcon.colcon_core.plugin_system:Skipping extension 'colcon_notification.desktop_notification.win32': Not used on non-Windows systems
[2.069s] INFO:colcon.colcon_notification.desktop_notification:Sending desktop notification using 'notify2'
[2.111s] DEBUG:colcon.colcon_core.event_reactor:joined thread
[2.112s] INFO:colcon.colcon_core.shell:Creating prefix script '/home/thien/Documents/IE_ROS/Project_6/install/local_setup.ps1'
[2.116s] INFO:colcon.colcon_core.shell:Creating prefix util module '/home/thien/Documents/IE_ROS/Project_6/install/_local_setup_util_ps1.py'
[2.122s] INFO:colcon.colcon_core.shell:Creating prefix chain script '/home/thien/Documents/IE_ROS/Project_6/install/setup.ps1'
[2.127s] INFO:colcon.colcon_core.shell:Creating prefix script '/home/thien/Documents/IE_ROS/Project_6/install/local_setup.sh'
[2.131s] INFO:colcon.colcon_core.shell:Creating prefix util module '/home/thien/Documents/IE_ROS/Project_6/install/_local_setup_util_sh.py'
[2.133s] INFO:colcon.colcon_core.shell:Creating prefix chain script '/home/thien/Documents/IE_ROS/Project_6/install/setup.sh'
[2.136s] INFO:colcon.colcon_core.shell:Creating prefix script '/home/thien/Documents/IE_ROS/Project_6/install/local_setup.bash'
[2.138s] INFO:colcon.colcon_core.shell:Creating prefix chain script '/home/thien/Documents/IE_ROS/Project_6/install/setup.bash'
[2.142s] INFO:colcon.colcon_core.shell:Creating prefix script '/home/thien/Documents/IE_ROS/Project_6/install/local_setup.zsh'
[2.144s] INFO:colcon.colcon_core.shell:Creating prefix chain script '/home/thien/Documents/IE_ROS/Project_6/install/setup.zsh'
