[0.028s] Invoking command in '/home/thien/Documents/IE_ROS/Project_6/build/number_actions': CMAKE_PREFIX_PATH=${CMAKE_PREFIX_PATH}:/opt/ros/humble /usr/bin/cmake /home/thien/Documents/IE_ROS/Project_6/src/number_actions -DCMAKE_INSTALL_PREFIX=/home/thien/Documents/IE_ROS/Project_6/install/number_actions
[0.159s] -- The C compiler identification is GNU 11.4.0
[0.299s] -- The CXX compiler identification is GNU 11.4.0
[0.316s] -- Detecting C compiler ABI info
[0.490s] -- Detecting C compiler ABI info - done
[0.505s] -- Check for working C compiler: /usr/bin/cc - skipped
[0.505s] -- Detecting C compile features
[0.506s] -- Detecting C compile features - done
[0.512s] -- Detecting CXX compiler ABI info
[0.718s] -- Detecting CXX compiler ABI info - done
[0.735s] -- Check for working CXX compiler: /usr/bin/c++ - skipped
[0.735s] -- Detecting CXX compile features
[0.737s] -- Detecting CXX compile features - done
[0.744s] -- Found ament_cmake: 1.3.8 (/opt/ros/humble/share/ament_cmake/cmake)
[1.159s] -- Found Python3: /usr/bin/python3 (found version "3.10.12") found components: Interpreter 
[1.375s] -- Found rclcpp: 16.0.8 (/opt/ros/humble/share/rclcpp/cmake)
[1.466s] -- Found rosidl_generator_c: 3.1.5 (/opt/ros/humble/share/rosidl_generator_c/cmake)
[1.476s] -- Found rosidl_adapter: 3.1.5 (/opt/ros/humble/share/rosidl_adapter/cmake)
[1.493s] -- Found rosidl_generator_cpp: 3.1.5 (/opt/ros/humble/share/rosidl_generator_cpp/cmake)
[1.521s] -- Using all available rosidl_typesupport_c: rosidl_typesupport_fastrtps_c;rosidl_typesupport_introspection_c
[1.573s] -- Using all available rosidl_typesupport_cpp: rosidl_typesupport_fastrtps_cpp;rosidl_typesupport_introspection_cpp
[1.740s] -- Found rmw_implementation_cmake: 6.1.1 (/opt/ros/humble/share/rmw_implementation_cmake/cmake)
[1.746s] -- Found rmw_fastrtps_cpp: 6.2.6 (/opt/ros/humble/share/rmw_fastrtps_cpp/cmake)
[2.042s] -- Found OpenSSL: /usr/lib/x86_64-linux-gnu/libcrypto.so (found version "3.0.2")  
[2.118s] -- Found FastRTPS: /opt/ros/humble/include  
[2.246s] -- Using RMW implementation 'rmw_fastrtps_cpp' as default
[2.270s] -- Looking for pthread.h
[2.470s] -- Looking for pthread.h - found
[2.471s] -- Performing Test CMAKE_HAVE_LIBC_PTHREAD
[2.686s] -- Performing Test CMAKE_HAVE_LIBC_PTHREAD - Success
[2.688s] -- Found Threads: TRUE  
[3.038s] -- Found action_msgs: 1.2.1 (/opt/ros/humble/share/action_msgs/cmake)
[3.927s] -- Found ament_cmake_ros: 0.10.0 (/opt/ros/humble/share/ament_cmake_ros/cmake)
[4.728s] -- Using all available rosidl_typesupport_c: rosidl_typesupport_fastrtps_c;rosidl_typesupport_introspection_c
[5.034s] -- Using all available rosidl_typesupport_cpp: rosidl_typesupport_fastrtps_cpp;rosidl_typesupport_introspection_cpp
[5.042s] -- Found ament_lint_auto: 0.12.10 (/opt/ros/humble/share/ament_lint_auto/cmake)
[5.095s] -- Added test 'lint_cmake' to check CMake code style
[5.097s] -- Added test 'xmllint' to check XML markup files
[5.104s] -- Configuring done
[5.173s] -- Generating done
[5.183s] -- Build files have been written to: /home/thien/Documents/IE_ROS/Project_6/build/number_actions
[5.241s] Invoked command in '/home/thien/Documents/IE_ROS/Project_6/build/number_actions' returned '0': CMAKE_PREFIX_PATH=${CMAKE_PREFIX_PATH}:/opt/ros/humble /usr/bin/cmake /home/thien/Documents/IE_ROS/Project_6/src/number_actions -DCMAKE_INSTALL_PREFIX=/home/thien/Documents/IE_ROS/Project_6/install/number_actions
[5.246s] Invoking command in '/home/thien/Documents/IE_ROS/Project_6/build/number_actions': CMAKE_PREFIX_PATH=${CMAKE_PREFIX_PATH}:/opt/ros/humble /usr/bin/cmake --build /home/thien/Documents/IE_ROS/Project_6/build/number_actions -- -j8 -l8
[5.354s] [  4%] [34m[1mGenerating C code for ROS interfaces[0m
[5.383s] [  9%] [34m[1mGenerating C++ code for ROS interfaces[0m
[6.650s] [ 13%] [32mBuilding C object CMakeFiles/number_actions__rosidl_generator_c.dir/rosidl_generator_c/number_actions/action/detail/fibonacci__functions.c.o[0m
[6.676s] [ 13%] Built target number_actions__cpp
[6.706s] [ 22%] [34m[1mGenerating C++ introspection for ROS interfaces[0m
[6.707s] [ 22%] [34m[1mGenerating C++ type support for eProsima Fast-RTPS[0m
[6.712s] [ 27%] [34m[1mGenerating C++ type support dispatch for ROS interfaces[0m
[7.113s] [ 31%] [32m[1mLinking C shared library libnumber_actions__rosidl_generator_c.so[0m
[7.241s] [ 31%] Built target number_actions__rosidl_generator_c
[7.281s] [ 36%] [34m[1mGenerating C type support for eProsima Fast-RTPS[0m
[7.283s] [ 40%] [34m[1mGenerating C type support dispatch for ROS interfaces[0m
[7.303s] [ 45%] [34m[1mGenerating C introspection for ROS interfaces[0m
[7.901s] [ 50%] [32mBuilding CXX object CMakeFiles/number_actions__rosidl_typesupport_cpp.dir/rosidl_typesupport_cpp/number_actions/action/fibonacci__type_support.cpp.o[0m
[8.048s] [ 54%] [32mBuilding CXX object CMakeFiles/number_actions__rosidl_typesupport_introspection_cpp.dir/rosidl_typesupport_introspection_cpp/number_actions/action/detail/fibonacci__type_support.cpp.o[0m
[8.229s] [ 59%] [32mBuilding CXX object CMakeFiles/number_actions__rosidl_typesupport_fastrtps_cpp.dir/rosidl_typesupport_fastrtps_cpp/number_actions/action/detail/dds_fastrtps/fibonacci__type_support.cpp.o[0m
[8.366s] [ 63%] [32mBuilding CXX object CMakeFiles/number_actions__rosidl_typesupport_c.dir/rosidl_typesupport_c/number_actions/action/fibonacci__type_support.cpp.o[0m
[8.564s] [ 68%] [32m[1mLinking CXX shared library libnumber_actions__rosidl_typesupport_c.so[0m
[8.717s] [ 68%] Built target number_actions__rosidl_typesupport_c
[8.734s] [ 72%] [32mBuilding C object CMakeFiles/number_actions__rosidl_typesupport_introspection_c.dir/rosidl_typesupport_introspection_c/number_actions/action/detail/fibonacci__type_support.c.o[0m
[8.743s] [ 77%] [32mBuilding CXX object CMakeFiles/number_actions__rosidl_typesupport_fastrtps_c.dir/rosidl_typesupport_fastrtps_c/number_actions/action/detail/fibonacci__type_support_c.cpp.o[0m
[8.922s] [ 81%] [32m[1mLinking C shared library libnumber_actions__rosidl_typesupport_introspection_c.so[0m
[9.032s] [ 81%] Built target number_actions__rosidl_typesupport_introspection_c
[9.314s] [ 86%] [32m[1mLinking CXX shared library libnumber_actions__rosidl_typesupport_cpp.so[0m
[9.464s] [ 86%] Built target number_actions__rosidl_typesupport_cpp
[9.891s] [ 90%] [32m[1mLinking CXX shared library libnumber_actions__rosidl_typesupport_fastrtps_c.so[0m
[10.119s] [ 95%] [32m[1mLinking CXX shared library libnumber_actions__rosidl_typesupport_fastrtps_cpp.so[0m
[10.176s] [100%] [32m[1mLinking CXX shared library libnumber_actions__rosidl_typesupport_introspection_cpp.so[0m
[10.242s] [100%] Built target number_actions__rosidl_typesupport_fastrtps_c
[10.368s] [100%] Built target number_actions__rosidl_typesupport_fastrtps_cpp
[10.405s] [100%] Built target number_actions__rosidl_typesupport_introspection_cpp
[10.447s] [100%] Built target number_actions
[10.471s] Invoked command in '/home/thien/Documents/IE_ROS/Project_6/build/number_actions' returned '0': CMAKE_PREFIX_PATH=${CMAKE_PREFIX_PATH}:/opt/ros/humble /usr/bin/cmake --build /home/thien/Documents/IE_ROS/Project_6/build/number_actions -- -j8 -l8
[10.584s] Invoking command in '/home/thien/Documents/IE_ROS/Project_6/build/number_actions': CMAKE_PREFIX_PATH=${CMAKE_PREFIX_PATH}:/opt/ros/humble /usr/bin/cmake --install /home/thien/Documents/IE_ROS/Project_6/build/number_actions
[10.599s] -- Install configuration: ""
[10.600s] -- Installing: /home/thien/Documents/IE_ROS/Project_6/install/number_actions/share/ament_index/resource_index/rosidl_interfaces/number_actions
[10.600s] -- Installing: /home/thien/Documents/IE_ROS/Project_6/install/number_actions/include/number_actions/number_actions
[10.600s] -- Installing: /home/thien/Documents/IE_ROS/Project_6/install/number_actions/include/number_actions/number_actions/msg
[10.601s] -- Installing: /home/thien/Documents/IE_ROS/Project_6/install/number_actions/include/number_actions/number_actions/msg/rosidl_generator_c__visibility_control.h
[10.601s] -- Installing: /home/thien/Documents/IE_ROS/Project_6/install/number_actions/include/number_actions/number_actions/action
[10.601s] -- Installing: /home/thien/Documents/IE_ROS/Project_6/install/number_actions/include/number_actions/number_actions/action/fibonacci.h
[10.601s] -- Installing: /home/thien/Documents/IE_ROS/Project_6/install/number_actions/include/number_actions/number_actions/action/detail
[10.601s] -- Installing: /home/thien/Documents/IE_ROS/Project_6/install/number_actions/include/number_actions/number_actions/action/detail/fibonacci__type_support.h
[10.602s] -- Installing: /home/thien/Documents/IE_ROS/Project_6/install/number_actions/include/number_actions/number_actions/action/detail/fibonacci__functions.c
[10.602s] -- Installing: /home/thien/Documents/IE_ROS/Project_6/install/number_actions/include/number_actions/number_actions/action/detail/fibonacci__struct.h
[10.603s] -- Installing: /home/thien/Documents/IE_ROS/Project_6/install/number_actions/include/number_actions/number_actions/action/detail/fibonacci__functions.h
[10.604s] -- Installing: /home/thien/Documents/IE_ROS/Project_6/install/number_actions/share/number_actions/environment/library_path.sh
[10.604s] -- Installing: /home/thien/Documents/IE_ROS/Project_6/install/number_actions/share/number_actions/environment/library_path.dsv
[10.605s] -- Installing: /home/thien/Documents/IE_ROS/Project_6/install/number_actions/lib/libnumber_actions__rosidl_generator_c.so
[10.606s] -- Set runtime path of "/home/thien/Documents/IE_ROS/Project_6/install/number_actions/lib/libnumber_actions__rosidl_generator_c.so" to ""
[10.606s] -- Up-to-date: /home/thien/Documents/IE_ROS/Project_6/install/number_actions/include/number_actions/number_actions
[10.607s] -- Up-to-date: /home/thien/Documents/IE_ROS/Project_6/install/number_actions/include/number_actions/number_actions/msg
[10.607s] -- Installing: /home/thien/Documents/IE_ROS/Project_6/install/number_actions/include/number_actions/number_actions/msg/rosidl_typesupport_fastrtps_c__visibility_control.h
[10.607s] -- Up-to-date: /home/thien/Documents/IE_ROS/Project_6/install/number_actions/include/number_actions/number_actions/action
[10.607s] -- Up-to-date: /home/thien/Documents/IE_ROS/Project_6/install/number_actions/include/number_actions/number_actions/action/detail
[10.608s] -- Installing: /home/thien/Documents/IE_ROS/Project_6/install/number_actions/include/number_actions/number_actions/action/detail/fibonacci__rosidl_typesupport_fastrtps_c.h
[10.608s] -- Installing: /home/thien/Documents/IE_ROS/Project_6/install/number_actions/lib/libnumber_actions__rosidl_typesupport_fastrtps_c.so
[10.609s] -- Set runtime path of "/home/thien/Documents/IE_ROS/Project_6/install/number_actions/lib/libnumber_actions__rosidl_typesupport_fastrtps_c.so" to ""
[10.609s] -- Up-to-date: /home/thien/Documents/IE_ROS/Project_6/install/number_actions/include/number_actions/number_actions
[10.609s] -- Up-to-date: /home/thien/Documents/IE_ROS/Project_6/install/number_actions/include/number_actions/number_actions/action
[10.609s] -- Installing: /home/thien/Documents/IE_ROS/Project_6/install/number_actions/include/number_actions/number_actions/action/fibonacci.hpp
[10.609s] -- Up-to-date: /home/thien/Documents/IE_ROS/Project_6/install/number_actions/include/number_actions/number_actions/action/detail
[10.610s] -- Installing: /home/thien/Documents/IE_ROS/Project_6/install/number_actions/include/number_actions/number_actions/action/detail/fibonacci__traits.hpp
[10.610s] -- Installing: /home/thien/Documents/IE_ROS/Project_6/install/number_actions/include/number_actions/number_actions/action/detail/fibonacci__struct.hpp
[10.610s] -- Installing: /home/thien/Documents/IE_ROS/Project_6/install/number_actions/include/number_actions/number_actions/action/detail/fibonacci__builder.hpp
[10.610s] -- Up-to-date: /home/thien/Documents/IE_ROS/Project_6/install/number_actions/include/number_actions/number_actions
[10.610s] -- Up-to-date: /home/thien/Documents/IE_ROS/Project_6/install/number_actions/include/number_actions/number_actions/msg
[10.611s] -- Installing: /home/thien/Documents/IE_ROS/Project_6/install/number_actions/include/number_actions/number_actions/msg/rosidl_typesupport_fastrtps_cpp__visibility_control.h
[10.611s] -- Up-to-date: /home/thien/Documents/IE_ROS/Project_6/install/number_actions/include/number_actions/number_actions/action
[10.611s] -- Up-to-date: /home/thien/Documents/IE_ROS/Project_6/install/number_actions/include/number_actions/number_actions/action/detail
[10.611s] -- Installing: /home/thien/Documents/IE_ROS/Project_6/install/number_actions/include/number_actions/number_actions/action/detail/dds_fastrtps
[10.611s] -- Installing: /home/thien/Documents/IE_ROS/Project_6/install/number_actions/include/number_actions/number_actions/action/detail/fibonacci__rosidl_typesupport_fastrtps_cpp.hpp
[10.612s] -- Installing: /home/thien/Documents/IE_ROS/Project_6/install/number_actions/lib/libnumber_actions__rosidl_typesupport_fastrtps_cpp.so
[10.613s] -- Set runtime path of "/home/thien/Documents/IE_ROS/Project_6/install/number_actions/lib/libnumber_actions__rosidl_typesupport_fastrtps_cpp.so" to ""
[10.613s] -- Up-to-date: /home/thien/Documents/IE_ROS/Project_6/install/number_actions/include/number_actions/number_actions
[10.613s] -- Up-to-date: /home/thien/Documents/IE_ROS/Project_6/install/number_actions/include/number_actions/number_actions/msg
[10.613s] -- Installing: /home/thien/Documents/IE_ROS/Project_6/install/number_actions/include/number_actions/number_actions/msg/rosidl_typesupport_introspection_c__visibility_control.h
[10.613s] -- Up-to-date: /home/thien/Documents/IE_ROS/Project_6/install/number_actions/include/number_actions/number_actions/action
[10.614s] -- Up-to-date: /home/thien/Documents/IE_ROS/Project_6/install/number_actions/include/number_actions/number_actions/action/detail
[10.614s] -- Installing: /home/thien/Documents/IE_ROS/Project_6/install/number_actions/include/number_actions/number_actions/action/detail/fibonacci__type_support.c
[10.614s] -- Installing: /home/thien/Documents/IE_ROS/Project_6/install/number_actions/include/number_actions/number_actions/action/detail/fibonacci__rosidl_typesupport_introspection_c.h
[10.614s] -- Installing: /home/thien/Documents/IE_ROS/Project_6/install/number_actions/lib/libnumber_actions__rosidl_typesupport_introspection_c.so
[10.615s] -- Set runtime path of "/home/thien/Documents/IE_ROS/Project_6/install/number_actions/lib/libnumber_actions__rosidl_typesupport_introspection_c.so" to ""
[10.615s] -- Installing: /home/thien/Documents/IE_ROS/Project_6/install/number_actions/lib/libnumber_actions__rosidl_typesupport_c.so
[10.616s] -- Set runtime path of "/home/thien/Documents/IE_ROS/Project_6/install/number_actions/lib/libnumber_actions__rosidl_typesupport_c.so" to ""
[10.616s] -- Up-to-date: /home/thien/Documents/IE_ROS/Project_6/install/number_actions/include/number_actions/number_actions
[10.616s] -- Up-to-date: /home/thien/Documents/IE_ROS/Project_6/install/number_actions/include/number_actions/number_actions/action
[10.616s] -- Up-to-date: /home/thien/Documents/IE_ROS/Project_6/install/number_actions/include/number_actions/number_actions/action/detail
[10.617s] -- Installing: /home/thien/Documents/IE_ROS/Project_6/install/number_actions/include/number_actions/number_actions/action/detail/fibonacci__rosidl_typesupport_introspection_cpp.hpp
[10.617s] -- Installing: /home/thien/Documents/IE_ROS/Project_6/install/number_actions/include/number_actions/number_actions/action/detail/fibonacci__type_support.cpp
[10.617s] -- Installing: /home/thien/Documents/IE_ROS/Project_6/install/number_actions/lib/libnumber_actions__rosidl_typesupport_introspection_cpp.so
[10.618s] -- Set runtime path of "/home/thien/Documents/IE_ROS/Project_6/install/number_actions/lib/libnumber_actions__rosidl_typesupport_introspection_cpp.so" to ""
[10.618s] -- Installing: /home/thien/Documents/IE_ROS/Project_6/install/number_actions/lib/libnumber_actions__rosidl_typesupport_cpp.so
[10.619s] -- Set runtime path of "/home/thien/Documents/IE_ROS/Project_6/install/number_actions/lib/libnumber_actions__rosidl_typesupport_cpp.so" to ""
[10.620s] -- Installing: /home/thien/Documents/IE_ROS/Project_6/install/number_actions/share/number_actions/action/Fibonacci.idl
[10.620s] -- Installing: /home/thien/Documents/IE_ROS/Project_6/install/number_actions/share/number_actions/action/Fibonacci.action
[10.621s] -- Installing: /home/thien/Documents/IE_ROS/Project_6/install/number_actions/share/ament_index/resource_index/package_run_dependencies/number_actions
[10.622s] -- Installing: /home/thien/Documents/IE_ROS/Project_6/install/number_actions/share/ament_index/resource_index/parent_prefix_path/number_actions
[10.622s] -- Installing: /home/thien/Documents/IE_ROS/Project_6/install/number_actions/share/number_actions/environment/ament_prefix_path.sh
[10.622s] -- Installing: /home/thien/Documents/IE_ROS/Project_6/install/number_actions/share/number_actions/environment/ament_prefix_path.dsv
[10.623s] -- Installing: /home/thien/Documents/IE_ROS/Project_6/install/number_actions/share/number_actions/environment/path.sh
[10.623s] -- Installing: /home/thien/Documents/IE_ROS/Project_6/install/number_actions/share/number_actions/environment/path.dsv
[10.623s] -- Installing: /home/thien/Documents/IE_ROS/Project_6/install/number_actions/share/number_actions/local_setup.bash
[10.624s] -- Installing: /home/thien/Documents/IE_ROS/Project_6/install/number_actions/share/number_actions/local_setup.sh
[10.624s] -- Installing: /home/thien/Documents/IE_ROS/Project_6/install/number_actions/share/number_actions/local_setup.zsh
[10.624s] -- Installing: /home/thien/Documents/IE_ROS/Project_6/install/number_actions/share/number_actions/local_setup.dsv
[10.625s] -- Installing: /home/thien/Documents/IE_ROS/Project_6/install/number_actions/share/number_actions/package.dsv
[10.625s] -- Installing: /home/thien/Documents/IE_ROS/Project_6/install/number_actions/share/ament_index/resource_index/packages/number_actions
[10.626s] -- Installing: /home/thien/Documents/IE_ROS/Project_6/install/number_actions/share/number_actions/cmake/export_number_actions__rosidl_generator_cExport.cmake
[10.626s] -- Installing: /home/thien/Documents/IE_ROS/Project_6/install/number_actions/share/number_actions/cmake/export_number_actions__rosidl_generator_cExport-noconfig.cmake
[10.626s] -- Installing: /home/thien/Documents/IE_ROS/Project_6/install/number_actions/share/number_actions/cmake/export_number_actions__rosidl_typesupport_fastrtps_cExport.cmake
[10.627s] -- Installing: /home/thien/Documents/IE_ROS/Project_6/install/number_actions/share/number_actions/cmake/export_number_actions__rosidl_typesupport_fastrtps_cExport-noconfig.cmake
[10.627s] -- Installing: /home/thien/Documents/IE_ROS/Project_6/install/number_actions/share/number_actions/cmake/export_number_actions__rosidl_generator_cppExport.cmake
[10.627s] -- Installing: /home/thien/Documents/IE_ROS/Project_6/install/number_actions/share/number_actions/cmake/export_number_actions__rosidl_typesupport_fastrtps_cppExport.cmake
[10.628s] -- Installing: /home/thien/Documents/IE_ROS/Project_6/install/number_actions/share/number_actions/cmake/export_number_actions__rosidl_typesupport_fastrtps_cppExport-noconfig.cmake
[10.628s] -- Installing: /home/thien/Documents/IE_ROS/Project_6/install/number_actions/share/number_actions/cmake/number_actions__rosidl_typesupport_introspection_cExport.cmake
[10.628s] -- Installing: /home/thien/Documents/IE_ROS/Project_6/install/number_actions/share/number_actions/cmake/number_actions__rosidl_typesupport_introspection_cExport-noconfig.cmake
[10.629s] -- Installing: /home/thien/Documents/IE_ROS/Project_6/install/number_actions/share/number_actions/cmake/number_actions__rosidl_typesupport_cExport.cmake
[10.629s] -- Installing: /home/thien/Documents/IE_ROS/Project_6/install/number_actions/share/number_actions/cmake/number_actions__rosidl_typesupport_cExport-noconfig.cmake
[10.629s] -- Installing: /home/thien/Documents/IE_ROS/Project_6/install/number_actions/share/number_actions/cmake/number_actions__rosidl_typesupport_introspection_cppExport.cmake
[10.630s] -- Installing: /home/thien/Documents/IE_ROS/Project_6/install/number_actions/share/number_actions/cmake/number_actions__rosidl_typesupport_introspection_cppExport-noconfig.cmake
[10.630s] -- Installing: /home/thien/Documents/IE_ROS/Project_6/install/number_actions/share/number_actions/cmake/number_actions__rosidl_typesupport_cppExport.cmake
[10.630s] -- Installing: /home/thien/Documents/IE_ROS/Project_6/install/number_actions/share/number_actions/cmake/number_actions__rosidl_typesupport_cppExport-noconfig.cmake
[10.630s] -- Installing: /home/thien/Documents/IE_ROS/Project_6/install/number_actions/share/number_actions/cmake/rosidl_cmake-extras.cmake
[10.631s] -- Installing: /home/thien/Documents/IE_ROS/Project_6/install/number_actions/share/number_actions/cmake/ament_cmake_export_dependencies-extras.cmake
[10.631s] -- Installing: /home/thien/Documents/IE_ROS/Project_6/install/number_actions/share/number_actions/cmake/ament_cmake_export_include_directories-extras.cmake
[10.631s] -- Installing: /home/thien/Documents/IE_ROS/Project_6/install/number_actions/share/number_actions/cmake/ament_cmake_export_libraries-extras.cmake
[10.632s] -- Installing: /home/thien/Documents/IE_ROS/Project_6/install/number_actions/share/number_actions/cmake/ament_cmake_export_targets-extras.cmake
[10.632s] -- Installing: /home/thien/Documents/IE_ROS/Project_6/install/number_actions/share/number_actions/cmake/rosidl_cmake_export_typesupport_targets-extras.cmake
[10.632s] -- Installing: /home/thien/Documents/IE_ROS/Project_6/install/number_actions/share/number_actions/cmake/rosidl_cmake_export_typesupport_libraries-extras.cmake
[10.633s] -- Installing: /home/thien/Documents/IE_ROS/Project_6/install/number_actions/share/number_actions/cmake/number_actionsConfig.cmake
[10.633s] -- Installing: /home/thien/Documents/IE_ROS/Project_6/install/number_actions/share/number_actions/cmake/number_actionsConfig-version.cmake
[10.633s] -- Installing: /home/thien/Documents/IE_ROS/Project_6/install/number_actions/share/number_actions/package.xml
[10.638s] Invoked command in '/home/thien/Documents/IE_ROS/Project_6/build/number_actions' returned '0': CMAKE_PREFIX_PATH=${CMAKE_PREFIX_PATH}:/opt/ros/humble /usr/bin/cmake --install /home/thien/Documents/IE_ROS/Project_6/build/number_actions
