[0.025s] Invoking command in '/home/thien/Documents/IE_ROS/Project_6/build/fun_numbers': AMENT_PREFIX_PATH=/home/thien/Documents/IE_ROS/Project_6/install/number_actions:${AMENT_PREFIX_PATH} CMAKE_PREFIX_PATH=/home/thien/Documents/IE_ROS/Project_6/install/number_actions:/opt/ros/humble LD_LIBRARY_PATH=/home/thien/Documents/IE_ROS/Project_6/install/number_actions/lib:${LD_LIBRARY_PATH} /usr/bin/cmake /home/thien/Documents/IE_ROS/Project_6/src/fun_numbers -DCMAKE_INSTALL_PREFIX=/home/thien/Documents/IE_ROS/Project_6/install/fun_numbers
[0.188s] -- The C compiler identification is GNU 11.4.0
[0.348s] -- The CXX compiler identification is GNU 11.4.0
[0.371s] -- Detecting C compiler ABI info
[0.625s] -- Detecting C compiler ABI info - done
[0.642s] -- Check for working C compiler: /usr/bin/cc - skipped
[0.642s] -- Detecting C compile features
[0.643s] -- Detecting C compile features - done
[0.649s] -- Detecting CXX compiler ABI info
[0.876s] -- Detecting CXX compiler ABI info - done
[0.892s] -- Check for working CXX compiler: /usr/bin/c++ - skipped
[0.893s] -- Detecting CXX compile features
[0.894s] -- Detecting CXX compile features - done
[0.901s] -- Found ament_cmake: 1.3.8 (/opt/ros/humble/share/ament_cmake/cmake)
[1.252s] -- Found Python3: /usr/bin/python3 (found version "3.10.12") found components: Interpreter 
[1.549s] -- Found rclcpp: 16.0.8 (/opt/ros/humble/share/rclcpp/cmake)
[1.657s] -- Found rosidl_generator_c: 3.1.5 (/opt/ros/humble/share/rosidl_generator_c/cmake)
[1.670s] -- Found rosidl_adapter: 3.1.5 (/opt/ros/humble/share/rosidl_adapter/cmake)
[1.691s] -- Found rosidl_generator_cpp: 3.1.5 (/opt/ros/humble/share/rosidl_generator_cpp/cmake)
[1.724s] -- Using all available rosidl_typesupport_c: rosidl_typesupport_fastrtps_c;rosidl_typesupport_introspection_c
[1.778s] -- Using all available rosidl_typesupport_cpp: rosidl_typesupport_fastrtps_cpp;rosidl_typesupport_introspection_cpp
[1.934s] -- Found rmw_implementation_cmake: 6.1.1 (/opt/ros/humble/share/rmw_implementation_cmake/cmake)
[1.940s] -- Found rmw_fastrtps_cpp: 6.2.6 (/opt/ros/humble/share/rmw_fastrtps_cpp/cmake)
[2.223s] -- Found OpenSSL: /usr/lib/x86_64-linux-gnu/libcrypto.so (found version "3.0.2")  
[2.312s] -- Found FastRTPS: /opt/ros/humble/include  
[2.425s] -- Using RMW implementation 'rmw_fastrtps_cpp' as default
[2.446s] -- Looking for pthread.h
[2.622s] -- Looking for pthread.h - found
[2.623s] -- Performing Test CMAKE_HAVE_LIBC_PTHREAD
[2.819s] -- Performing Test CMAKE_HAVE_LIBC_PTHREAD - Success
[2.821s] -- Found Threads: TRUE  
[3.146s] -- Found rclcpp_action: 16.0.8 (/opt/ros/humble/share/rclcpp_action/cmake)
[3.344s] -- Found rclcpp_components: 16.0.8 (/opt/ros/humble/share/rclcpp_components/cmake)
[3.489s] -- Found number_actions: 0.0.0 (/home/thien/Documents/IE_ROS/Project_6/install/number_actions/share/number_actions/cmake)
[3.594s] [31mCMake Error at /opt/ros/humble/share/rosidl_cmake/cmake/rosidl_generate_interfaces.cmake:93 (message):
[3.594s]   rosidl_generate_interfaces() the passed file 'action/Fibonacci.action'
[3.594s]   doesn't exist relative to the CMAKE_CURRENT_SOURCE_DIR
[3.594s]   '/home/thien/Documents/IE_ROS/Project_6/src/fun_numbers'
[3.594s] Call Stack (most recent call first):
[3.594s]   CMakeLists.txt:11 (rosidl_generate_interfaces)
[3.595s] 
[3.595s] [0m
[3.595s] -- Configuring incomplete, errors occurred!
[3.595s] See also "/home/thien/Documents/IE_ROS/Project_6/build/fun_numbers/CMakeFiles/CMakeOutput.log".
[3.623s] Invoked command in '/home/thien/Documents/IE_ROS/Project_6/build/fun_numbers' returned '1': AMENT_PREFIX_PATH=/home/thien/Documents/IE_ROS/Project_6/install/number_actions:${AMENT_PREFIX_PATH} CMAKE_PREFIX_PATH=/home/thien/Documents/IE_ROS/Project_6/install/number_actions:/opt/ros/humble LD_LIBRARY_PATH=/home/thien/Documents/IE_ROS/Project_6/install/number_actions/lib:${LD_LIBRARY_PATH} /usr/bin/cmake /home/thien/Documents/IE_ROS/Project_6/src/fun_numbers -DCMAKE_INSTALL_PREFIX=/home/thien/Documents/IE_ROS/Project_6/install/fun_numbers
